6.5927 	INFO 	FRAME RATE: 60
6.5928 	INFO 	SCREEN RES: [1920, 1080]
6.6094 	EXP 	Created unnamed TextStim = TextStim(__class__=<class 'psychopy.visual.text.TextStim'>, alignHoriz=method-wrapper(...), alignText='center', alignVert=method-wrapper(...), anchorHoriz='center', anchorVert='center', antialias=True, autoLog=True, bold=False, color='grey', colorSpace='named', contrast=1.0, depth=0, flipHoriz=False, flipVert=False, font='', fontFiles=[], height=40, italic=False, languageStyle='LTR', name='unnamed TextStim', opacity=1.0, ori=0.0, pos=array([0., 0.]), rgb=array([128., 128., 128.]), text='Poprawna odpowiedź', units='pix', win=Window(...), wrapWidth=500)
6.6167 	EXP 	Created unnamed TextStim = TextStim(__class__=<class 'psychopy.visual.text.TextStim'>, alignHoriz=method-wrapper(...), alignText='center', alignVert=method-wrapper(...), anchorHoriz='center', anchorVert='center', antialias=True, autoLog=True, bold=False, color='grey', colorSpace='named', contrast=1.0, depth=0, flipHoriz=False, flipVert=False, font='', fontFiles=[], height=40, italic=False, languageStyle='LTR', name='unnamed TextStim', opacity=1.0, ori=0.0, pos=array([0., 0.]), rgb=array([128., 128., 128.]), text='Niepoprawna odpowiedź', units='pix', win=Window(...), wrapWidth=500)
6.6268 	EXP 	Created unnamed TextStim = TextStim(__class__=<class 'psychopy.visual.text.TextStim'>, alignHoriz=method-wrapper(...), alignText='center', alignVert=method-wrapper(...), anchorHoriz='center', anchorVert='center', antialias=True, autoLog=True, bold=False, color='grey', colorSpace='named', contrast=1.0, depth=0, flipHoriz=False, flipVert=False, font='', fontFiles=[], height=40, italic=False, languageStyle='LTR', name='unnamed TextStim', opacity=1.0, ori=0.0, pos=array([0., 0.]), rgb=array([128., 128., 128.]), text='Nie udzieliłeś odpowiedzi', units='pix', win=Window(...), wrapWidth=500)
6.6493 	EXP 	Created unnamed TextStim = TextStim(__class__=<class 'psychopy.visual.text.TextStim'>, alignHoriz=method-wrapper(...), alignText='center', alignVert=method-wrapper(...), anchorHoriz='center', anchorVert='center', antialias=True, autoLog=True, bold=False, color='grey', colorSpace='named', contrast=1.0, depth=0, flipHoriz=False, flipVert=False, font='', fontFiles=[], height=20, italic=False, languageStyle='LTR', name='unnamed TextStim', opacity=1.0, ori=0.0, pos=array([0., 0.]), rgb=array([128., 128., 128.]), text='Poczekaj na przyjście badacza. ', units='pix', win=Window(...), wrapWidth=1920)
7.8703 	DATA 	Keypress: space
7.9000 	EXP 	Created unnamed TextStim = TextStim(__class__=<class 'psychopy.visual.text.TextStim'>, alignHoriz=method-wrapper(...), alignText='center', alignVert=method-wrapper(...), anchorHoriz='center', anchorVert='center', antialias=True, autoLog=True, bold=False, color='grey', colorSpace='named', contrast=1.0, depth=0, flipHoriz=False, flipVert=False, font='', fontFiles=[], height=20, italic=False, languageStyle='LTR', name='unnamed TextStim', opacity=1.0, ori=0.0, pos=array([0., 0.]), rgb=array([128., 128., 128.]), text=str(...), units='pix', win=Window(...), wrapWidth=500)
8.5018 	DATA 	Keypress: escape
8.5024 	ERROR 	If you setColor with a numeric color value then you need to specify a color space, e.g. setColor([1,1,-1],'rgb'), unless you used a numeric value previously in which case PsychoPy will reuse that color space.)
8.5025 	EXP 	window1: color = (-1, -1, -1)
8.5298 	EXP 	unnamed TextStim: autoDraw = False
8.5298 	EXP 	unnamed TextStim: autoDraw = False
8.8698 	DATA 	Keypress: escape
8.8701 	EXP 	window1: units = 'pix'
8.8703 	ERROR 	If you setColor with a numeric color value then you need to specify a color space, e.g. setColor([1,1,-1],'rgb'), unless you used a numeric value previously in which case PsychoPy will reuse that color space.)
8.8704 	EXP 	window1: color = (-1, -1, -1)
8.8964 	EXP 	unnamed TextStim: autoDraw = True
8.8964 	EXP 	unnamed TextStim: autoDraw = False
8.8964 	EXP 	unnamed TextStim: autoDraw = False
8.9591 	EXP 	Created unnamed ImageStim = ImageStim(__class__=<class 'psychopy.visual.image.ImageStim'>, autoLog=True, color=array([1., 1., 1.]), colorSpace='rgb', contrast=1.0, depth=0, flipHoriz=False, flipVert=False, image='./stims/SQUARES_LEFT.bmp', interpolate=False, mask=None, maskParams=None, name='unnamed ImageStim', opacity=1.0, ori=0.0, pos=array([0., 0.]), size=array([960, 720]), texRes=128, units='pix', win=Window(...))
9.0236 	EXP 	Created unnamed ImageStim = ImageStim(__class__=<class 'psychopy.visual.image.ImageStim'>, autoLog=True, color=array([1., 1., 1.]), colorSpace='rgb', contrast=1.0, depth=0, flipHoriz=False, flipVert=False, image='./stims/SQUARES_RIGHT.bmp', interpolate=False, mask=None, maskParams=None, name='unnamed ImageStim', opacity=1.0, ori=0.0, pos=array([0., 0.]), size=array([960, 720]), texRes=128, units='pix', win=Window(...))
9.0651 	EXP 	Created unnamed ImageStim = ImageStim(__class__=<class 'psychopy.visual.image.ImageStim'>, autoLog=True, color=array([1., 1., 1.]), colorSpace='rgb', contrast=1.0, depth=0, flipHoriz=False, flipVert=False, image='./stims/SQUARES_MASK.bmp', interpolate=False, mask=None, maskParams=None, name='unnamed ImageStim', opacity=1.0, ori=0.0, pos=array([0., 0.]), size=array([960, 720]), texRes=128, units='pix', win=Window(...))
9.0918 	EXP 	Created unnamed ImageStim = ImageStim(__class__=<class 'psychopy.visual.image.ImageStim'>, autoLog=True, color=array([1., 1., 1.]), colorSpace='rgb', contrast=1.0, depth=0, flipHoriz=False, flipVert=False, image='./stims/PRE_STIMULI.bmp', interpolate=False, mask=None, maskParams=None, name='unnamed ImageStim', opacity=1.0, ori=0.0, pos=array([0., 0.]), size=array([960, 720]), texRes=128, units='pix', win=Window(...))
9.1043 	EXP 	Created unnamed TextStim = TextStim(__class__=<class 'psychopy.visual.text.TextStim'>, alignHoriz=method-wrapper(...), alignText='center', alignVert=method-wrapper(...), anchorHoriz='center', anchorVert='center', antialias=True, autoLog=True, bold=False, color='grey', colorSpace='named', contrast=1.0, depth=0, flipHoriz=False, flipVert=False, font='', fontFiles=[], height=30, italic=False, languageStyle='LTR', name='unnamed TextStim', opacity=1.0, ori=0.0, pos=array([   0., -200.]), rgb=array([128., 128., 128.]), text='←       →', units='pix', win=Window(...), wrapWidth=500)
9.1169 	EXP 	Created unnamed TextStim = TextStim(__class__=<class 'psychopy.visual.text.TextStim'>, alignHoriz=method-wrapper(...), alignText='center', alignVert=method-wrapper(...), anchorHoriz='center', anchorVert='center', antialias=True, autoLog=True, bold=False, color='grey', colorSpace='named', contrast=1.0, depth=0, flipHoriz=False, flipVert=False, font='', fontFiles=[], height=20, italic=False, languageStyle='LTR', name='unnamed TextStim', opacity=1.0, ori=0.0, pos=array([   0., -180.]), rgb=array([128., 128., 128.]), text='Gdzie pojawił się OBROCONY kwadrat?', units='pix', win=Window(...), wrapWidth=500)
9.2359 	EXP 	Created unnamed TextStim = TextStim(__class__=<class 'psychopy.visual.text.TextStim'>, alignHoriz=method-wrapper(...), alignText='center', alignVert=method-wrapper(...), anchorHoriz='center', anchorVert='center', antialias=True, autoLog=True, bold=False, color='grey', colorSpace='named', contrast=1.0, depth=0, flipHoriz=False, flipVert=False, font='', fontFiles=[], height=20, italic=False, languageStyle='LTR', name='unnamed TextStim', opacity=1.0, ori=0.0, pos=array([0., 0.]), rgb=array([128., 128., 128.]), text=str(...), units='pix', win=Window(...), wrapWidth=1920)
10.2779 	DATA 	Keypress: space
10.3972 	ERROR 	If you setColor with a numeric color value then you need to specify a color space, e.g. setColor([1,1,-1],'rgb'), unless you used a numeric value previously in which case PsychoPy will reuse that color space.)
10.3973 	EXP 	window1: color = (-1, -1, -1)
10.4132 	EXP 	unnamed TextStim: autoDraw = False
10.4132 	EXP 	unnamed TextStim: autoDraw = False
10.4135 	ERROR 	If you setColor with a numeric color value then you need to specify a color space, e.g. setColor([1,1,-1],'rgb'), unless you used a numeric value previously in which case PsychoPy will reuse that color space.)
10.4136 	EXP 	window1: color = (-1, -1, -1)
10.4432 	EXP 	unnamed TextStim: autoDraw = True
10.4432 	EXP 	unnamed TextStim: autoDraw = False
10.4432 	EXP 	unnamed TextStim: autoDraw = False
10.4526 	EXP 	Created unnamed Circle = Circle(__class__=<class 'psychopy.visual.circle.Circle'>, autoDraw=False, autoLog=True, closeShape=True, color=method-wrapper(...), colorSpace=None, contrast=1.0, depth=0, fillColor=array([-1., -1., -1.]), fillColorSpace='rgb', fillRGB=array([-1., -1., -1.]), interpolate=True, lineColor=array([1., 1., 1.]), lineColorSpace='rgb', lineRGB=array([1., 1., 1.]), lineWidth=16.0, name='unnamed Circle', opacity=1.0, ori=array(0.), pos=array([0., 0.]), size=array([1., 1.]), units='pix', vertices=ndarray(...), win=Window(...))
10.4825 	EXP 	unnamed Circle: pos = (0.0, 540.0)
10.4836 	EXP 	Sound  started
10.5832 	ERROR 	If you setColor with a numeric color value then you need to specify a color space, e.g. setColor([1,1,-1],'rgb'), unless you used a numeric value previously in which case PsychoPy will reuse that color space.)
10.5834 	EXP 	window1: color = (-1, -1, -1)
10.5965 	EXP 	unnamed TextStim: autoDraw = False
10.5965 	EXP 	unnamed TextStim: autoDraw = False
10.6269 	EXP 	window1: units = 'pix'
10.6273 	ERROR 	If you setColor with a numeric color value then you need to specify a color space, e.g. setColor([1,1,-1],'rgb'), unless you used a numeric value previously in which case PsychoPy will reuse that color space.)
10.6274 	EXP 	window1: color = (-1, -1, -1)
10.6659 	EXP 	unnamed TextStim: autoDraw = False
10.6659 	EXP 	unnamed TextStim: autoDraw = False
10.6662 	ERROR 	If you setColor with a numeric color value then you need to specify a color space, e.g. setColor([1,1,-1],'rgb'), unless you used a numeric value previously in which case PsychoPy will reuse that color space.)
10.6663 	EXP 	window1: color = (-1, -1, -1)
10.6991 	EXP 	unnamed TextStim: autoDraw = False
10.6991 	EXP 	unnamed TextStim: autoDraw = False
11.3099 	DATA 	Keypress: escape
11.3102 	EXP 	window1: units = 'pix'
11.3104 	ERROR 	If you setColor with a numeric color value then you need to specify a color space, e.g. setColor([1,1,-1],'rgb'), unless you used a numeric value previously in which case PsychoPy will reuse that color space.)
11.3105 	EXP 	window1: color = (-1, -1, -1)
11.3299 	EXP 	unnamed TextStim: autoDraw = True
11.3299 	EXP 	unnamed TextStim: autoDraw = False
11.3299 	EXP 	unnamed TextStim: autoDraw = False
21.8839 	DATA 	Keypress: right
21.9871 	EXP 	Created unnamed RatingScale = RatingScale(__class__=type(...), acceptKeys=['return'], acceptPreText=UNKNOWN, acceptSize=UNKNOWN, acceptText='accept?', autoLog=True, choices=['Żadna', 'Mała', 'Duża', 'Całkowita'], depth=0, disappear=False, flipVert=False, high=3, kwargs=UNKNOWN, labels=list(...), leftKeys=['left'], lineColor='White', low=0, marker=ShapeStim(...), markerColor='DarkBlue', markerExpansion=UNKNOWN, markerStart=2.0, maxTime=0.0, minTime=0.4, mouseOnly=False, name='unnamed RatingScale', noMouse=True, pos=[0.0, -0.4], precision=1, respKeys=['0', '1', '2', '3'], rightKeys=['right'], scale=str(...), self=UNKNOWN, showAccept=True, showValue=True, singleClick=False, size=0.48, skipKeys=['tab'], stretch=1.4, textColor='LightGray', textFont='Helvetica Bold', textSize=0.096, tickHeight=1.0, tickMarks=3.0, win=Window(...))
22.0138 	EXP 	unnamed RatingScale: flipVert = False
22.0138 	EXP 	unnamed RatingScale: autoLog = True
24.5548 	DATA 	Keypress: return
24.5551 	DATA 	Keypress: backslash
24.5552 	DATA 	RatingScale unnamed RatingScale: (key response) rating=Duża
24.5553 	DATA 	RatingScale unnamed RatingScale: rating RT=2.568
24.5553 	DATA 	RatingScale unnamed RatingScale: history=[('Duża', 0.0), ('Duża', 2.568)]
27.8342 	ERROR 	If you setColor with a numeric color value then you need to specify a color space, e.g. setColor([1,1,-1],'rgb'), unless you used a numeric value previously in which case PsychoPy will reuse that color space.)
27.8343 	EXP 	window1: color = (-1, -1, -1)
27.8475 	EXP 	unnamed TextStim: autoDraw = False
27.8475 	EXP 	unnamed TextStim: autoDraw = False
27.8478 	ERROR 	If you setColor with a numeric color value then you need to specify a color space, e.g. setColor([1,1,-1],'rgb'), unless you used a numeric value previously in which case PsychoPy will reuse that color space.)
27.8479 	EXP 	window1: color = (-1, -1, -1)
27.8768 	EXP 	unnamed TextStim: autoDraw = True
27.8768 	EXP 	unnamed TextStim: autoDraw = False
27.8768 	EXP 	unnamed TextStim: autoDraw = False
27.8849 	EXP 	Created unnamed Circle = Circle(__class__=<class 'psychopy.visual.circle.Circle'>, autoDraw=False, autoLog=True, closeShape=True, color=method-wrapper(...), colorSpace=None, contrast=1.0, depth=0, fillColor=array([-1., -1., -1.]), fillColorSpace='rgb', fillRGB=array([-1., -1., -1.]), interpolate=True, lineColor=array([1., 1., 1.]), lineColorSpace='rgb', lineRGB=array([1., 1., 1.]), lineWidth=16.0, name='unnamed Circle', opacity=1.0, ori=array(0.), pos=array([0., 0.]), size=array([1., 1.]), units='pix', vertices=ndarray(...), win=Window(...))
27.9168 	EXP 	unnamed Circle: pos = (0.0, 540.0)
27.9180 	EXP 	Sound  started
28.0181 	ERROR 	If you setColor with a numeric color value then you need to specify a color space, e.g. setColor([1,1,-1],'rgb'), unless you used a numeric value previously in which case PsychoPy will reuse that color space.)
28.0182 	EXP 	window1: color = (-1, -1, -1)
28.0308 	EXP 	unnamed TextStim: autoDraw = False
28.0308 	EXP 	unnamed TextStim: autoDraw = False
28.0599 	EXP 	window1: units = 'pix'
28.0601 	ERROR 	If you setColor with a numeric color value then you need to specify a color space, e.g. setColor([1,1,-1],'rgb'), unless you used a numeric value previously in which case PsychoPy will reuse that color space.)
28.0602 	EXP 	window1: color = (-1, -1, -1)
28.1001 	EXP 	unnamed TextStim: autoDraw = False
28.1001 	EXP 	unnamed TextStim: autoDraw = False
28.1004 	ERROR 	If you setColor with a numeric color value then you need to specify a color space, e.g. setColor([1,1,-1],'rgb'), unless you used a numeric value previously in which case PsychoPy will reuse that color space.)
28.1005 	EXP 	window1: color = (-1, -1, -1)
28.1335 	EXP 	unnamed TextStim: autoDraw = False
28.1335 	EXP 	unnamed TextStim: autoDraw = False
30.0778 	DATA 	Keypress: escape
30.0781 	EXP 	window1: units = 'pix'
30.0784 	ERROR 	If you setColor with a numeric color value then you need to specify a color space, e.g. setColor([1,1,-1],'rgb'), unless you used a numeric value previously in which case PsychoPy will reuse that color space.)
30.0785 	EXP 	window1: color = (-1, -1, -1)
30.0976 	EXP 	unnamed TextStim: autoDraw = True
30.0976 	EXP 	unnamed TextStim: autoDraw = False
30.0976 	EXP 	unnamed TextStim: autoDraw = False
41.7064 	EXP 	Created unnamed RatingScale = RatingScale(__class__=type(...), acceptKeys=['return'], acceptPreText=UNKNOWN, acceptSize=UNKNOWN, acceptText='accept?', autoLog=True, choices=['Żadna', 'Mała', 'Duża', 'Całkowita'], depth=0, disappear=False, flipVert=False, high=3, kwargs=UNKNOWN, labels=list(...), leftKeys=['left'], lineColor='White', low=0, marker=ShapeStim(...), markerColor='DarkBlue', markerExpansion=UNKNOWN, markerStart=2.0, maxTime=0.0, minTime=0.4, mouseOnly=False, name='unnamed RatingScale', noMouse=True, pos=[0.0, -0.4], precision=1, respKeys=['0', '1', '2', '3'], rightKeys=['right'], scale=str(...), self=UNKNOWN, showAccept=True, showValue=True, singleClick=False, size=0.48, skipKeys=['tab'], stretch=1.4, textColor='LightGray', textFont='Helvetica Bold', textSize=0.096, tickHeight=1.0, tickMarks=3.0, win=Window(...))
41.7316 	EXP 	unnamed RatingScale: flipVert = False
41.7316 	EXP 	unnamed RatingScale: autoLog = True
43.6369 	DATA 	Keypress: return
43.6371 	DATA 	Keypress: rshift
43.6375 	DATA 	RatingScale unnamed RatingScale: (key response) rating=Duża
43.6375 	DATA 	RatingScale unnamed RatingScale: rating RT=1.931
43.6376 	DATA 	RatingScale unnamed RatingScale: history=[('Duża', 0.0), ('Duża', 1.931)]
46.3681 	ERROR 	If you setColor with a numeric color value then you need to specify a color space, e.g. setColor([1,1,-1],'rgb'), unless you used a numeric value previously in which case PsychoPy will reuse that color space.)
46.3682 	EXP 	window1: color = (-1, -1, -1)
46.3819 	EXP 	unnamed TextStim: autoDraw = False
46.3819 	EXP 	unnamed TextStim: autoDraw = False
46.3821 	ERROR 	If you setColor with a numeric color value then you need to specify a color space, e.g. setColor([1,1,-1],'rgb'), unless you used a numeric value previously in which case PsychoPy will reuse that color space.)
46.3822 	EXP 	window1: color = (-1, -1, -1)
46.4110 	EXP 	unnamed TextStim: autoDraw = True
46.4110 	EXP 	unnamed TextStim: autoDraw = False
46.4110 	EXP 	unnamed TextStim: autoDraw = False
46.4190 	EXP 	Created unnamed Circle = Circle(__class__=<class 'psychopy.visual.circle.Circle'>, autoDraw=False, autoLog=True, closeShape=True, color=method-wrapper(...), colorSpace=None, contrast=1.0, depth=0, fillColor=array([-1., -1., -1.]), fillColorSpace='rgb', fillRGB=array([-1., -1., -1.]), interpolate=True, lineColor=array([1., 1., 1.]), lineColorSpace='rgb', lineRGB=array([1., 1., 1.]), lineWidth=16.0, name='unnamed Circle', opacity=1.0, ori=array(0.), pos=array([0., 0.]), size=array([1., 1.]), units='pix', vertices=ndarray(...), win=Window(...))
46.4512 	EXP 	unnamed Circle: pos = (0.0, 540.0)
46.4523 	EXP 	Sound  started
46.5520 	ERROR 	If you setColor with a numeric color value then you need to specify a color space, e.g. setColor([1,1,-1],'rgb'), unless you used a numeric value previously in which case PsychoPy will reuse that color space.)
46.5521 	EXP 	window1: color = (-1, -1, -1)
46.5653 	EXP 	unnamed TextStim: autoDraw = False
46.5653 	EXP 	unnamed TextStim: autoDraw = False
46.5942 	EXP 	window1: units = 'pix'
46.5944 	ERROR 	If you setColor with a numeric color value then you need to specify a color space, e.g. setColor([1,1,-1],'rgb'), unless you used a numeric value previously in which case PsychoPy will reuse that color space.)
46.5945 	EXP 	window1: color = (-1, -1, -1)
46.6345 	EXP 	unnamed TextStim: autoDraw = False
46.6345 	EXP 	unnamed TextStim: autoDraw = False
46.6349 	ERROR 	If you setColor with a numeric color value then you need to specify a color space, e.g. setColor([1,1,-1],'rgb'), unless you used a numeric value previously in which case PsychoPy will reuse that color space.)
46.6349 	EXP 	window1: color = (-1, -1, -1)
46.6679 	EXP 	unnamed TextStim: autoDraw = False
46.6679 	EXP 	unnamed TextStim: autoDraw = False
49.5817 	DATA 	Keypress: escape
49.5820 	EXP 	window1: units = 'pix'
49.5823 	ERROR 	If you setColor with a numeric color value then you need to specify a color space, e.g. setColor([1,1,-1],'rgb'), unless you used a numeric value previously in which case PsychoPy will reuse that color space.)
49.5824 	EXP 	window1: color = (-1, -1, -1)
49.6052 	EXP 	unnamed TextStim: autoDraw = True
49.6052 	EXP 	unnamed TextStim: autoDraw = False
49.6052 	EXP 	unnamed TextStim: autoDraw = False
59.1527 	DATA 	Keypress: right
59.2238 	EXP 	Created unnamed RatingScale = RatingScale(__class__=type(...), acceptKeys=['return'], acceptPreText=UNKNOWN, acceptSize=UNKNOWN, acceptText='accept?', autoLog=True, choices=['Żadna', 'Mała', 'Duża', 'Całkowita'], depth=0, disappear=False, flipVert=False, high=3, kwargs=UNKNOWN, labels=list(...), leftKeys=['left'], lineColor='White', low=0, marker=ShapeStim(...), markerColor='DarkBlue', markerExpansion=UNKNOWN, markerStart=2.0, maxTime=0.0, minTime=0.4, mouseOnly=False, name='unnamed RatingScale', noMouse=True, pos=[0.0, -0.4], precision=1, respKeys=['0', '1', '2', '3'], rightKeys=['right'], scale=str(...), self=UNKNOWN, showAccept=True, showValue=True, singleClick=False, size=0.48, skipKeys=['tab'], stretch=1.4, textColor='LightGray', textFont='Helvetica Bold', textSize=0.096, tickHeight=1.0, tickMarks=3.0, win=Window(...))
59.2493 	EXP 	unnamed RatingScale: flipVert = False
59.2493 	EXP 	unnamed RatingScale: autoLog = True
60.0209 	DATA 	Keypress: return
60.0211 	DATA 	RatingScale unnamed RatingScale: (key response) rating=Duża
60.0212 	DATA 	RatingScale unnamed RatingScale: rating RT=0.797
60.0212 	DATA 	RatingScale unnamed RatingScale: history=[('Duża', 0.0), ('Duża', 0.797)]
62.9191 	ERROR 	If you setColor with a numeric color value then you need to specify a color space, e.g. setColor([1,1,-1],'rgb'), unless you used a numeric value previously in which case PsychoPy will reuse that color space.)
62.9192 	EXP 	window1: color = (-1, -1, -1)
62.9328 	EXP 	unnamed TextStim: autoDraw = False
62.9328 	EXP 	unnamed TextStim: autoDraw = False
62.9331 	ERROR 	If you setColor with a numeric color value then you need to specify a color space, e.g. setColor([1,1,-1],'rgb'), unless you used a numeric value previously in which case PsychoPy will reuse that color space.)
62.9332 	EXP 	window1: color = (-1, -1, -1)
62.9613 	EXP 	unnamed TextStim: autoDraw = True
62.9613 	EXP 	unnamed TextStim: autoDraw = False
62.9613 	EXP 	unnamed TextStim: autoDraw = False
62.9694 	EXP 	Created unnamed Circle = Circle(__class__=<class 'psychopy.visual.circle.Circle'>, autoDraw=False, autoLog=True, closeShape=True, color=method-wrapper(...), colorSpace=None, contrast=1.0, depth=0, fillColor=array([-1., -1., -1.]), fillColorSpace='rgb', fillRGB=array([-1., -1., -1.]), interpolate=True, lineColor=array([1., 1., 1.]), lineColorSpace='rgb', lineRGB=array([1., 1., 1.]), lineWidth=16.0, name='unnamed Circle', opacity=1.0, ori=array(0.), pos=array([0., 0.]), size=array([1., 1.]), units='pix', vertices=ndarray(...), win=Window(...))
63.0021 	EXP 	unnamed Circle: pos = (0.0, 540.0)
63.0028 	EXP 	Sound  started
63.1030 	ERROR 	If you setColor with a numeric color value then you need to specify a color space, e.g. setColor([1,1,-1],'rgb'), unless you used a numeric value previously in which case PsychoPy will reuse that color space.)
63.1031 	EXP 	window1: color = (-1, -1, -1)
63.1162 	EXP 	unnamed TextStim: autoDraw = False
63.1162 	EXP 	unnamed TextStim: autoDraw = False
63.1441 	EXP 	window1: units = 'pix'
63.1443 	ERROR 	If you setColor with a numeric color value then you need to specify a color space, e.g. setColor([1,1,-1],'rgb'), unless you used a numeric value previously in which case PsychoPy will reuse that color space.)
63.1444 	EXP 	window1: color = (-1, -1, -1)
63.1855 	EXP 	unnamed TextStim: autoDraw = False
63.1855 	EXP 	unnamed TextStim: autoDraw = False
63.1857 	ERROR 	If you setColor with a numeric color value then you need to specify a color space, e.g. setColor([1,1,-1],'rgb'), unless you used a numeric value previously in which case PsychoPy will reuse that color space.)
63.1858 	EXP 	window1: color = (-1, -1, -1)
63.2188 	EXP 	unnamed TextStim: autoDraw = False
63.2188 	EXP 	unnamed TextStim: autoDraw = False
65.6056 	DATA 	Keypress: escape
65.6058 	EXP 	window1: units = 'pix'
65.6062 	ERROR 	If you setColor with a numeric color value then you need to specify a color space, e.g. setColor([1,1,-1],'rgb'), unless you used a numeric value previously in which case PsychoPy will reuse that color space.)
65.6063 	EXP 	window1: color = (-1, -1, -1)
65.6163 	EXP 	unnamed TextStim: autoDraw = True
65.6163 	EXP 	unnamed TextStim: autoDraw = False
65.6163 	EXP 	unnamed TextStim: autoDraw = False
67.8194 	DATA 	Keypress: f7
67.8196 	CRITICAL 	Experiment finished by user! f7 pressed.
67.8695 	EXP 	window1: mouseVisible = True
