14.4978 	INFO 	FRAME RATE: 60
14.4979 	INFO 	SCREEN RES: [1920, 1080]
14.5609 	EXP 	Created unnamed TextStim = TextStim(__class__=<class 'psychopy.visual.text.TextStim'>, alignHoriz=method-wrapper(...), alignText='center', alignVert=method-wrapper(...), anchorHoriz='center', anchorVert='center', antialias=True, autoLog=True, bold=False, color=array([0.00392157, 0.00392157, 0.00392157]), colorSpace='rgb', contrast=1.0, depth=0, flipHoriz=False, flipVert=False, font='', fontFiles=[], height=40, italic=False, languageStyle='LTR', name='unnamed TextStim', opacity=1.0, ori=0.0, pos=array([0., 0.]), rgb=UNKNOWN, text='Poprawna odpowiedź', units='pix', win=Window(...), wrapWidth=500)
14.5649 	EXP 	Created unnamed TextStim = TextStim(__class__=<class 'psychopy.visual.text.TextStim'>, alignHoriz=method-wrapper(...), alignText='center', alignVert=method-wrapper(...), anchorHoriz='center', anchorVert='center', antialias=True, autoLog=True, bold=False, color=array([0.00392157, 0.00392157, 0.00392157]), colorSpace='rgb', contrast=1.0, depth=0, flipHoriz=False, flipVert=False, font='', fontFiles=[], height=40, italic=False, languageStyle='LTR', name='unnamed TextStim', opacity=1.0, ori=0.0, pos=array([0., 0.]), rgb=UNKNOWN, text='Niepoprawna odpowiedź', units='pix', win=Window(...), wrapWidth=500)
14.5708 	EXP 	Created unnamed TextStim = TextStim(__class__=<class 'psychopy.visual.text.TextStim'>, alignHoriz=method-wrapper(...), alignText='center', alignVert=method-wrapper(...), anchorHoriz='center', anchorVert='center', antialias=True, autoLog=True, bold=False, color=array([0.00392157, 0.00392157, 0.00392157]), colorSpace='rgb', contrast=1.0, depth=0, flipHoriz=False, flipVert=False, font='', fontFiles=[], height=40, italic=False, languageStyle='LTR', name='unnamed TextStim', opacity=1.0, ori=0.0, pos=array([0., 0.]), rgb=UNKNOWN, text='Nie udzieliłeś odpowiedzi', units='pix', win=Window(...), wrapWidth=500)
14.5815 	EXP 	Created unnamed TextStim = TextStim(__class__=<class 'psychopy.visual.text.TextStim'>, alignHoriz=method-wrapper(...), alignText='center', alignVert=method-wrapper(...), anchorHoriz='center', anchorVert='center', antialias=True, autoLog=True, bold=False, color=array([0.00392157, 0.00392157, 0.00392157]), colorSpace='rgb', contrast=1.0, depth=0, flipHoriz=False, flipVert=False, font='', fontFiles=[], height=20, italic=False, languageStyle='LTR', name='unnamed TextStim', opacity=1.0, ori=0.0, pos=array([0., 0.]), rgb=UNKNOWN, text='Poczekaj na przyjście badacza. ', units='pix', win=Window(...), wrapWidth=1920)
39.7220 	DATA 	Keypress: space
39.8037 	EXP 	Created unnamed ImageStim = ImageStim(__class__=<class 'psychopy.visual.image.ImageStim'>, autoLog=True, color=array([1., 1., 1.]), colorSpace='rgb', contrast=1.0, depth=0, flipHoriz=False, flipVert=False, image='./stims/SQUARES_LEFT.bmp', interpolate=False, mask=None, maskParams=None, name='unnamed ImageStim', opacity=1, ori=0.0, pos=array([0., 0.]), size=array([960, 720]), texRes=128, units='pix', win=Window(...))
39.8532 	EXP 	Created unnamed ImageStim = ImageStim(__class__=<class 'psychopy.visual.image.ImageStim'>, autoLog=True, color=array([1., 1., 1.]), colorSpace='rgb', contrast=1.0, depth=0, flipHoriz=False, flipVert=False, image='./stims/SQUARES_RIGHT.bmp', interpolate=False, mask=None, maskParams=None, name='unnamed ImageStim', opacity=1, ori=0.0, pos=array([0., 0.]), size=array([960, 720]), texRes=128, units='pix', win=Window(...))
39.9007 	EXP 	Created unnamed ImageStim = ImageStim(__class__=<class 'psychopy.visual.image.ImageStim'>, autoLog=True, color=array([1., 1., 1.]), colorSpace='rgb', contrast=1.0, depth=0, flipHoriz=False, flipVert=False, image='./stims/SQUARES_MASK.bmp', interpolate=False, mask=None, maskParams=None, name='unnamed ImageStim', opacity=1, ori=0.0, pos=array([0., 0.]), size=array([960, 720]), texRes=128, units='pix', win=Window(...))
39.9255 	EXP 	Created unnamed ImageStim = ImageStim(__class__=<class 'psychopy.visual.image.ImageStim'>, autoLog=True, color=array([1., 1., 1.]), colorSpace='rgb', contrast=1.0, depth=0, flipHoriz=False, flipVert=False, image='./stims/PRE_STIMULI.bmp', interpolate=False, mask=None, maskParams=None, name='unnamed ImageStim', opacity=1, ori=0.0, pos=array([0., 0.]), size=array([960, 720]), texRes=128, units='pix', win=Window(...))
39.9324 	EXP 	Created unnamed TextStim = TextStim(__class__=<class 'psychopy.visual.text.TextStim'>, alignHoriz=method-wrapper(...), alignText='center', alignVert=method-wrapper(...), anchorHoriz='center', anchorVert='center', antialias=True, autoLog=True, bold=False, color=array([0.00392157, 0.00392157, 0.00392157]), colorSpace='rgb', contrast=1.0, depth=0, flipHoriz=False, flipVert=False, font='', fontFiles=[], height=30, italic=False, languageStyle='LTR', name='unnamed TextStim', opacity=1.0, ori=0.0, pos=array([   0., -200.]), rgb=UNKNOWN, text='←       →', units='pix', win=Window(...), wrapWidth=500)
39.9476 	EXP 	Created unnamed TextStim = TextStim(__class__=<class 'psychopy.visual.text.TextStim'>, alignHoriz=method-wrapper(...), alignText='center', alignVert=method-wrapper(...), anchorHoriz='center', anchorVert='center', antialias=True, autoLog=True, bold=False, color=array([0.00392157, 0.00392157, 0.00392157]), colorSpace='rgb', contrast=1.0, depth=0, flipHoriz=False, flipVert=False, font='', fontFiles=[], height=20, italic=False, languageStyle='LTR', name='unnamed TextStim', opacity=1.0, ori=0.0, pos=array([   0., -180.]), rgb=UNKNOWN, text='Gdzie pojawił się OBROCONY kwadrat?', units='pix', win=Window(...), wrapWidth=500)
40.0093 	EXP 	Created unnamed TextStim = TextStim(__class__=<class 'psychopy.visual.text.TextStim'>, alignHoriz=method-wrapper(...), alignText='center', alignVert=method-wrapper(...), anchorHoriz='center', anchorVert='center', antialias=True, autoLog=True, bold=False, color=array([0.00392157, 0.00392157, 0.00392157]), colorSpace='rgb', contrast=1.0, depth=0, flipHoriz=False, flipVert=False, font='', fontFiles=[], height=20, italic=False, languageStyle='LTR', name='unnamed TextStim', opacity=1.0, ori=0.0, pos=array([0., 0.]), rgb=UNKNOWN, text=str(...), units='pix', win=Window(...), wrapWidth=1920)
85.1305 	DATA 	Keypress: space
89.8631 	EXP 	window1: mouseVisible = False
89.9158 	EXP 	Created unnamed RatingScale = RatingScale(__class__=type(...), acceptKeys=['return'], acceptPreText=UNKNOWN, acceptSize=UNKNOWN, acceptText='accept?', autoLog=True, choices=['Żadna', 'Mała', 'Duża', 'Całkowita'], colorSpace=UNKNOWN, depth=0, disappear=False, flipVert=False, high=3, kwargs=UNKNOWN, labels=list(...), leftKeys=['left'], lineColor='White', low=0, marker=ShapeStim(...), markerColor='DarkBlue', markerExpansion=UNKNOWN, markerStart=2.0, maxTime=0.0, minTime=0.4, mouseOnly=False, name='unnamed RatingScale', noMouse=True, pos=[0.0, -0.4], precision=1, respKeys=['0', '1', '2', '3'], rightKeys=['right'], scale=str(...), self=UNKNOWN, showAccept=True, showValue=True, singleClick=False, size=0.48, skipKeys=['tab'], stretch=1.4, textColor='LightGray', textFont='Helvetica Bold', textSize=0.096, tickHeight=1.0, tickMarks=3.0, win=Window(...))
89.9436 	EXP 	unnamed RatingScale: flipVert = False
89.9436 	EXP 	unnamed RatingScale: autoLog = True
89.9891 	DATA 	Keypress: right
91.1378 	DATA 	Keypress: left
93.2213 	DATA 	Keypress: space
94.7726 	DATA 	Keypress: space
95.9353 	DATA 	Keypress: space
97.3216 	DATA 	Keypress: return
97.3217 	DATA 	RatingScale unnamed RatingScale: (key response) rating=Mała
97.3217 	DATA 	RatingScale unnamed RatingScale: rating RT=7.406
97.3217 	DATA 	RatingScale unnamed RatingScale: history=[('Duża', 0.0), ('Mała', 1.222), ('Mała', 7.406)]
102.0810 	DATA 	Keypress: right
102.1346 	EXP 	window1: mouseVisible = False
102.1709 	EXP 	Created unnamed RatingScale = RatingScale(__class__=type(...), acceptKeys=['return'], acceptPreText=UNKNOWN, acceptSize=UNKNOWN, acceptText='accept?', autoLog=True, choices=['Żadna', 'Mała', 'Duża', 'Całkowita'], colorSpace=UNKNOWN, depth=0, disappear=False, flipVert=False, high=3, kwargs=UNKNOWN, labels=list(...), leftKeys=['left'], lineColor='White', low=0, marker=ShapeStim(...), markerColor='DarkBlue', markerExpansion=UNKNOWN, markerStart=2.0, maxTime=0.0, minTime=0.4, mouseOnly=False, name='unnamed RatingScale', noMouse=True, pos=[0.0, -0.4], precision=1, respKeys=['0', '1', '2', '3'], rightKeys=['right'], scale=str(...), self=UNKNOWN, showAccept=True, showValue=True, singleClick=False, size=0.48, skipKeys=['tab'], stretch=1.4, textColor='LightGray', textFont='Helvetica Bold', textSize=0.096, tickHeight=1.0, tickMarks=3.0, win=Window(...))
102.1943 	EXP 	unnamed RatingScale: flipVert = False
102.1943 	EXP 	unnamed RatingScale: autoLog = True
103.6196 	DATA 	Keypress: space
104.6550 	DATA 	Keypress: return
104.6551 	DATA 	RatingScale unnamed RatingScale: (key response) rating=Duża
104.6551 	DATA 	RatingScale unnamed RatingScale: rating RT=2.484
104.6551 	DATA 	RatingScale unnamed RatingScale: history=[('Duża', 0.0), ('Duża', 2.484)]
108.9277 	DATA 	Keypress: right
108.9680 	EXP 	window1: mouseVisible = False
109.0059 	EXP 	Created unnamed RatingScale = RatingScale(__class__=type(...), acceptKeys=['return'], acceptPreText=UNKNOWN, acceptSize=UNKNOWN, acceptText='accept?', autoLog=True, choices=['Żadna', 'Mała', 'Duża', 'Całkowita'], colorSpace=UNKNOWN, depth=0, disappear=False, flipVert=False, high=3, kwargs=UNKNOWN, labels=list(...), leftKeys=['left'], lineColor='White', low=0, marker=ShapeStim(...), markerColor='DarkBlue', markerExpansion=UNKNOWN, markerStart=2.0, maxTime=0.0, minTime=0.4, mouseOnly=False, name='unnamed RatingScale', noMouse=True, pos=[0.0, -0.4], precision=1, respKeys=['0', '1', '2', '3'], rightKeys=['right'], scale=str(...), self=UNKNOWN, showAccept=True, showValue=True, singleClick=False, size=0.48, skipKeys=['tab'], stretch=1.4, textColor='LightGray', textFont='Helvetica Bold', textSize=0.096, tickHeight=1.0, tickMarks=3.0, win=Window(...))
109.0275 	EXP 	unnamed RatingScale: flipVert = False
109.0275 	EXP 	unnamed RatingScale: autoLog = True
110.1017 	DATA 	Keypress: return
110.1018 	DATA 	RatingScale unnamed RatingScale: (key response) rating=Duża
110.1018 	DATA 	RatingScale unnamed RatingScale: rating RT=1.096
110.1018 	DATA 	RatingScale unnamed RatingScale: history=[('Duża', 0.0), ('Duża', 1.096)]
114.1110 	DATA 	Keypress: left
114.1513 	EXP 	window1: mouseVisible = False
114.1895 	EXP 	Created unnamed RatingScale = RatingScale(__class__=type(...), acceptKeys=['return'], acceptPreText=UNKNOWN, acceptSize=UNKNOWN, acceptText='accept?', autoLog=True, choices=['Żadna', 'Mała', 'Duża', 'Całkowita'], colorSpace=UNKNOWN, depth=0, disappear=False, flipVert=False, high=3, kwargs=UNKNOWN, labels=list(...), leftKeys=['left'], lineColor='White', low=0, marker=ShapeStim(...), markerColor='DarkBlue', markerExpansion=UNKNOWN, markerStart=2.0, maxTime=0.0, minTime=0.4, mouseOnly=False, name='unnamed RatingScale', noMouse=True, pos=[0.0, -0.4], precision=1, respKeys=['0', '1', '2', '3'], rightKeys=['right'], scale=str(...), self=UNKNOWN, showAccept=True, showValue=True, singleClick=False, size=0.48, skipKeys=['tab'], stretch=1.4, textColor='LightGray', textFont='Helvetica Bold', textSize=0.096, tickHeight=1.0, tickMarks=3.0, win=Window(...))
114.2108 	EXP 	unnamed RatingScale: flipVert = False
114.2108 	EXP 	unnamed RatingScale: autoLog = True
114.9866 	DATA 	Keypress: return
114.9867 	DATA 	RatingScale unnamed RatingScale: (key response) rating=Duża
114.9867 	DATA 	RatingScale unnamed RatingScale: rating RT=0.797
114.9867 	DATA 	RatingScale unnamed RatingScale: history=[('Duża', 0.0), ('Duża', 0.797)]
119.1806 	DATA 	Keypress: right
119.2344 	EXP 	window1: mouseVisible = False
119.2706 	EXP 	Created unnamed RatingScale = RatingScale(__class__=type(...), acceptKeys=['return'], acceptPreText=UNKNOWN, acceptSize=UNKNOWN, acceptText='accept?', autoLog=True, choices=['Żadna', 'Mała', 'Duża', 'Całkowita'], colorSpace=UNKNOWN, depth=0, disappear=False, flipVert=False, high=3, kwargs=UNKNOWN, labels=list(...), leftKeys=['left'], lineColor='White', low=0, marker=ShapeStim(...), markerColor='DarkBlue', markerExpansion=UNKNOWN, markerStart=2.0, maxTime=0.0, minTime=0.4, mouseOnly=False, name='unnamed RatingScale', noMouse=True, pos=[0.0, -0.4], precision=1, respKeys=['0', '1', '2', '3'], rightKeys=['right'], scale=str(...), self=UNKNOWN, showAccept=True, showValue=True, singleClick=False, size=0.48, skipKeys=['tab'], stretch=1.4, textColor='LightGray', textFont='Helvetica Bold', textSize=0.096, tickHeight=1.0, tickMarks=3.0, win=Window(...))
119.2941 	EXP 	unnamed RatingScale: flipVert = False
119.2941 	EXP 	unnamed RatingScale: autoLog = True
119.9054 	DATA 	Keypress: return
119.9055 	DATA 	RatingScale unnamed RatingScale: (key response) rating=Duża
119.9055 	DATA 	RatingScale unnamed RatingScale: rating RT=0.635
119.9055 	DATA 	RatingScale unnamed RatingScale: history=[('Duża', 0.0), ('Duża', 0.635)]
124.2472 	DATA 	Keypress: right
124.3010 	EXP 	window1: mouseVisible = False
124.3382 	EXP 	Created unnamed RatingScale = RatingScale(__class__=type(...), acceptKeys=['return'], acceptPreText=UNKNOWN, acceptSize=UNKNOWN, acceptText='accept?', autoLog=True, choices=['Żadna', 'Mała', 'Duża', 'Całkowita'], colorSpace=UNKNOWN, depth=0, disappear=False, flipVert=False, high=3, kwargs=UNKNOWN, labels=list(...), leftKeys=['left'], lineColor='White', low=0, marker=ShapeStim(...), markerColor='DarkBlue', markerExpansion=UNKNOWN, markerStart=2.0, maxTime=0.0, minTime=0.4, mouseOnly=False, name='unnamed RatingScale', noMouse=True, pos=[0.0, -0.4], precision=1, respKeys=['0', '1', '2', '3'], rightKeys=['right'], scale=str(...), self=UNKNOWN, showAccept=True, showValue=True, singleClick=False, size=0.48, skipKeys=['tab'], stretch=1.4, textColor='LightGray', textFont='Helvetica Bold', textSize=0.096, tickHeight=1.0, tickMarks=3.0, win=Window(...))
124.3607 	EXP 	unnamed RatingScale: flipVert = False
124.3607 	EXP 	unnamed RatingScale: autoLog = True
124.9348 	DATA 	Keypress: return
124.9349 	DATA 	RatingScale unnamed RatingScale: (key response) rating=Duża
124.9349 	DATA 	RatingScale unnamed RatingScale: rating RT=0.597
124.9349 	DATA 	RatingScale unnamed RatingScale: history=[('Duża', 0.0), ('Duża', 0.597)]
130.4108 	DATA 	Keypress: right
130.4511 	EXP 	window1: mouseVisible = False
130.4879 	EXP 	Created unnamed RatingScale = RatingScale(__class__=type(...), acceptKeys=['return'], acceptPreText=UNKNOWN, acceptSize=UNKNOWN, acceptText='accept?', autoLog=True, choices=['Żadna', 'Mała', 'Duża', 'Całkowita'], colorSpace=UNKNOWN, depth=0, disappear=False, flipVert=False, high=3, kwargs=UNKNOWN, labels=list(...), leftKeys=['left'], lineColor='White', low=0, marker=ShapeStim(...), markerColor='DarkBlue', markerExpansion=UNKNOWN, markerStart=2.0, maxTime=0.0, minTime=0.4, mouseOnly=False, name='unnamed RatingScale', noMouse=True, pos=[0.0, -0.4], precision=1, respKeys=['0', '1', '2', '3'], rightKeys=['right'], scale=str(...), self=UNKNOWN, showAccept=True, showValue=True, singleClick=False, size=0.48, skipKeys=['tab'], stretch=1.4, textColor='LightGray', textFont='Helvetica Bold', textSize=0.096, tickHeight=1.0, tickMarks=3.0, win=Window(...))
130.5107 	EXP 	unnamed RatingScale: flipVert = False
130.5107 	EXP 	unnamed RatingScale: autoLog = True
131.0543 	DATA 	Keypress: return
131.0545 	DATA 	RatingScale unnamed RatingScale: (key response) rating=Duża
131.0545 	DATA 	RatingScale unnamed RatingScale: rating RT=0.567
131.0545 	DATA 	RatingScale unnamed RatingScale: history=[('Duża', 0.0), ('Duża', 0.566)]
134.5637 	DATA 	Keypress: left
134.6176 	EXP 	window1: mouseVisible = False
134.6566 	EXP 	Created unnamed RatingScale = RatingScale(__class__=type(...), acceptKeys=['return'], acceptPreText=UNKNOWN, acceptSize=UNKNOWN, acceptText='accept?', autoLog=True, choices=['Żadna', 'Mała', 'Duża', 'Całkowita'], colorSpace=UNKNOWN, depth=0, disappear=False, flipVert=False, high=3, kwargs=UNKNOWN, labels=list(...), leftKeys=['left'], lineColor='White', low=0, marker=ShapeStim(...), markerColor='DarkBlue', markerExpansion=UNKNOWN, markerStart=2.0, maxTime=0.0, minTime=0.4, mouseOnly=False, name='unnamed RatingScale', noMouse=True, pos=[0.0, -0.4], precision=1, respKeys=['0', '1', '2', '3'], rightKeys=['right'], scale=str(...), self=UNKNOWN, showAccept=True, showValue=True, singleClick=False, size=0.48, skipKeys=['tab'], stretch=1.4, textColor='LightGray', textFont='Helvetica Bold', textSize=0.096, tickHeight=1.0, tickMarks=3.0, win=Window(...))
134.6773 	EXP 	unnamed RatingScale: flipVert = False
134.6773 	EXP 	unnamed RatingScale: autoLog = True
135.2516 	DATA 	Keypress: return
135.2517 	DATA 	RatingScale unnamed RatingScale: (key response) rating=Duża
135.2517 	DATA 	RatingScale unnamed RatingScale: rating RT=0.595
135.2518 	DATA 	RatingScale unnamed RatingScale: history=[('Duża', 0.0), ('Duża', 0.595)]
139.4774 	DATA 	Keypress: left
139.5177 	EXP 	window1: mouseVisible = False
139.5569 	EXP 	Created unnamed RatingScale = RatingScale(__class__=type(...), acceptKeys=['return'], acceptPreText=UNKNOWN, acceptSize=UNKNOWN, acceptText='accept?', autoLog=True, choices=['Żadna', 'Mała', 'Duża', 'Całkowita'], colorSpace=UNKNOWN, depth=0, disappear=False, flipVert=False, high=3, kwargs=UNKNOWN, labels=list(...), leftKeys=['left'], lineColor='White', low=0, marker=ShapeStim(...), markerColor='DarkBlue', markerExpansion=UNKNOWN, markerStart=2.0, maxTime=0.0, minTime=0.4, mouseOnly=False, name='unnamed RatingScale', noMouse=True, pos=[0.0, -0.4], precision=1, respKeys=['0', '1', '2', '3'], rightKeys=['right'], scale=str(...), self=UNKNOWN, showAccept=True, showValue=True, singleClick=False, size=0.48, skipKeys=['tab'], stretch=1.4, textColor='LightGray', textFont='Helvetica Bold', textSize=0.096, tickHeight=1.0, tickMarks=3.0, win=Window(...))
139.5773 	EXP 	unnamed RatingScale: flipVert = False
139.5773 	EXP 	unnamed RatingScale: autoLog = True
140.5678 	DATA 	Keypress: return
140.5679 	DATA 	RatingScale unnamed RatingScale: (key response) rating=Duża
140.5680 	DATA 	RatingScale unnamed RatingScale: rating RT=1.011
140.5680 	DATA 	RatingScale unnamed RatingScale: history=[('Duża', 0.0), ('Duża', 1.011)]
144.1107 	DATA 	Keypress: right
144.1510 	EXP 	window1: mouseVisible = False
144.1888 	EXP 	Created unnamed RatingScale = RatingScale(__class__=type(...), acceptKeys=['return'], acceptPreText=UNKNOWN, acceptSize=UNKNOWN, acceptText='accept?', autoLog=True, choices=['Żadna', 'Mała', 'Duża', 'Całkowita'], colorSpace=UNKNOWN, depth=0, disappear=False, flipVert=False, high=3, kwargs=UNKNOWN, labels=list(...), leftKeys=['left'], lineColor='White', low=0, marker=ShapeStim(...), markerColor='DarkBlue', markerExpansion=UNKNOWN, markerStart=2.0, maxTime=0.0, minTime=0.4, mouseOnly=False, name='unnamed RatingScale', noMouse=True, pos=[0.0, -0.4], precision=1, respKeys=['0', '1', '2', '3'], rightKeys=['right'], scale=str(...), self=UNKNOWN, showAccept=True, showValue=True, singleClick=False, size=0.48, skipKeys=['tab'], stretch=1.4, textColor='LightGray', textFont='Helvetica Bold', textSize=0.096, tickHeight=1.0, tickMarks=3.0, win=Window(...))
144.2105 	EXP 	unnamed RatingScale: flipVert = False
144.2105 	EXP 	unnamed RatingScale: autoLog = True
144.8213 	DATA 	Keypress: return
144.8214 	DATA 	RatingScale unnamed RatingScale: (key response) rating=Duża
144.8214 	DATA 	RatingScale unnamed RatingScale: rating RT=0.633
144.8214 	DATA 	RatingScale unnamed RatingScale: history=[('Duża', 0.0), ('Duża', 0.633)]
149.1132 	DATA 	Keypress: right
149.1675 	EXP 	window1: mouseVisible = False
149.2059 	EXP 	Created unnamed RatingScale = RatingScale(__class__=type(...), acceptKeys=['return'], acceptPreText=UNKNOWN, acceptSize=UNKNOWN, acceptText='accept?', autoLog=True, choices=['Żadna', 'Mała', 'Duża', 'Całkowita'], colorSpace=UNKNOWN, depth=0, disappear=False, flipVert=False, high=3, kwargs=UNKNOWN, labels=list(...), leftKeys=['left'], lineColor='White', low=0, marker=ShapeStim(...), markerColor='DarkBlue', markerExpansion=UNKNOWN, markerStart=2.0, maxTime=0.0, minTime=0.4, mouseOnly=False, name='unnamed RatingScale', noMouse=True, pos=[0.0, -0.4], precision=1, respKeys=['0', '1', '2', '3'], rightKeys=['right'], scale=str(...), self=UNKNOWN, showAccept=True, showValue=True, singleClick=False, size=0.48, skipKeys=['tab'], stretch=1.4, textColor='LightGray', textFont='Helvetica Bold', textSize=0.096, tickHeight=1.0, tickMarks=3.0, win=Window(...))
149.2272 	EXP 	unnamed RatingScale: flipVert = False
149.2272 	EXP 	unnamed RatingScale: autoLog = True
149.7711 	DATA 	Keypress: return
149.7712 	DATA 	RatingScale unnamed RatingScale: (key response) rating=Duża
149.7712 	DATA 	RatingScale unnamed RatingScale: rating RT=0.565
149.7713 	DATA 	RatingScale unnamed RatingScale: history=[('Duża', 0.0), ('Duża', 0.565)]
153.2440 	DATA 	Keypress: left
153.2843 	EXP 	window1: mouseVisible = False
153.3217 	EXP 	Created unnamed RatingScale = RatingScale(__class__=type(...), acceptKeys=['return'], acceptPreText=UNKNOWN, acceptSize=UNKNOWN, acceptText='accept?', autoLog=True, choices=['Żadna', 'Mała', 'Duża', 'Całkowita'], colorSpace=UNKNOWN, depth=0, disappear=False, flipVert=False, high=3, kwargs=UNKNOWN, labels=list(...), leftKeys=['left'], lineColor='White', low=0, marker=ShapeStim(...), markerColor='DarkBlue', markerExpansion=UNKNOWN, markerStart=2.0, maxTime=0.0, minTime=0.4, mouseOnly=False, name='unnamed RatingScale', noMouse=True, pos=[0.0, -0.4], precision=1, respKeys=['0', '1', '2', '3'], rightKeys=['right'], scale=str(...), self=UNKNOWN, showAccept=True, showValue=True, singleClick=False, size=0.48, skipKeys=['tab'], stretch=1.4, textColor='LightGray', textFont='Helvetica Bold', textSize=0.096, tickHeight=1.0, tickMarks=3.0, win=Window(...))
153.3438 	EXP 	unnamed RatingScale: flipVert = False
153.3438 	EXP 	unnamed RatingScale: autoLog = True
153.9188 	DATA 	Keypress: return
153.9188 	DATA 	RatingScale unnamed RatingScale: (key response) rating=Duża
153.9189 	DATA 	RatingScale unnamed RatingScale: rating RT=0.597
153.9189 	DATA 	RatingScale unnamed RatingScale: history=[('Duża', 0.0), ('Duża', 0.597)]
159.3606 	DATA 	Keypress: right
159.4009 	EXP 	window1: mouseVisible = False
159.4382 	EXP 	Created unnamed RatingScale = RatingScale(__class__=type(...), acceptKeys=['return'], acceptPreText=UNKNOWN, acceptSize=UNKNOWN, acceptText='accept?', autoLog=True, choices=['Żadna', 'Mała', 'Duża', 'Całkowita'], colorSpace=UNKNOWN, depth=0, disappear=False, flipVert=False, high=3, kwargs=UNKNOWN, labels=list(...), leftKeys=['left'], lineColor='White', low=0, marker=ShapeStim(...), markerColor='DarkBlue', markerExpansion=UNKNOWN, markerStart=2.0, maxTime=0.0, minTime=0.4, mouseOnly=False, name='unnamed RatingScale', noMouse=True, pos=[0.0, -0.4], precision=1, respKeys=['0', '1', '2', '3'], rightKeys=['right'], scale=str(...), self=UNKNOWN, showAccept=True, showValue=True, singleClick=False, size=0.48, skipKeys=['tab'], stretch=1.4, textColor='LightGray', textFont='Helvetica Bold', textSize=0.096, tickHeight=1.0, tickMarks=3.0, win=Window(...))
159.4604 	EXP 	unnamed RatingScale: flipVert = False
159.4604 	EXP 	unnamed RatingScale: autoLog = True
160.0188 	DATA 	Keypress: left
160.2847 	DATA 	Keypress: left
160.9370 	DATA 	Keypress: return
160.9372 	DATA 	RatingScale unnamed RatingScale: (key response) rating=Żadna
160.9372 	DATA 	RatingScale unnamed RatingScale: rating RT=1.499
160.9372 	DATA 	RatingScale unnamed RatingScale: history=[('Duża', 0.0), ('Mała', 0.581), ('Żadna', 0.847), ('Żadna', 1.499)]
164.2772 	DATA 	Keypress: left
164.3176 	EXP 	window1: mouseVisible = False
164.3566 	EXP 	Created unnamed RatingScale = RatingScale(__class__=type(...), acceptKeys=['return'], acceptPreText=UNKNOWN, acceptSize=UNKNOWN, acceptText='accept?', autoLog=True, choices=['Żadna', 'Mała', 'Duża', 'Całkowita'], colorSpace=UNKNOWN, depth=0, disappear=False, flipVert=False, high=3, kwargs=UNKNOWN, labels=list(...), leftKeys=['left'], lineColor='White', low=0, marker=ShapeStim(...), markerColor='DarkBlue', markerExpansion=UNKNOWN, markerStart=2.0, maxTime=0.0, minTime=0.4, mouseOnly=False, name='unnamed RatingScale', noMouse=True, pos=[0.0, -0.4], precision=1, respKeys=['0', '1', '2', '3'], rightKeys=['right'], scale=str(...), self=UNKNOWN, showAccept=True, showValue=True, singleClick=False, size=0.48, skipKeys=['tab'], stretch=1.4, textColor='LightGray', textFont='Helvetica Bold', textSize=0.096, tickHeight=1.0, tickMarks=3.0, win=Window(...))
164.3770 	EXP 	unnamed RatingScale: flipVert = False
164.3770 	EXP 	unnamed RatingScale: autoLog = True
165.1845 	DATA 	Keypress: return
165.1846 	DATA 	RatingScale unnamed RatingScale: (key response) rating=Duża
165.1846 	DATA 	RatingScale unnamed RatingScale: rating RT=0.828
165.1846 	DATA 	RatingScale unnamed RatingScale: history=[('Duża', 0.0), ('Duża', 0.828)]
169.0105 	DATA 	Keypress: right
169.0508 	EXP 	window1: mouseVisible = False
169.0893 	EXP 	Created unnamed RatingScale = RatingScale(__class__=type(...), acceptKeys=['return'], acceptPreText=UNKNOWN, acceptSize=UNKNOWN, acceptText='accept?', autoLog=True, choices=['Żadna', 'Mała', 'Duża', 'Całkowita'], colorSpace=UNKNOWN, depth=0, disappear=False, flipVert=False, high=3, kwargs=UNKNOWN, labels=list(...), leftKeys=['left'], lineColor='White', low=0, marker=ShapeStim(...), markerColor='DarkBlue', markerExpansion=UNKNOWN, markerStart=2.0, maxTime=0.0, minTime=0.4, mouseOnly=False, name='unnamed RatingScale', noMouse=True, pos=[0.0, -0.4], precision=1, respKeys=['0', '1', '2', '3'], rightKeys=['right'], scale=str(...), self=UNKNOWN, showAccept=True, showValue=True, singleClick=False, size=0.48, skipKeys=['tab'], stretch=1.4, textColor='LightGray', textFont='Helvetica Bold', textSize=0.096, tickHeight=1.0, tickMarks=3.0, win=Window(...))
169.1103 	EXP 	unnamed RatingScale: flipVert = False
169.1103 	EXP 	unnamed RatingScale: autoLog = True
169.7369 	DATA 	Keypress: return
169.7370 	DATA 	RatingScale unnamed RatingScale: (key response) rating=Duża
169.7370 	DATA 	RatingScale unnamed RatingScale: rating RT=0.648
169.7370 	DATA 	RatingScale unnamed RatingScale: history=[('Duża', 0.0), ('Duża', 0.648)]
173.1133 	DATA 	Keypress: left
173.1673 	EXP 	window1: mouseVisible = False
173.2044 	EXP 	Created unnamed RatingScale = RatingScale(__class__=type(...), acceptKeys=['return'], acceptPreText=UNKNOWN, acceptSize=UNKNOWN, acceptText='accept?', autoLog=True, choices=['Żadna', 'Mała', 'Duża', 'Całkowita'], colorSpace=UNKNOWN, depth=0, disappear=False, flipVert=False, high=3, kwargs=UNKNOWN, labels=list(...), leftKeys=['left'], lineColor='White', low=0, marker=ShapeStim(...), markerColor='DarkBlue', markerExpansion=UNKNOWN, markerStart=2.0, maxTime=0.0, minTime=0.4, mouseOnly=False, name='unnamed RatingScale', noMouse=True, pos=[0.0, -0.4], precision=1, respKeys=['0', '1', '2', '3'], rightKeys=['right'], scale=str(...), self=UNKNOWN, showAccept=True, showValue=True, singleClick=False, size=0.48, skipKeys=['tab'], stretch=1.4, textColor='LightGray', textFont='Helvetica Bold', textSize=0.096, tickHeight=1.0, tickMarks=3.0, win=Window(...))
173.2270 	EXP 	unnamed RatingScale: flipVert = False
173.2270 	EXP 	unnamed RatingScale: autoLog = True
174.1012 	DATA 	Keypress: right
174.5676 	DATA 	Keypress: return
174.5677 	DATA 	RatingScale unnamed RatingScale: (key response) rating=Całkowita
174.5677 	DATA 	RatingScale unnamed RatingScale: rating RT=1.363
174.5677 	DATA 	RatingScale unnamed RatingScale: history=[('Duża', 0.0), ('Całkowita', 0.897), ('Całkowita', 1.363)]
178.0799 	DATA 	Keypress: left
178.1339 	EXP 	window1: mouseVisible = False
178.1712 	EXP 	Created unnamed RatingScale = RatingScale(__class__=type(...), acceptKeys=['return'], acceptPreText=UNKNOWN, acceptSize=UNKNOWN, acceptText='accept?', autoLog=True, choices=['Żadna', 'Mała', 'Duża', 'Całkowita'], colorSpace=UNKNOWN, depth=0, disappear=False, flipVert=False, high=3, kwargs=UNKNOWN, labels=list(...), leftKeys=['left'], lineColor='White', low=0, marker=ShapeStim(...), markerColor='DarkBlue', markerExpansion=UNKNOWN, markerStart=2.0, maxTime=0.0, minTime=0.4, mouseOnly=False, name='unnamed RatingScale', noMouse=True, pos=[0.0, -0.4], precision=1, respKeys=['0', '1', '2', '3'], rightKeys=['right'], scale=str(...), self=UNKNOWN, showAccept=True, showValue=True, singleClick=False, size=0.48, skipKeys=['tab'], stretch=1.4, textColor='LightGray', textFont='Helvetica Bold', textSize=0.096, tickHeight=1.0, tickMarks=3.0, win=Window(...))
178.1936 	EXP 	unnamed RatingScale: flipVert = False
178.1936 	EXP 	unnamed RatingScale: autoLog = True
178.7844 	DATA 	Keypress: return
178.7845 	DATA 	RatingScale unnamed RatingScale: (key response) rating=Duża
178.7845 	DATA 	RatingScale unnamed RatingScale: rating RT=0.613
178.7845 	DATA 	RatingScale unnamed RatingScale: history=[('Duża', 0.0), ('Duża', 0.613)]
181.6106 	DATA 	Keypress: left
181.6509 	EXP 	window1: mouseVisible = False
181.6890 	EXP 	Created unnamed RatingScale = RatingScale(__class__=type(...), acceptKeys=['return'], acceptPreText=UNKNOWN, acceptSize=UNKNOWN, acceptText='accept?', autoLog=True, choices=['Żadna', 'Mała', 'Duża', 'Całkowita'], colorSpace=UNKNOWN, depth=0, disappear=False, flipVert=False, high=3, kwargs=UNKNOWN, labels=list(...), leftKeys=['left'], lineColor='White', low=0, marker=ShapeStim(...), markerColor='DarkBlue', markerExpansion=UNKNOWN, markerStart=2.0, maxTime=0.0, minTime=0.4, mouseOnly=False, name='unnamed RatingScale', noMouse=True, pos=[0.0, -0.4], precision=1, respKeys=['0', '1', '2', '3'], rightKeys=['right'], scale=str(...), self=UNKNOWN, showAccept=True, showValue=True, singleClick=False, size=0.48, skipKeys=['tab'], stretch=1.4, textColor='LightGray', textFont='Helvetica Bold', textSize=0.096, tickHeight=1.0, tickMarks=3.0, win=Window(...))
181.7102 	EXP 	unnamed RatingScale: flipVert = False
181.7102 	EXP 	unnamed RatingScale: autoLog = True
182.3195 	DATA 	Keypress: return
182.3196 	DATA 	RatingScale unnamed RatingScale: (key response) rating=Duża
182.3197 	DATA 	RatingScale unnamed RatingScale: rating RT=0.631
182.3197 	DATA 	RatingScale unnamed RatingScale: history=[('Duża', 0.0), ('Duża', 0.631)]
185.8603 	DATA 	Keypress: left
185.9006 	EXP 	window1: mouseVisible = False
185.9373 	EXP 	Created unnamed RatingScale = RatingScale(__class__=type(...), acceptKeys=['return'], acceptPreText=UNKNOWN, acceptSize=UNKNOWN, acceptText='accept?', autoLog=True, choices=['Żadna', 'Mała', 'Duża', 'Całkowita'], colorSpace=UNKNOWN, depth=0, disappear=False, flipVert=False, high=3, kwargs=UNKNOWN, labels=list(...), leftKeys=['left'], lineColor='White', low=0, marker=ShapeStim(...), markerColor='DarkBlue', markerExpansion=UNKNOWN, markerStart=2.0, maxTime=0.0, minTime=0.4, mouseOnly=False, name='unnamed RatingScale', noMouse=True, pos=[0.0, -0.4], precision=1, respKeys=['0', '1', '2', '3'], rightKeys=['right'], scale=str(...), self=UNKNOWN, showAccept=True, showValue=True, singleClick=False, size=0.48, skipKeys=['tab'], stretch=1.4, textColor='LightGray', textFont='Helvetica Bold', textSize=0.096, tickHeight=1.0, tickMarks=3.0, win=Window(...))
185.9601 	EXP 	unnamed RatingScale: flipVert = False
185.9601 	EXP 	unnamed RatingScale: autoLog = True
186.5416 	DATA 	Keypress: return
186.5417 	DATA 	RatingScale unnamed RatingScale: (key response) rating=Duża
186.5417 	DATA 	RatingScale unnamed RatingScale: rating RT=0.604
186.5417 	DATA 	RatingScale unnamed RatingScale: history=[('Duża', 0.0), ('Duża', 0.604)]
190.5603 	DATA 	Keypress: right
190.6006 	EXP 	window1: mouseVisible = False
190.6380 	EXP 	Created unnamed RatingScale = RatingScale(__class__=type(...), acceptKeys=['return'], acceptPreText=UNKNOWN, acceptSize=UNKNOWN, acceptText='accept?', autoLog=True, choices=['Żadna', 'Mała', 'Duża', 'Całkowita'], colorSpace=UNKNOWN, depth=0, disappear=False, flipVert=False, high=3, kwargs=UNKNOWN, labels=list(...), leftKeys=['left'], lineColor='White', low=0, marker=ShapeStim(...), markerColor='DarkBlue', markerExpansion=UNKNOWN, markerStart=2.0, maxTime=0.0, minTime=0.4, mouseOnly=False, name='unnamed RatingScale', noMouse=True, pos=[0.0, -0.4], precision=1, respKeys=['0', '1', '2', '3'], rightKeys=['right'], scale=str(...), self=UNKNOWN, showAccept=True, showValue=True, singleClick=False, size=0.48, skipKeys=['tab'], stretch=1.4, textColor='LightGray', textFont='Helvetica Bold', textSize=0.096, tickHeight=1.0, tickMarks=3.0, win=Window(...))
190.6601 	EXP 	unnamed RatingScale: flipVert = False
190.6601 	EXP 	unnamed RatingScale: autoLog = True
191.3043 	DATA 	Keypress: return
191.3044 	DATA 	RatingScale unnamed RatingScale: (key response) rating=Duża
191.3045 	DATA 	RatingScale unnamed RatingScale: rating RT=0.666
191.3045 	DATA 	RatingScale unnamed RatingScale: history=[('Duża', 0.0), ('Duża', 0.666)]
193.7229 	EXP 	Created unnamed TextStim = TextStim(__class__=<class 'psychopy.visual.text.TextStim'>, alignHoriz=method-wrapper(...), alignText='center', alignVert=method-wrapper(...), anchorHoriz='center', anchorVert='center', antialias=True, autoLog=True, bold=False, color=array([0.00392157, 0.00392157, 0.00392157]), colorSpace='rgb', contrast=1.0, depth=0, flipHoriz=False, flipVert=False, font='', fontFiles=[], height=20, italic=False, languageStyle='LTR', name='unnamed TextStim', opacity=1.0, ori=0.0, pos=array([0., 0.]), rgb=UNKNOWN, text=str(...), units='pix', win=Window(...), wrapWidth=1920)
202.8696 	DATA 	Keypress: space
211.9601 	DATA 	Keypress: left
212.0004 	EXP 	window1: mouseVisible = False
212.0393 	EXP 	Created unnamed RatingScale = RatingScale(__class__=type(...), acceptKeys=['return'], acceptPreText=UNKNOWN, acceptSize=UNKNOWN, acceptText='accept?', autoLog=True, choices=['Żadna', 'Mała', 'Duża', 'Całkowita'], colorSpace=UNKNOWN, depth=0, disappear=False, flipVert=False, high=3, kwargs=UNKNOWN, labels=list(...), leftKeys=['left'], lineColor='White', low=0, marker=ShapeStim(...), markerColor='DarkBlue', markerExpansion=UNKNOWN, markerStart=2.0, maxTime=0.0, minTime=0.4, mouseOnly=False, name='unnamed RatingScale', noMouse=True, pos=[0.0, -0.4], precision=1, respKeys=['0', '1', '2', '3'], rightKeys=['right'], scale=str(...), self=UNKNOWN, showAccept=True, showValue=True, singleClick=False, size=0.48, skipKeys=['tab'], stretch=1.4, textColor='LightGray', textFont='Helvetica Bold', textSize=0.096, tickHeight=1.0, tickMarks=3.0, win=Window(...))
212.0599 	EXP 	unnamed RatingScale: flipVert = False
212.0599 	EXP 	unnamed RatingScale: autoLog = True
212.9359 	DATA 	Keypress: left
213.3700 	DATA 	Keypress: return
213.3701 	DATA 	RatingScale unnamed RatingScale: (key response) rating=Mała
213.3701 	DATA 	RatingScale unnamed RatingScale: rating RT=1.331
213.3701 	DATA 	RatingScale unnamed RatingScale: history=[('Duża', 0.0), ('Mała', 0.897), ('Mała', 1.331)]
221.4491 	DATA 	Keypress: f7
221.4492 	CRITICAL 	Experiment finished by user! f7 pressed.
221.4594 	EXP 	window1: mouseVisible = True
