14.6518 	INFO 	FRAME RATE: 60
14.6519 	INFO 	SCREEN RES: [1920, 1080]
14.7151 	EXP 	Created unnamed TextStim = TextStim(__class__=<class 'psychopy.visual.text.TextStim'>, alignHoriz=method-wrapper(...), alignText='center', alignVert=method-wrapper(...), anchorHoriz='center', anchorVert='center', antialias=True, autoLog=True, bold=False, color=array([0.00392157, 0.00392157, 0.00392157]), colorSpace='rgb', contrast=1.0, depth=0, flipHoriz=False, flipVert=False, font='', fontFiles=[], height=40, italic=False, languageStyle='LTR', name='unnamed TextStim', opacity=1.0, ori=0.0, pos=array([0., 0.]), rgb=UNKNOWN, text='Poprawna odpowiedź', units='pix', win=Window(...), wrapWidth=500)
14.7192 	EXP 	Created unnamed TextStim = TextStim(__class__=<class 'psychopy.visual.text.TextStim'>, alignHoriz=method-wrapper(...), alignText='center', alignVert=method-wrapper(...), anchorHoriz='center', anchorVert='center', antialias=True, autoLog=True, bold=False, color=array([0.00392157, 0.00392157, 0.00392157]), colorSpace='rgb', contrast=1.0, depth=0, flipHoriz=False, flipVert=False, font='', fontFiles=[], height=40, italic=False, languageStyle='LTR', name='unnamed TextStim', opacity=1.0, ori=0.0, pos=array([0., 0.]), rgb=UNKNOWN, text='Niepoprawna odpowiedź', units='pix', win=Window(...), wrapWidth=500)
14.7253 	EXP 	Created unnamed TextStim = TextStim(__class__=<class 'psychopy.visual.text.TextStim'>, alignHoriz=method-wrapper(...), alignText='center', alignVert=method-wrapper(...), anchorHoriz='center', anchorVert='center', antialias=True, autoLog=True, bold=False, color=array([0.00392157, 0.00392157, 0.00392157]), colorSpace='rgb', contrast=1.0, depth=0, flipHoriz=False, flipVert=False, font='', fontFiles=[], height=40, italic=False, languageStyle='LTR', name='unnamed TextStim', opacity=1.0, ori=0.0, pos=array([0., 0.]), rgb=UNKNOWN, text='Nie udzieliłeś odpowiedzi', units='pix', win=Window(...), wrapWidth=500)
14.7414 	EXP 	Created unnamed TextStim = TextStim(__class__=<class 'psychopy.visual.text.TextStim'>, alignHoriz=method-wrapper(...), alignText='center', alignVert=method-wrapper(...), anchorHoriz='center', anchorVert='center', antialias=True, autoLog=True, bold=False, color=array([0.00392157, 0.00392157, 0.00392157]), colorSpace='rgb', contrast=1.0, depth=0, flipHoriz=False, flipVert=False, font='', fontFiles=[], height=20, italic=False, languageStyle='LTR', name='unnamed TextStim', opacity=1.0, ori=0.0, pos=array([0., 0.]), rgb=UNKNOWN, text='Poczekaj na przyjście badacza. ', units='pix', win=Window(...), wrapWidth=1920)
18.4799 	DATA 	Keypress: space
18.5366 	EXP 	Created unnamed ImageStim = ImageStim(__class__=<class 'psychopy.visual.image.ImageStim'>, autoLog=True, color=array([1., 1., 1.]), colorSpace='rgb', contrast=1.0, depth=0, flipHoriz=False, flipVert=False, image='./stims/SQUARES_LEFT.bmp', interpolate=False, mask=None, maskParams=None, name='unnamed ImageStim', opacity=1, ori=0.0, pos=array([0., 0.]), size=array([960, 720]), texRes=128, units='pix', win=Window(...))
18.5843 	EXP 	Created unnamed ImageStim = ImageStim(__class__=<class 'psychopy.visual.image.ImageStim'>, autoLog=True, color=array([1., 1., 1.]), colorSpace='rgb', contrast=1.0, depth=0, flipHoriz=False, flipVert=False, image='./stims/SQUARES_RIGHT.bmp', interpolate=False, mask=None, maskParams=None, name='unnamed ImageStim', opacity=1, ori=0.0, pos=array([0., 0.]), size=array([960, 720]), texRes=128, units='pix', win=Window(...))
18.6299 	EXP 	Created unnamed ImageStim = ImageStim(__class__=<class 'psychopy.visual.image.ImageStim'>, autoLog=True, color=array([1., 1., 1.]), colorSpace='rgb', contrast=1.0, depth=0, flipHoriz=False, flipVert=False, image='./stims/SQUARES_MASK.bmp', interpolate=False, mask=None, maskParams=None, name='unnamed ImageStim', opacity=1, ori=0.0, pos=array([0., 0.]), size=array([960, 720]), texRes=128, units='pix', win=Window(...))
18.6560 	EXP 	Created unnamed ImageStim = ImageStim(__class__=<class 'psychopy.visual.image.ImageStim'>, autoLog=True, color=array([1., 1., 1.]), colorSpace='rgb', contrast=1.0, depth=0, flipHoriz=False, flipVert=False, image='./stims/PRE_STIMULI.bmp', interpolate=False, mask=None, maskParams=None, name='unnamed ImageStim', opacity=1, ori=0.0, pos=array([0., 0.]), size=array([960, 720]), texRes=128, units='pix', win=Window(...))
18.6628 	EXP 	Created unnamed TextStim = TextStim(__class__=<class 'psychopy.visual.text.TextStim'>, alignHoriz=method-wrapper(...), alignText='center', alignVert=method-wrapper(...), anchorHoriz='center', anchorVert='center', antialias=True, autoLog=True, bold=False, color=array([0.00392157, 0.00392157, 0.00392157]), colorSpace='rgb', contrast=1.0, depth=0, flipHoriz=False, flipVert=False, font='', fontFiles=[], height=30, italic=False, languageStyle='LTR', name='unnamed TextStim', opacity=1.0, ori=0.0, pos=array([   0., -200.]), rgb=UNKNOWN, text='←       →', units='pix', win=Window(...), wrapWidth=500)
18.6783 	EXP 	Created unnamed TextStim = TextStim(__class__=<class 'psychopy.visual.text.TextStim'>, alignHoriz=method-wrapper(...), alignText='center', alignVert=method-wrapper(...), anchorHoriz='center', anchorVert='center', antialias=True, autoLog=True, bold=False, color=array([0.00392157, 0.00392157, 0.00392157]), colorSpace='rgb', contrast=1.0, depth=0, flipHoriz=False, flipVert=False, font='', fontFiles=[], height=20, italic=False, languageStyle='LTR', name='unnamed TextStim', opacity=1.0, ori=0.0, pos=array([   0., -180.]), rgb=UNKNOWN, text='Gdzie pojawił się OBROCONY kwadrat?', units='pix', win=Window(...), wrapWidth=500)
18.7333 	EXP 	Created unnamed TextStim = TextStim(__class__=<class 'psychopy.visual.text.TextStim'>, alignHoriz=method-wrapper(...), alignText='center', alignVert=method-wrapper(...), anchorHoriz='center', anchorVert='center', antialias=True, autoLog=True, bold=False, color=array([0.00392157, 0.00392157, 0.00392157]), colorSpace='rgb', contrast=1.0, depth=0, flipHoriz=False, flipVert=False, font='', fontFiles=[], height=20, italic=False, languageStyle='LTR', name='unnamed TextStim', opacity=1.0, ori=0.0, pos=array([0., 0.]), rgb=UNKNOWN, text=str(...), units='pix', win=Window(...), wrapWidth=1920)
65.0185 	DATA 	Keypress: space
69.0988 	DATA 	Keypress: right
69.1403 	EXP 	window1: mouseVisible = False
69.1837 	EXP 	Created unnamed RatingScale = RatingScale(__class__=type(...), acceptKeys=['return'], acceptPreText=UNKNOWN, acceptSize=UNKNOWN, acceptText='accept?', autoLog=True, choices=['Żadna', 'Mała', 'Duża', 'Całkowita'], colorSpace=UNKNOWN, depth=0, disappear=False, flipVert=False, high=3, kwargs=UNKNOWN, labels=list(...), leftKeys=['left'], lineColor='White', low=0, marker=ShapeStim(...), markerColor='DarkBlue', markerExpansion=UNKNOWN, markerStart=2.0, maxTime=0.0, minTime=0.4, mouseOnly=False, name='unnamed RatingScale', noMouse=True, pos=[0.0, -0.4], precision=1, respKeys=['0', '1', '2', '3'], rightKeys=['right'], scale=str(...), self=UNKNOWN, showAccept=True, showValue=True, singleClick=False, size=0.48, skipKeys=['tab'], stretch=1.4, textColor='LightGray', textFont='Helvetica Bold', textSize=0.096, tickHeight=1.0, tickMarks=3.0, win=Window(...))
69.1985 	EXP 	unnamed RatingScale: flipVert = False
69.1985 	EXP 	unnamed RatingScale: autoLog = True
73.5741 	DATA 	Keypress: space
75.9743 	DATA 	Keypress: down
76.8921 	DATA 	Keypress: space
77.6434 	DATA 	Keypress: return
77.6435 	DATA 	RatingScale unnamed RatingScale: (key response) rating=Duża
77.6435 	DATA 	RatingScale unnamed RatingScale: rating RT=8.460
77.6435 	DATA 	RatingScale unnamed RatingScale: history=[('Duża', 0.0), ('Duża', 8.46)]
81.6487 	DATA 	Keypress: right
81.6890 	EXP 	window1: mouseVisible = False
81.7250 	EXP 	Created unnamed RatingScale = RatingScale(__class__=type(...), acceptKeys=['return'], acceptPreText=UNKNOWN, acceptSize=UNKNOWN, acceptText='accept?', autoLog=True, choices=['Żadna', 'Mała', 'Duża', 'Całkowita'], colorSpace=UNKNOWN, depth=0, disappear=False, flipVert=False, high=3, kwargs=UNKNOWN, labels=list(...), leftKeys=['left'], lineColor='White', low=0, marker=ShapeStim(...), markerColor='DarkBlue', markerExpansion=UNKNOWN, markerStart=2.0, maxTime=0.0, minTime=0.4, mouseOnly=False, name='unnamed RatingScale', noMouse=True, pos=[0.0, -0.4], precision=1, respKeys=['0', '1', '2', '3'], rightKeys=['right'], scale=str(...), self=UNKNOWN, showAccept=True, showValue=True, singleClick=False, size=0.48, skipKeys=['tab'], stretch=1.4, textColor='LightGray', textFont='Helvetica Bold', textSize=0.096, tickHeight=1.0, tickMarks=3.0, win=Window(...))
81.7485 	EXP 	unnamed RatingScale: flipVert = False
81.7485 	EXP 	unnamed RatingScale: autoLog = True
83.2577 	DATA 	Keypress: return
83.2578 	DATA 	RatingScale unnamed RatingScale: (key response) rating=Duża
83.2578 	DATA 	RatingScale unnamed RatingScale: rating RT=1.533
83.2578 	DATA 	RatingScale unnamed RatingScale: history=[('Duża', 0.0), ('Duża', 1.533)]
86.8887 	DATA 	Keypress: f7
86.8888 	CRITICAL 	Experiment finished by user! f7 pressed.
86.8986 	EXP 	window1: mouseVisible = True
