3.2892 	INFO 	FRAME RATE: 60
3.2893 	INFO 	SCREEN RES: [1920, 1080]
3.3544 	EXP 	Created unnamed TextStim = TextStim(__class__=<class 'psychopy.visual.text.TextStim'>, alignHoriz=method-wrapper(...), alignText='center', alignVert=method-wrapper(...), anchorHoriz='center', anchorVert='center', antialias=True, autoLog=True, bold=False, color=array([0.00392157, 0.00392157, 0.00392157]), colorSpace='rgb', contrast=1.0, depth=0, flipHoriz=False, flipVert=False, font='', fontFiles=[], height=40, italic=False, languageStyle='LTR', name='unnamed TextStim', opacity=1.0, ori=0.0, pos=array([0., 0.]), rgb=UNKNOWN, text='Poprawna odpowiedź', units='pix', win=Window(...), wrapWidth=500)
3.3585 	EXP 	Created unnamed TextStim = TextStim(__class__=<class 'psychopy.visual.text.TextStim'>, alignHoriz=method-wrapper(...), alignText='center', alignVert=method-wrapper(...), anchorHoriz='center', anchorVert='center', antialias=True, autoLog=True, bold=False, color=array([0.00392157, 0.00392157, 0.00392157]), colorSpace='rgb', contrast=1.0, depth=0, flipHoriz=False, flipVert=False, font='', fontFiles=[], height=40, italic=False, languageStyle='LTR', name='unnamed TextStim', opacity=1.0, ori=0.0, pos=array([0., 0.]), rgb=UNKNOWN, text='Niepoprawna odpowiedź', units='pix', win=Window(...), wrapWidth=500)
3.3645 	EXP 	Created unnamed TextStim = TextStim(__class__=<class 'psychopy.visual.text.TextStim'>, alignHoriz=method-wrapper(...), alignText='center', alignVert=method-wrapper(...), anchorHoriz='center', anchorVert='center', antialias=True, autoLog=True, bold=False, color=array([0.00392157, 0.00392157, 0.00392157]), colorSpace='rgb', contrast=1.0, depth=0, flipHoriz=False, flipVert=False, font='', fontFiles=[], height=40, italic=False, languageStyle='LTR', name='unnamed TextStim', opacity=1.0, ori=0.0, pos=array([0., 0.]), rgb=UNKNOWN, text='Nie udzieliłeś odpowiedzi', units='pix', win=Window(...), wrapWidth=500)
3.3749 	EXP 	Created unnamed TextStim = TextStim(__class__=<class 'psychopy.visual.text.TextStim'>, alignHoriz=method-wrapper(...), alignText='center', alignVert=method-wrapper(...), anchorHoriz='center', anchorVert='center', antialias=True, autoLog=True, bold=False, color=array([0.00392157, 0.00392157, 0.00392157]), colorSpace='rgb', contrast=1.0, depth=0, flipHoriz=False, flipVert=False, font='', fontFiles=[], height=20, italic=False, languageStyle='LTR', name='unnamed TextStim', opacity=1.0, ori=0.0, pos=array([0., 0.]), rgb=UNKNOWN, text='Poczekaj na przyjście badacza. ', units='pix', win=Window(...), wrapWidth=1920)
4.0409 	DATA 	Keypress: space
4.1110 	EXP 	Created unnamed ImageStim = ImageStim(__class__=<class 'psychopy.visual.image.ImageStim'>, autoLog=True, color=array([1., 1., 1.]), colorSpace='rgb', contrast=1.0, depth=0, flipHoriz=False, flipVert=False, image='./stims/SQUARES_LEFT.bmp', interpolate=False, mask=None, maskParams=None, name='unnamed ImageStim', opacity=1, ori=0.0, pos=array([0., 0.]), size=array([960, 720]), texRes=128, units='pix', win=Window(...))
4.1589 	EXP 	Created unnamed ImageStim = ImageStim(__class__=<class 'psychopy.visual.image.ImageStim'>, autoLog=True, color=array([1., 1., 1.]), colorSpace='rgb', contrast=1.0, depth=0, flipHoriz=False, flipVert=False, image='./stims/SQUARES_RIGHT.bmp', interpolate=False, mask=None, maskParams=None, name='unnamed ImageStim', opacity=1, ori=0.0, pos=array([0., 0.]), size=array([960, 720]), texRes=128, units='pix', win=Window(...))
4.2044 	EXP 	Created unnamed ImageStim = ImageStim(__class__=<class 'psychopy.visual.image.ImageStim'>, autoLog=True, color=array([1., 1., 1.]), colorSpace='rgb', contrast=1.0, depth=0, flipHoriz=False, flipVert=False, image='./stims/SQUARES_MASK.bmp', interpolate=False, mask=None, maskParams=None, name='unnamed ImageStim', opacity=1, ori=0.0, pos=array([0., 0.]), size=array([960, 720]), texRes=128, units='pix', win=Window(...))
4.2340 	EXP 	Created unnamed ImageStim = ImageStim(__class__=<class 'psychopy.visual.image.ImageStim'>, autoLog=True, color=array([1., 1., 1.]), colorSpace='rgb', contrast=1.0, depth=0, flipHoriz=False, flipVert=False, image='./stims/PRE_STIMULI.bmp', interpolate=False, mask=None, maskParams=None, name='unnamed ImageStim', opacity=1, ori=0.0, pos=array([0., 0.]), size=array([960, 720]), texRes=128, units='pix', win=Window(...))
4.2409 	EXP 	Created unnamed TextStim = TextStim(__class__=<class 'psychopy.visual.text.TextStim'>, alignHoriz=method-wrapper(...), alignText='center', alignVert=method-wrapper(...), anchorHoriz='center', anchorVert='center', antialias=True, autoLog=True, bold=False, color=array([0.00392157, 0.00392157, 0.00392157]), colorSpace='rgb', contrast=1.0, depth=0, flipHoriz=False, flipVert=False, font='', fontFiles=[], height=30, italic=False, languageStyle='LTR', name='unnamed TextStim', opacity=1.0, ori=0.0, pos=array([   0., -200.]), rgb=UNKNOWN, text='←       →', units='pix', win=Window(...), wrapWidth=500)
4.2551 	EXP 	Created unnamed TextStim = TextStim(__class__=<class 'psychopy.visual.text.TextStim'>, alignHoriz=method-wrapper(...), alignText='center', alignVert=method-wrapper(...), anchorHoriz='center', anchorVert='center', antialias=True, autoLog=True, bold=False, color=array([0.00392157, 0.00392157, 0.00392157]), colorSpace='rgb', contrast=1.0, depth=0, flipHoriz=False, flipVert=False, font='', fontFiles=[], height=20, italic=False, languageStyle='LTR', name='unnamed TextStim', opacity=1.0, ori=0.0, pos=array([   0., -180.]), rgb=UNKNOWN, text='Gdzie pojawił się OBROCONY kwadrat?', units='pix', win=Window(...), wrapWidth=500)
4.3105 	EXP 	Created unnamed TextStim = TextStim(__class__=<class 'psychopy.visual.text.TextStim'>, alignHoriz=method-wrapper(...), alignText='center', alignVert=method-wrapper(...), anchorHoriz='center', anchorVert='center', antialias=True, autoLog=True, bold=False, color=array([0.00392157, 0.00392157, 0.00392157]), colorSpace='rgb', contrast=1.0, depth=0, flipHoriz=False, flipVert=False, font='', fontFiles=[], height=20, italic=False, languageStyle='LTR', name='unnamed TextStim', opacity=1.0, ori=0.0, pos=array([0., 0.]), rgb=UNKNOWN, text=str(...), units='pix', win=Window(...), wrapWidth=1920)
7.2086 	DATA 	Keypress: space
8.2704 	DATA 	Keypress: left
8.3119 	EXP 	window1: mouseVisible = False
8.3619 	EXP 	Created unnamed RatingScale = RatingScale(__class__=type(...), acceptKeys=['return'], acceptPreText=UNKNOWN, acceptSize=UNKNOWN, acceptText='accept?', autoLog=True, choices=['Żadna', 'Mała', 'Duża', 'Całkowita'], colorSpace=UNKNOWN, depth=0, disappear=False, flipVert=False, high=3, kwargs=UNKNOWN, labels=list(...), leftKeys=['left'], lineColor='White', low=0, marker=ShapeStim(...), markerColor='DarkBlue', markerExpansion=UNKNOWN, markerStart=2.0, maxTime=0.0, minTime=0.4, mouseOnly=False, name='unnamed RatingScale', noMouse=True, pos=[0.0, -0.4], precision=1, respKeys=['0', '1', '2', '3'], rightKeys=['right'], scale=str(...), self=UNKNOWN, showAccept=True, showValue=True, singleClick=False, size=0.48, skipKeys=['tab'], stretch=1.4, textColor='LightGray', textFont='Helvetica Bold', textSize=0.096, tickHeight=1.0, tickMarks=3.0, win=Window(...))
8.3869 	EXP 	unnamed RatingScale: flipVert = False
8.3869 	EXP 	unnamed RatingScale: autoLog = True
8.9136 	DATA 	Keypress: return
8.9137 	DATA 	RatingScale unnamed RatingScale: (key response) rating=Duża
8.9137 	DATA 	RatingScale unnamed RatingScale: rating RT=0.552
8.9138 	DATA 	RatingScale unnamed RatingScale: history=[('Duża', 0.0), ('Duża', 0.552)]
12.0576 	DATA 	Keypress: left
12.1105 	EXP 	window1: mouseVisible = False
12.1477 	EXP 	Created unnamed RatingScale = RatingScale(__class__=type(...), acceptKeys=['return'], acceptPreText=UNKNOWN, acceptSize=UNKNOWN, acceptText='accept?', autoLog=True, choices=['Żadna', 'Mała', 'Duża', 'Całkowita'], colorSpace=UNKNOWN, depth=0, disappear=False, flipVert=False, high=3, kwargs=UNKNOWN, labels=list(...), leftKeys=['left'], lineColor='White', low=0, marker=ShapeStim(...), markerColor='DarkBlue', markerExpansion=UNKNOWN, markerStart=2.0, maxTime=0.0, minTime=0.4, mouseOnly=False, name='unnamed RatingScale', noMouse=True, pos=[0.0, -0.4], precision=1, respKeys=['0', '1', '2', '3'], rightKeys=['right'], scale=str(...), self=UNKNOWN, showAccept=True, showValue=True, singleClick=False, size=0.48, skipKeys=['tab'], stretch=1.4, textColor='LightGray', textFont='Helvetica Bold', textSize=0.096, tickHeight=1.0, tickMarks=3.0, win=Window(...))
12.1702 	EXP 	unnamed RatingScale: flipVert = False
12.1702 	EXP 	unnamed RatingScale: autoLog = True
12.5123 	DATA 	Keypress: return
13.0282 	DATA 	Keypress: return
13.0283 	DATA 	RatingScale unnamed RatingScale: (key response) rating=Duża
13.0283 	DATA 	RatingScale unnamed RatingScale: rating RT=0.881
13.0283 	DATA 	RatingScale unnamed RatingScale: history=[('Duża', 0.0), ('Duża', 0.881)]
15.7371 	DATA 	Keypress: right
15.7774 	EXP 	window1: mouseVisible = False
15.8153 	EXP 	Created unnamed RatingScale = RatingScale(__class__=type(...), acceptKeys=['return'], acceptPreText=UNKNOWN, acceptSize=UNKNOWN, acceptText='accept?', autoLog=True, choices=['Żadna', 'Mała', 'Duża', 'Całkowita'], colorSpace=UNKNOWN, depth=0, disappear=False, flipVert=False, high=3, kwargs=UNKNOWN, labels=list(...), leftKeys=['left'], lineColor='White', low=0, marker=ShapeStim(...), markerColor='DarkBlue', markerExpansion=UNKNOWN, markerStart=2.0, maxTime=0.0, minTime=0.4, mouseOnly=False, name='unnamed RatingScale', noMouse=True, pos=[0.0, -0.4], precision=1, respKeys=['0', '1', '2', '3'], rightKeys=['right'], scale=str(...), self=UNKNOWN, showAccept=True, showValue=True, singleClick=False, size=0.48, skipKeys=['tab'], stretch=1.4, textColor='LightGray', textFont='Helvetica Bold', textSize=0.096, tickHeight=1.0, tickMarks=3.0, win=Window(...))
15.8369 	EXP 	unnamed RatingScale: flipVert = False
15.8369 	EXP 	unnamed RatingScale: autoLog = True
16.1775 	DATA 	Keypress: return
16.6451 	DATA 	Keypress: return
16.6451 	DATA 	RatingScale unnamed RatingScale: (key response) rating=Duża
16.6452 	DATA 	RatingScale unnamed RatingScale: rating RT=0.830
16.6452 	DATA 	RatingScale unnamed RatingScale: history=[('Duża', 0.0), ('Duża', 0.83)]
20.0567 	DATA 	Keypress: left
20.1105 	EXP 	window1: mouseVisible = False
20.1504 	EXP 	Created unnamed RatingScale = RatingScale(__class__=type(...), acceptKeys=['return'], acceptPreText=UNKNOWN, acceptSize=UNKNOWN, acceptText='accept?', autoLog=True, choices=['Żadna', 'Mała', 'Duża', 'Całkowita'], colorSpace=UNKNOWN, depth=0, disappear=False, flipVert=False, high=3, kwargs=UNKNOWN, labels=list(...), leftKeys=['left'], lineColor='White', low=0, marker=ShapeStim(...), markerColor='DarkBlue', markerExpansion=UNKNOWN, markerStart=2.0, maxTime=0.0, minTime=0.4, mouseOnly=False, name='unnamed RatingScale', noMouse=True, pos=[0.0, -0.4], precision=1, respKeys=['0', '1', '2', '3'], rightKeys=['right'], scale=str(...), self=UNKNOWN, showAccept=True, showValue=True, singleClick=False, size=0.48, skipKeys=['tab'], stretch=1.4, textColor='LightGray', textFont='Helvetica Bold', textSize=0.096, tickHeight=1.0, tickMarks=3.0, win=Window(...))
20.1702 	EXP 	unnamed RatingScale: flipVert = False
20.1702 	EXP 	unnamed RatingScale: autoLog = True
20.5120 	DATA 	Keypress: return
21.0670 	DATA 	Keypress: return
21.0671 	DATA 	RatingScale unnamed RatingScale: (key response) rating=Duża
21.0671 	DATA 	RatingScale unnamed RatingScale: rating RT=0.917
21.0672 	DATA 	RatingScale unnamed RatingScale: history=[('Duża', 0.0), ('Duża', 0.917)]
24.0902 	DATA 	Keypress: left
24.1438 	EXP 	window1: mouseVisible = False
24.1808 	EXP 	Created unnamed RatingScale = RatingScale(__class__=type(...), acceptKeys=['return'], acceptPreText=UNKNOWN, acceptSize=UNKNOWN, acceptText='accept?', autoLog=True, choices=['Żadna', 'Mała', 'Duża', 'Całkowita'], colorSpace=UNKNOWN, depth=0, disappear=False, flipVert=False, high=3, kwargs=UNKNOWN, labels=list(...), leftKeys=['left'], lineColor='White', low=0, marker=ShapeStim(...), markerColor='DarkBlue', markerExpansion=UNKNOWN, markerStart=2.0, maxTime=0.0, minTime=0.4, mouseOnly=False, name='unnamed RatingScale', noMouse=True, pos=[0.0, -0.4], precision=1, respKeys=['0', '1', '2', '3'], rightKeys=['right'], scale=str(...), self=UNKNOWN, showAccept=True, showValue=True, singleClick=False, size=0.48, skipKeys=['tab'], stretch=1.4, textColor='LightGray', textFont='Helvetica Bold', textSize=0.096, tickHeight=1.0, tickMarks=3.0, win=Window(...))
24.2035 	EXP 	unnamed RatingScale: flipVert = False
24.2035 	EXP 	unnamed RatingScale: autoLog = True
24.7311 	DATA 	Keypress: return
24.7311 	DATA 	RatingScale unnamed RatingScale: (key response) rating=Duża
24.7312 	DATA 	RatingScale unnamed RatingScale: rating RT=0.550
24.7312 	DATA 	RatingScale unnamed RatingScale: history=[('Duża', 0.0), ('Duża', 0.55)]
27.7235 	DATA 	Keypress: right
27.7771 	EXP 	window1: mouseVisible = False
27.8207 	EXP 	Created unnamed RatingScale = RatingScale(__class__=type(...), acceptKeys=['return'], acceptPreText=UNKNOWN, acceptSize=UNKNOWN, acceptText='accept?', autoLog=True, choices=['Żadna', 'Mała', 'Duża', 'Całkowita'], colorSpace=UNKNOWN, depth=0, disappear=False, flipVert=False, high=3, kwargs=UNKNOWN, labels=list(...), leftKeys=['left'], lineColor='White', low=0, marker=ShapeStim(...), markerColor='DarkBlue', markerExpansion=UNKNOWN, markerStart=2.0, maxTime=0.0, minTime=0.4, mouseOnly=False, name='unnamed RatingScale', noMouse=True, pos=[0.0, -0.4], precision=1, respKeys=['0', '1', '2', '3'], rightKeys=['right'], scale=str(...), self=UNKNOWN, showAccept=True, showValue=True, singleClick=False, size=0.48, skipKeys=['tab'], stretch=1.4, textColor='LightGray', textFont='Helvetica Bold', textSize=0.096, tickHeight=1.0, tickMarks=3.0, win=Window(...))
27.8368 	EXP 	unnamed RatingScale: flipVert = False
27.8368 	EXP 	unnamed RatingScale: autoLog = True
28.2773 	DATA 	Keypress: return
28.2774 	DATA 	RatingScale unnamed RatingScale: (key response) rating=Duża
28.2774 	DATA 	RatingScale unnamed RatingScale: rating RT=0.457
28.2774 	DATA 	RatingScale unnamed RatingScale: history=[('Duża', 0.0), ('Duża', 0.457)]
31.1370 	DATA 	Keypress: right
31.1773 	EXP 	window1: mouseVisible = False
31.2166 	EXP 	Created unnamed RatingScale = RatingScale(__class__=type(...), acceptKeys=['return'], acceptPreText=UNKNOWN, acceptSize=UNKNOWN, acceptText='accept?', autoLog=True, choices=['Żadna', 'Mała', 'Duża', 'Całkowita'], colorSpace=UNKNOWN, depth=0, disappear=False, flipVert=False, high=3, kwargs=UNKNOWN, labels=list(...), leftKeys=['left'], lineColor='White', low=0, marker=ShapeStim(...), markerColor='DarkBlue', markerExpansion=UNKNOWN, markerStart=2.0, maxTime=0.0, minTime=0.4, mouseOnly=False, name='unnamed RatingScale', noMouse=True, pos=[0.0, -0.4], precision=1, respKeys=['0', '1', '2', '3'], rightKeys=['right'], scale=str(...), self=UNKNOWN, showAccept=True, showValue=True, singleClick=False, size=0.48, skipKeys=['tab'], stretch=1.4, textColor='LightGray', textFont='Helvetica Bold', textSize=0.096, tickHeight=1.0, tickMarks=3.0, win=Window(...))
31.2368 	EXP 	unnamed RatingScale: flipVert = False
31.2368 	EXP 	unnamed RatingScale: autoLog = True
31.8813 	DATA 	Keypress: return
31.8814 	DATA 	RatingScale unnamed RatingScale: (key response) rating=Duża
31.8814 	DATA 	RatingScale unnamed RatingScale: rating RT=0.665
31.8814 	DATA 	RatingScale unnamed RatingScale: history=[('Duża', 0.0), ('Duża', 0.665)]
35.3229 	DATA 	Keypress: left
35.3771 	EXP 	window1: mouseVisible = False
35.4161 	EXP 	Created unnamed RatingScale = RatingScale(__class__=type(...), acceptKeys=['return'], acceptPreText=UNKNOWN, acceptSize=UNKNOWN, acceptText='accept?', autoLog=True, choices=['Żadna', 'Mała', 'Duża', 'Całkowita'], colorSpace=UNKNOWN, depth=0, disappear=False, flipVert=False, high=3, kwargs=UNKNOWN, labels=list(...), leftKeys=['left'], lineColor='White', low=0, marker=ShapeStim(...), markerColor='DarkBlue', markerExpansion=UNKNOWN, markerStart=2.0, maxTime=0.0, minTime=0.4, mouseOnly=False, name='unnamed RatingScale', noMouse=True, pos=[0.0, -0.4], precision=1, respKeys=['0', '1', '2', '3'], rightKeys=['right'], scale=str(...), self=UNKNOWN, showAccept=True, showValue=True, singleClick=False, size=0.48, skipKeys=['tab'], stretch=1.4, textColor='LightGray', textFont='Helvetica Bold', textSize=0.096, tickHeight=1.0, tickMarks=3.0, win=Window(...))
35.4368 	EXP 	unnamed RatingScale: flipVert = False
35.4368 	EXP 	unnamed RatingScale: autoLog = True
35.8287 	DATA 	Keypress: return
35.8288 	DATA 	RatingScale unnamed RatingScale: (key response) rating=Duża
35.8288 	DATA 	RatingScale unnamed RatingScale: rating RT=0.413
35.8289 	DATA 	RatingScale unnamed RatingScale: history=[('Duża', 0.0), ('Duża', 0.413)]
38.8900 	DATA 	Keypress: right
38.9437 	EXP 	window1: mouseVisible = False
38.9809 	EXP 	Created unnamed RatingScale = RatingScale(__class__=type(...), acceptKeys=['return'], acceptPreText=UNKNOWN, acceptSize=UNKNOWN, acceptText='accept?', autoLog=True, choices=['Żadna', 'Mała', 'Duża', 'Całkowita'], colorSpace=UNKNOWN, depth=0, disappear=False, flipVert=False, high=3, kwargs=UNKNOWN, labels=list(...), leftKeys=['left'], lineColor='White', low=0, marker=ShapeStim(...), markerColor='DarkBlue', markerExpansion=UNKNOWN, markerStart=2.0, maxTime=0.0, minTime=0.4, mouseOnly=False, name='unnamed RatingScale', noMouse=True, pos=[0.0, -0.4], precision=1, respKeys=['0', '1', '2', '3'], rightKeys=['right'], scale=str(...), self=UNKNOWN, showAccept=True, showValue=True, singleClick=False, size=0.48, skipKeys=['tab'], stretch=1.4, textColor='LightGray', textFont='Helvetica Bold', textSize=0.096, tickHeight=1.0, tickMarks=3.0, win=Window(...))
39.0034 	EXP 	unnamed RatingScale: flipVert = False
39.0034 	EXP 	unnamed RatingScale: autoLog = True
39.4636 	DATA 	Keypress: return
39.4637 	DATA 	RatingScale unnamed RatingScale: (key response) rating=Duża
39.4637 	DATA 	RatingScale unnamed RatingScale: rating RT=0.483
39.4637 	DATA 	RatingScale unnamed RatingScale: history=[('Duża', 0.0), ('Duża', 0.483)]
42.6369 	DATA 	Keypress: right
42.6773 	EXP 	window1: mouseVisible = False
42.7148 	EXP 	Created unnamed RatingScale = RatingScale(__class__=type(...), acceptKeys=['return'], acceptPreText=UNKNOWN, acceptSize=UNKNOWN, acceptText='accept?', autoLog=True, choices=['Żadna', 'Mała', 'Duża', 'Całkowita'], colorSpace=UNKNOWN, depth=0, disappear=False, flipVert=False, high=3, kwargs=UNKNOWN, labels=list(...), leftKeys=['left'], lineColor='White', low=0, marker=ShapeStim(...), markerColor='DarkBlue', markerExpansion=UNKNOWN, markerStart=2.0, maxTime=0.0, minTime=0.4, mouseOnly=False, name='unnamed RatingScale', noMouse=True, pos=[0.0, -0.4], precision=1, respKeys=['0', '1', '2', '3'], rightKeys=['right'], scale=str(...), self=UNKNOWN, showAccept=True, showValue=True, singleClick=False, size=0.48, skipKeys=['tab'], stretch=1.4, textColor='LightGray', textFont='Helvetica Bold', textSize=0.096, tickHeight=1.0, tickMarks=3.0, win=Window(...))
42.7367 	EXP 	unnamed RatingScale: flipVert = False
42.7367 	EXP 	unnamed RatingScale: autoLog = True
43.0773 	DATA 	Keypress: return
43.5455 	DATA 	Keypress: return
43.5456 	DATA 	RatingScale unnamed RatingScale: (key response) rating=Duża
43.5456 	DATA 	RatingScale unnamed RatingScale: rating RT=0.831
43.5456 	DATA 	RatingScale unnamed RatingScale: history=[('Duża', 0.0), ('Duża', 0.831)]
46.9702 	DATA 	Keypress: left
47.0105 	EXP 	window1: mouseVisible = False
47.0479 	EXP 	Created unnamed RatingScale = RatingScale(__class__=type(...), acceptKeys=['return'], acceptPreText=UNKNOWN, acceptSize=UNKNOWN, acceptText='accept?', autoLog=True, choices=['Żadna', 'Mała', 'Duża', 'Całkowita'], colorSpace=UNKNOWN, depth=0, disappear=False, flipVert=False, high=3, kwargs=UNKNOWN, labels=list(...), leftKeys=['left'], lineColor='White', low=0, marker=ShapeStim(...), markerColor='DarkBlue', markerExpansion=UNKNOWN, markerStart=2.0, maxTime=0.0, minTime=0.4, mouseOnly=False, name='unnamed RatingScale', noMouse=True, pos=[0.0, -0.4], precision=1, respKeys=['0', '1', '2', '3'], rightKeys=['right'], scale=str(...), self=UNKNOWN, showAccept=True, showValue=True, singleClick=False, size=0.48, skipKeys=['tab'], stretch=1.4, textColor='LightGray', textFont='Helvetica Bold', textSize=0.096, tickHeight=1.0, tickMarks=3.0, win=Window(...))
47.0701 	EXP 	unnamed RatingScale: flipVert = False
47.0701 	EXP 	unnamed RatingScale: autoLog = True
47.5312 	DATA 	Keypress: left
47.8444 	DATA 	Keypress: return
47.8445 	DATA 	RatingScale unnamed RatingScale: (key response) rating=Mała
47.8445 	DATA 	RatingScale unnamed RatingScale: rating RT=0.797
47.8445 	DATA 	RatingScale unnamed RatingScale: history=[('Duża', 0.0), ('Mała', 0.483), ('Mała', 0.797)]
50.5702 	DATA 	Keypress: right
50.6105 	EXP 	window1: mouseVisible = False
50.6467 	EXP 	Created unnamed RatingScale = RatingScale(__class__=type(...), acceptKeys=['return'], acceptPreText=UNKNOWN, acceptSize=UNKNOWN, acceptText='accept?', autoLog=True, choices=['Żadna', 'Mała', 'Duża', 'Całkowita'], colorSpace=UNKNOWN, depth=0, disappear=False, flipVert=False, high=3, kwargs=UNKNOWN, labels=list(...), leftKeys=['left'], lineColor='White', low=0, marker=ShapeStim(...), markerColor='DarkBlue', markerExpansion=UNKNOWN, markerStart=2.0, maxTime=0.0, minTime=0.4, mouseOnly=False, name='unnamed RatingScale', noMouse=True, pos=[0.0, -0.4], precision=1, respKeys=['0', '1', '2', '3'], rightKeys=['right'], scale=str(...), self=UNKNOWN, showAccept=True, showValue=True, singleClick=False, size=0.48, skipKeys=['tab'], stretch=1.4, textColor='LightGray', textFont='Helvetica Bold', textSize=0.096, tickHeight=1.0, tickMarks=3.0, win=Window(...))
50.6700 	EXP 	unnamed RatingScale: flipVert = False
50.6700 	EXP 	unnamed RatingScale: autoLog = True
51.1976 	DATA 	Keypress: return
51.1977 	DATA 	RatingScale unnamed RatingScale: (key response) rating=Duża
51.1977 	DATA 	RatingScale unnamed RatingScale: rating RT=0.551
51.1978 	DATA 	RatingScale unnamed RatingScale: history=[('Duża', 0.0), ('Duża', 0.551)]
54.6368 	DATA 	Keypress: right
54.6771 	EXP 	window1: mouseVisible = False
54.7154 	EXP 	Created unnamed RatingScale = RatingScale(__class__=type(...), acceptKeys=['return'], acceptPreText=UNKNOWN, acceptSize=UNKNOWN, acceptText='accept?', autoLog=True, choices=['Żadna', 'Mała', 'Duża', 'Całkowita'], colorSpace=UNKNOWN, depth=0, disappear=False, flipVert=False, high=3, kwargs=UNKNOWN, labels=list(...), leftKeys=['left'], lineColor='White', low=0, marker=ShapeStim(...), markerColor='DarkBlue', markerExpansion=UNKNOWN, markerStart=2.0, maxTime=0.0, minTime=0.4, mouseOnly=False, name='unnamed RatingScale', noMouse=True, pos=[0.0, -0.4], precision=1, respKeys=['0', '1', '2', '3'], rightKeys=['right'], scale=str(...), self=UNKNOWN, showAccept=True, showValue=True, singleClick=False, size=0.48, skipKeys=['tab'], stretch=1.4, textColor='LightGray', textFont='Helvetica Bold', textSize=0.096, tickHeight=1.0, tickMarks=3.0, win=Window(...))
54.7367 	EXP 	unnamed RatingScale: flipVert = False
54.7367 	EXP 	unnamed RatingScale: autoLog = True
55.0442 	DATA 	Keypress: return
55.5293 	DATA 	Keypress: return
55.5294 	DATA 	RatingScale unnamed RatingScale: (key response) rating=Duża
55.5294 	DATA 	RatingScale unnamed RatingScale: rating RT=0.814
55.5294 	DATA 	RatingScale unnamed RatingScale: history=[('Duża', 0.0), ('Duża', 0.814)]
58.2535 	DATA 	Keypress: right
58.2939 	EXP 	window1: mouseVisible = False
58.3320 	EXP 	Created unnamed RatingScale = RatingScale(__class__=type(...), acceptKeys=['return'], acceptPreText=UNKNOWN, acceptSize=UNKNOWN, acceptText='accept?', autoLog=True, choices=['Żadna', 'Mała', 'Duża', 'Całkowita'], colorSpace=UNKNOWN, depth=0, disappear=False, flipVert=False, high=3, kwargs=UNKNOWN, labels=list(...), leftKeys=['left'], lineColor='White', low=0, marker=ShapeStim(...), markerColor='DarkBlue', markerExpansion=UNKNOWN, markerStart=2.0, maxTime=0.0, minTime=0.4, mouseOnly=False, name='unnamed RatingScale', noMouse=True, pos=[0.0, -0.4], precision=1, respKeys=['0', '1', '2', '3'], rightKeys=['right'], scale=str(...), self=UNKNOWN, showAccept=True, showValue=True, singleClick=False, size=0.48, skipKeys=['tab'], stretch=1.4, textColor='LightGray', textFont='Helvetica Bold', textSize=0.096, tickHeight=1.0, tickMarks=3.0, win=Window(...))
58.3533 	EXP 	unnamed RatingScale: flipVert = False
58.3533 	EXP 	unnamed RatingScale: autoLog = True
58.6438 	DATA 	Keypress: return
59.0939 	DATA 	Keypress: return
59.0940 	DATA 	RatingScale unnamed RatingScale: (key response) rating=Duża
59.0940 	DATA 	RatingScale unnamed RatingScale: rating RT=0.762
59.0940 	DATA 	RatingScale unnamed RatingScale: history=[('Duża', 0.0), ('Duża', 0.762)]
61.7869 	DATA 	Keypress: right
61.8272 	EXP 	window1: mouseVisible = False
61.8645 	EXP 	Created unnamed RatingScale = RatingScale(__class__=type(...), acceptKeys=['return'], acceptPreText=UNKNOWN, acceptSize=UNKNOWN, acceptText='accept?', autoLog=True, choices=['Żadna', 'Mała', 'Duża', 'Całkowita'], colorSpace=UNKNOWN, depth=0, disappear=False, flipVert=False, high=3, kwargs=UNKNOWN, labels=list(...), leftKeys=['left'], lineColor='White', low=0, marker=ShapeStim(...), markerColor='DarkBlue', markerExpansion=UNKNOWN, markerStart=2.0, maxTime=0.0, minTime=0.4, mouseOnly=False, name='unnamed RatingScale', noMouse=True, pos=[0.0, -0.4], precision=1, respKeys=['0', '1', '2', '3'], rightKeys=['right'], scale=str(...), self=UNKNOWN, showAccept=True, showValue=True, singleClick=False, size=0.48, skipKeys=['tab'], stretch=1.4, textColor='LightGray', textFont='Helvetica Bold', textSize=0.096, tickHeight=1.0, tickMarks=3.0, win=Window(...))
61.8867 	EXP 	unnamed RatingScale: flipVert = False
61.8867 	EXP 	unnamed RatingScale: autoLog = True
62.1771 	DATA 	Keypress: return
62.5287 	DATA 	Keypress: return
62.5288 	DATA 	RatingScale unnamed RatingScale: (key response) rating=Duża
62.5288 	DATA 	RatingScale unnamed RatingScale: rating RT=0.664
62.5289 	DATA 	RatingScale unnamed RatingScale: history=[('Duża', 0.0), ('Duża', 0.664)]
63.0050 	DATA 	Keypress: return
64.2049 	DATA 	Keypress: right
64.4394 	EXP 	Created unnamed TextStim = TextStim(__class__=<class 'psychopy.visual.text.TextStim'>, alignHoriz=method-wrapper(...), alignText='center', alignVert=method-wrapper(...), anchorHoriz='center', anchorVert='center', antialias=True, autoLog=True, bold=False, color=array([0.00392157, 0.00392157, 0.00392157]), colorSpace='rgb', contrast=1.0, depth=0, flipHoriz=False, flipVert=False, font='', fontFiles=[], height=20, italic=False, languageStyle='LTR', name='unnamed TextStim', opacity=1.0, ori=0.0, pos=array([0., 0.]), rgb=UNKNOWN, text=str(...), units='pix', win=Window(...), wrapWidth=1920)
68.1204 	DATA 	Keypress: space
77.1367 	DATA 	Keypress: left
77.1771 	EXP 	window1: mouseVisible = False
77.2129 	EXP 	Created unnamed RatingScale = RatingScale(__class__=type(...), acceptKeys=['return'], acceptPreText=UNKNOWN, acceptSize=UNKNOWN, acceptText='accept?', autoLog=True, choices=['Żadna', 'Mała', 'Duża', 'Całkowita'], colorSpace=UNKNOWN, depth=0, disappear=False, flipVert=False, high=3, kwargs=UNKNOWN, labels=list(...), leftKeys=['left'], lineColor='White', low=0, marker=ShapeStim(...), markerColor='DarkBlue', markerExpansion=UNKNOWN, markerStart=2.0, maxTime=0.0, minTime=0.4, mouseOnly=False, name='unnamed RatingScale', noMouse=True, pos=[0.0, -0.4], precision=1, respKeys=['0', '1', '2', '3'], rightKeys=['right'], scale=str(...), self=UNKNOWN, showAccept=True, showValue=True, singleClick=False, size=0.48, skipKeys=['tab'], stretch=1.4, textColor='LightGray', textFont='Helvetica Bold', textSize=0.096, tickHeight=1.0, tickMarks=3.0, win=Window(...))
77.2366 	EXP 	unnamed RatingScale: flipVert = False
77.2366 	EXP 	unnamed RatingScale: autoLog = True
77.6124 	DATA 	Keypress: return
78.0290 	DATA 	Keypress: return
78.0291 	DATA 	RatingScale unnamed RatingScale: (key response) rating=Duża
78.0291 	DATA 	RatingScale unnamed RatingScale: rating RT=0.816
78.0292 	DATA 	RatingScale unnamed RatingScale: history=[('Duża', 0.0), ('Duża', 0.816)]
88.4034 	DATA 	Keypress: right
88.4437 	EXP 	window1: mouseVisible = False
88.4875 	EXP 	Created unnamed RatingScale = RatingScale(__class__=type(...), acceptKeys=['return'], acceptPreText=UNKNOWN, acceptSize=UNKNOWN, acceptText='accept?', autoLog=True, choices=['Żadna', 'Mała', 'Duża', 'Całkowita'], colorSpace=UNKNOWN, depth=0, disappear=False, flipVert=False, high=3, kwargs=UNKNOWN, labels=list(...), leftKeys=['left'], lineColor='White', low=0, marker=ShapeStim(...), markerColor='DarkBlue', markerExpansion=UNKNOWN, markerStart=2.0, maxTime=0.0, minTime=0.4, mouseOnly=False, name='unnamed RatingScale', noMouse=True, pos=[0.0, -0.4], precision=1, respKeys=['0', '1', '2', '3'], rightKeys=['right'], scale=str(...), self=UNKNOWN, showAccept=True, showValue=True, singleClick=False, size=0.48, skipKeys=['tab'], stretch=1.4, textColor='LightGray', textFont='Helvetica Bold', textSize=0.096, tickHeight=1.0, tickMarks=3.0, win=Window(...))
88.5032 	EXP 	unnamed RatingScale: flipVert = False
88.5032 	EXP 	unnamed RatingScale: autoLog = True
89.0108 	DATA 	Keypress: return
89.0109 	DATA 	RatingScale unnamed RatingScale: (key response) rating=Duża
89.0110 	DATA 	RatingScale unnamed RatingScale: rating RT=0.523
89.0110 	DATA 	RatingScale unnamed RatingScale: history=[('Duża', 0.0), ('Duża', 0.523)]
90.1680 	EXP 	Created unnamed ImageStim = ImageStim(__class__=<class 'psychopy.visual.image.ImageStim'>, autoLog=True, color=array([1., 1., 1.]), colorSpace='rgb', contrast=1.0, depth=0, flipHoriz=False, flipVert=False, image='./stims/CIRCLES_LEFT.bmp', interpolate=False, mask=None, maskParams=None, name='unnamed ImageStim', opacity=1, ori=0.0, pos=array([0., 0.]), size=array([960, 720]), texRes=128, units='pix', win=Window(...))
90.2149 	EXP 	Created unnamed ImageStim = ImageStim(__class__=<class 'psychopy.visual.image.ImageStim'>, autoLog=True, color=array([1., 1., 1.]), colorSpace='rgb', contrast=1.0, depth=0, flipHoriz=False, flipVert=False, image='./stims/CIRCLES_RIGHT.bmp', interpolate=False, mask=None, maskParams=None, name='unnamed ImageStim', opacity=1, ori=0.0, pos=array([0., 0.]), size=array([960, 720]), texRes=128, units='pix', win=Window(...))
90.2600 	EXP 	Created unnamed ImageStim = ImageStim(__class__=<class 'psychopy.visual.image.ImageStim'>, autoLog=True, color=array([1., 1., 1.]), colorSpace='rgb', contrast=1.0, depth=0, flipHoriz=False, flipVert=False, image='./stims/CIRCLES_MASK.bmp', interpolate=False, mask=None, maskParams=None, name='unnamed ImageStim', opacity=1, ori=0.0, pos=array([0., 0.]), size=array([960, 720]), texRes=128, units='pix', win=Window(...))
90.2861 	EXP 	Created unnamed ImageStim = ImageStim(__class__=<class 'psychopy.visual.image.ImageStim'>, autoLog=True, color=array([1., 1., 1.]), colorSpace='rgb', contrast=1.0, depth=0, flipHoriz=False, flipVert=False, image='./stims/PRE_STIMULI.bmp', interpolate=False, mask=None, maskParams=None, name='unnamed ImageStim', opacity=1, ori=0.0, pos=array([0., 0.]), size=array([960, 720]), texRes=128, units='pix', win=Window(...))
90.2911 	EXP 	Created unnamed TextStim = TextStim(__class__=<class 'psychopy.visual.text.TextStim'>, alignHoriz=method-wrapper(...), alignText='center', alignVert=method-wrapper(...), anchorHoriz='center', anchorVert='center', antialias=True, autoLog=True, bold=False, color=array([0.00392157, 0.00392157, 0.00392157]), colorSpace='rgb', contrast=1.0, depth=0, flipHoriz=False, flipVert=False, font='', fontFiles=[], height=30, italic=False, languageStyle='LTR', name='unnamed TextStim', opacity=1.0, ori=0.0, pos=array([   0., -200.]), rgb=UNKNOWN, text='←       →', units='pix', win=Window(...), wrapWidth=500)
90.3110 	EXP 	Created unnamed TextStim = TextStim(__class__=<class 'psychopy.visual.text.TextStim'>, alignHoriz=method-wrapper(...), alignText='center', alignVert=method-wrapper(...), anchorHoriz='center', anchorVert='center', antialias=True, autoLog=True, bold=False, color=array([0.00392157, 0.00392157, 0.00392157]), colorSpace='rgb', contrast=1.0, depth=0, flipHoriz=False, flipVert=False, font='', fontFiles=[], height=20, italic=False, languageStyle='LTR', name='unnamed TextStim', opacity=1.0, ori=0.0, pos=array([   0., -180.]), rgb=UNKNOWN, text='Gdzie pojawił się WIĘKSZY okręg?', units='pix', win=Window(...), wrapWidth=500)
90.3452 	EXP 	Created unnamed TextStim = TextStim(__class__=<class 'psychopy.visual.text.TextStim'>, alignHoriz=method-wrapper(...), alignText='center', alignVert=method-wrapper(...), anchorHoriz='center', anchorVert='center', antialias=True, autoLog=True, bold=False, color=array([0.00392157, 0.00392157, 0.00392157]), colorSpace='rgb', contrast=1.0, depth=0, flipHoriz=False, flipVert=False, font='', fontFiles=[], height=20, italic=False, languageStyle='LTR', name='unnamed TextStim', opacity=1.0, ori=0.0, pos=array([0., 0.]), rgb=UNKNOWN, text=str(...), units='pix', win=Window(...), wrapWidth=1920)
91.9444 	DATA 	Keypress: space
93.8200 	DATA 	Keypress: right
93.8603 	EXP 	window1: mouseVisible = False
93.8944 	EXP 	Created unnamed RatingScale = RatingScale(__class__=type(...), acceptKeys=['return'], acceptPreText=UNKNOWN, acceptSize=UNKNOWN, acceptText='accept?', autoLog=True, choices=['Żadna', 'Mała', 'Duża', 'Całkowita'], colorSpace=UNKNOWN, depth=0, disappear=False, flipVert=False, high=3, kwargs=UNKNOWN, labels=list(...), leftKeys=['left'], lineColor='White', low=0, marker=ShapeStim(...), markerColor='DarkBlue', markerExpansion=UNKNOWN, markerStart=2.0, maxTime=0.0, minTime=0.4, mouseOnly=False, name='unnamed RatingScale', noMouse=True, pos=[0.0, -0.4], precision=1, respKeys=['0', '1', '2', '3'], rightKeys=['right'], scale=str(...), self=UNKNOWN, showAccept=True, showValue=True, singleClick=False, size=0.48, skipKeys=['tab'], stretch=1.4, textColor='LightGray', textFont='Helvetica Bold', textSize=0.096, tickHeight=1.0, tickMarks=3.0, win=Window(...))
93.9198 	EXP 	unnamed RatingScale: flipVert = False
93.9198 	EXP 	unnamed RatingScale: autoLog = True
94.5447 	DATA 	Keypress: return
94.5448 	DATA 	RatingScale unnamed RatingScale: (key response) rating=Duża
94.5448 	DATA 	RatingScale unnamed RatingScale: rating RT=0.650
94.5448 	DATA 	RatingScale unnamed RatingScale: history=[('Duża', 0.0), ('Duża', 0.65)]
97.7867 	DATA 	Keypress: right
97.8270 	EXP 	window1: mouseVisible = False
97.8647 	EXP 	Created unnamed RatingScale = RatingScale(__class__=type(...), acceptKeys=['return'], acceptPreText=UNKNOWN, acceptSize=UNKNOWN, acceptText='accept?', autoLog=True, choices=['Żadna', 'Mała', 'Duża', 'Całkowita'], colorSpace=UNKNOWN, depth=0, disappear=False, flipVert=False, high=3, kwargs=UNKNOWN, labels=list(...), leftKeys=['left'], lineColor='White', low=0, marker=ShapeStim(...), markerColor='DarkBlue', markerExpansion=UNKNOWN, markerStart=2.0, maxTime=0.0, minTime=0.4, mouseOnly=False, name='unnamed RatingScale', noMouse=True, pos=[0.0, -0.4], precision=1, respKeys=['0', '1', '2', '3'], rightKeys=['right'], scale=str(...), self=UNKNOWN, showAccept=True, showValue=True, singleClick=False, size=0.48, skipKeys=['tab'], stretch=1.4, textColor='LightGray', textFont='Helvetica Bold', textSize=0.096, tickHeight=1.0, tickMarks=3.0, win=Window(...))
97.8864 	EXP 	unnamed RatingScale: flipVert = False
97.8864 	EXP 	unnamed RatingScale: autoLog = True
98.2979 	DATA 	Keypress: return
98.2980 	DATA 	RatingScale unnamed RatingScale: (key response) rating=Duża
98.2981 	DATA 	RatingScale unnamed RatingScale: rating RT=0.433
98.2981 	DATA 	RatingScale unnamed RatingScale: history=[('Duża', 0.0), ('Duża', 0.433)]
102.0033 	DATA 	Keypress: right
102.0436 	EXP 	window1: mouseVisible = False
102.0817 	EXP 	Created unnamed RatingScale = RatingScale(__class__=type(...), acceptKeys=['return'], acceptPreText=UNKNOWN, acceptSize=UNKNOWN, acceptText='accept?', autoLog=True, choices=['Żadna', 'Mała', 'Duża', 'Całkowita'], colorSpace=UNKNOWN, depth=0, disappear=False, flipVert=False, high=3, kwargs=UNKNOWN, labels=list(...), leftKeys=['left'], lineColor='White', low=0, marker=ShapeStim(...), markerColor='DarkBlue', markerExpansion=UNKNOWN, markerStart=2.0, maxTime=0.0, minTime=0.4, mouseOnly=False, name='unnamed RatingScale', noMouse=True, pos=[0.0, -0.4], precision=1, respKeys=['0', '1', '2', '3'], rightKeys=['right'], scale=str(...), self=UNKNOWN, showAccept=True, showValue=True, singleClick=False, size=0.48, skipKeys=['tab'], stretch=1.4, textColor='LightGray', textFont='Helvetica Bold', textSize=0.096, tickHeight=1.0, tickMarks=3.0, win=Window(...))
102.1031 	EXP 	unnamed RatingScale: flipVert = False
102.1031 	EXP 	unnamed RatingScale: autoLog = True
102.6645 	DATA 	Keypress: return
102.6646 	DATA 	RatingScale unnamed RatingScale: (key response) rating=Duża
102.6646 	DATA 	RatingScale unnamed RatingScale: rating RT=0.583
102.6646 	DATA 	RatingScale unnamed RatingScale: history=[('Duża', 0.0), ('Duża', 0.583)]
105.7532 	DATA 	Keypress: right
105.7936 	EXP 	window1: mouseVisible = False
105.8295 	EXP 	Created unnamed RatingScale = RatingScale(__class__=type(...), acceptKeys=['return'], acceptPreText=UNKNOWN, acceptSize=UNKNOWN, acceptText='accept?', autoLog=True, choices=['Żadna', 'Mała', 'Duża', 'Całkowita'], colorSpace=UNKNOWN, depth=0, disappear=False, flipVert=False, high=3, kwargs=UNKNOWN, labels=list(...), leftKeys=['left'], lineColor='White', low=0, marker=ShapeStim(...), markerColor='DarkBlue', markerExpansion=UNKNOWN, markerStart=2.0, maxTime=0.0, minTime=0.4, mouseOnly=False, name='unnamed RatingScale', noMouse=True, pos=[0.0, -0.4], precision=1, respKeys=['0', '1', '2', '3'], rightKeys=['right'], scale=str(...), self=UNKNOWN, showAccept=True, showValue=True, singleClick=False, size=0.48, skipKeys=['tab'], stretch=1.4, textColor='LightGray', textFont='Helvetica Bold', textSize=0.096, tickHeight=1.0, tickMarks=3.0, win=Window(...))
105.8531 	EXP 	unnamed RatingScale: flipVert = False
105.8531 	EXP 	unnamed RatingScale: autoLog = True
106.3644 	DATA 	Keypress: return
106.3645 	DATA 	RatingScale unnamed RatingScale: (key response) rating=Duża
106.3645 	DATA 	RatingScale unnamed RatingScale: rating RT=0.535
106.3645 	DATA 	RatingScale unnamed RatingScale: history=[('Duża', 0.0), ('Duża', 0.535)]
109.6730 	DATA 	Keypress: left
109.7267 	EXP 	window1: mouseVisible = False
109.7643 	EXP 	Created unnamed RatingScale = RatingScale(__class__=type(...), acceptKeys=['return'], acceptPreText=UNKNOWN, acceptSize=UNKNOWN, acceptText='accept?', autoLog=True, choices=['Żadna', 'Mała', 'Duża', 'Całkowita'], colorSpace=UNKNOWN, depth=0, disappear=False, flipVert=False, high=3, kwargs=UNKNOWN, labels=list(...), leftKeys=['left'], lineColor='White', low=0, marker=ShapeStim(...), markerColor='DarkBlue', markerExpansion=UNKNOWN, markerStart=2.0, maxTime=0.0, minTime=0.4, mouseOnly=False, name='unnamed RatingScale', noMouse=True, pos=[0.0, -0.4], precision=1, respKeys=['0', '1', '2', '3'], rightKeys=['right'], scale=str(...), self=UNKNOWN, showAccept=True, showValue=True, singleClick=False, size=0.48, skipKeys=['tab'], stretch=1.4, textColor='LightGray', textFont='Helvetica Bold', textSize=0.096, tickHeight=1.0, tickMarks=3.0, win=Window(...))
109.7864 	EXP 	unnamed RatingScale: flipVert = False
109.7864 	EXP 	unnamed RatingScale: autoLog = True
110.2966 	DATA 	Keypress: return
110.2967 	DATA 	RatingScale unnamed RatingScale: (key response) rating=Duża
110.2967 	DATA 	RatingScale unnamed RatingScale: rating RT=0.532
110.2967 	DATA 	RatingScale unnamed RatingScale: history=[('Duża', 0.0), ('Duża', 0.532)]
113.9199 	DATA 	Keypress: left
113.9602 	EXP 	window1: mouseVisible = False
114.0036 	EXP 	Created unnamed RatingScale = RatingScale(__class__=type(...), acceptKeys=['return'], acceptPreText=UNKNOWN, acceptSize=UNKNOWN, acceptText='accept?', autoLog=True, choices=['Żadna', 'Mała', 'Duża', 'Całkowita'], colorSpace=UNKNOWN, depth=0, disappear=False, flipVert=False, high=3, kwargs=UNKNOWN, labels=list(...), leftKeys=['left'], lineColor='White', low=0, marker=ShapeStim(...), markerColor='DarkBlue', markerExpansion=UNKNOWN, markerStart=2.0, maxTime=0.0, minTime=0.4, mouseOnly=False, name='unnamed RatingScale', noMouse=True, pos=[0.0, -0.4], precision=1, respKeys=['0', '1', '2', '3'], rightKeys=['right'], scale=str(...), self=UNKNOWN, showAccept=True, showValue=True, singleClick=False, size=0.48, skipKeys=['tab'], stretch=1.4, textColor='LightGray', textFont='Helvetica Bold', textSize=0.096, tickHeight=1.0, tickMarks=3.0, win=Window(...))
114.0197 	EXP 	unnamed RatingScale: flipVert = False
114.0197 	EXP 	unnamed RatingScale: autoLog = True
114.3123 	DATA 	Keypress: return
114.7453 	DATA 	Keypress: return
114.7454 	DATA 	RatingScale unnamed RatingScale: (key response) rating=Duża
114.7454 	DATA 	RatingScale unnamed RatingScale: rating RT=0.742
114.7454 	DATA 	RatingScale unnamed RatingScale: history=[('Duża', 0.0), ('Duża', 0.742)]
117.6532 	DATA 	Keypress: right
117.6935 	EXP 	window1: mouseVisible = False
117.7296 	EXP 	Created unnamed RatingScale = RatingScale(__class__=type(...), acceptKeys=['return'], acceptPreText=UNKNOWN, acceptSize=UNKNOWN, acceptText='accept?', autoLog=True, choices=['Żadna', 'Mała', 'Duża', 'Całkowita'], colorSpace=UNKNOWN, depth=0, disappear=False, flipVert=False, high=3, kwargs=UNKNOWN, labels=list(...), leftKeys=['left'], lineColor='White', low=0, marker=ShapeStim(...), markerColor='DarkBlue', markerExpansion=UNKNOWN, markerStart=2.0, maxTime=0.0, minTime=0.4, mouseOnly=False, name='unnamed RatingScale', noMouse=True, pos=[0.0, -0.4], precision=1, respKeys=['0', '1', '2', '3'], rightKeys=['right'], scale=str(...), self=UNKNOWN, showAccept=True, showValue=True, singleClick=False, size=0.48, skipKeys=['tab'], stretch=1.4, textColor='LightGray', textFont='Helvetica Bold', textSize=0.096, tickHeight=1.0, tickMarks=3.0, win=Window(...))
117.7530 	EXP 	unnamed RatingScale: flipVert = False
117.7530 	EXP 	unnamed RatingScale: autoLog = True
118.0938 	DATA 	Keypress: return
118.5605 	DATA 	Keypress: return
118.5606 	DATA 	RatingScale unnamed RatingScale: (key response) rating=Duża
118.5606 	DATA 	RatingScale unnamed RatingScale: rating RT=0.831
118.5606 	DATA 	RatingScale unnamed RatingScale: history=[('Duża', 0.0), ('Duża', 0.831)]
121.2730 	DATA 	Keypress: right
121.3267 	EXP 	window1: mouseVisible = False
121.3644 	EXP 	Created unnamed RatingScale = RatingScale(__class__=type(...), acceptKeys=['return'], acceptPreText=UNKNOWN, acceptSize=UNKNOWN, acceptText='accept?', autoLog=True, choices=['Żadna', 'Mała', 'Duża', 'Całkowita'], colorSpace=UNKNOWN, depth=0, disappear=False, flipVert=False, high=3, kwargs=UNKNOWN, labels=list(...), leftKeys=['left'], lineColor='White', low=0, marker=ShapeStim(...), markerColor='DarkBlue', markerExpansion=UNKNOWN, markerStart=2.0, maxTime=0.0, minTime=0.4, mouseOnly=False, name='unnamed RatingScale', noMouse=True, pos=[0.0, -0.4], precision=1, respKeys=['0', '1', '2', '3'], rightKeys=['right'], scale=str(...), self=UNKNOWN, showAccept=True, showValue=True, singleClick=False, size=0.48, skipKeys=['tab'], stretch=1.4, textColor='LightGray', textFont='Helvetica Bold', textSize=0.096, tickHeight=1.0, tickMarks=3.0, win=Window(...))
121.3863 	EXP 	unnamed RatingScale: flipVert = False
121.3863 	EXP 	unnamed RatingScale: autoLog = True
121.6950 	DATA 	Keypress: return
122.0962 	DATA 	Keypress: return
122.0963 	DATA 	RatingScale unnamed RatingScale: (key response) rating=Duża
122.0963 	DATA 	RatingScale unnamed RatingScale: rating RT=0.732
122.0963 	DATA 	RatingScale unnamed RatingScale: history=[('Duża', 0.0), ('Duża', 0.732)]
125.6563 	DATA 	Keypress: right
125.7100 	EXP 	window1: mouseVisible = False
125.7489 	EXP 	Created unnamed RatingScale = RatingScale(__class__=type(...), acceptKeys=['return'], acceptPreText=UNKNOWN, acceptSize=UNKNOWN, acceptText='accept?', autoLog=True, choices=['Żadna', 'Mała', 'Duża', 'Całkowita'], colorSpace=UNKNOWN, depth=0, disappear=False, flipVert=False, high=3, kwargs=UNKNOWN, labels=list(...), leftKeys=['left'], lineColor='White', low=0, marker=ShapeStim(...), markerColor='DarkBlue', markerExpansion=UNKNOWN, markerStart=2.0, maxTime=0.0, minTime=0.4, mouseOnly=False, name='unnamed RatingScale', noMouse=True, pos=[0.0, -0.4], precision=1, respKeys=['0', '1', '2', '3'], rightKeys=['right'], scale=str(...), self=UNKNOWN, showAccept=True, showValue=True, singleClick=False, size=0.48, skipKeys=['tab'], stretch=1.4, textColor='LightGray', textFont='Helvetica Bold', textSize=0.096, tickHeight=1.0, tickMarks=3.0, win=Window(...))
125.7696 	EXP 	unnamed RatingScale: flipVert = False
125.7696 	EXP 	unnamed RatingScale: autoLog = True
126.1288 	DATA 	Keypress: return
126.5969 	DATA 	Keypress: return
126.5969 	DATA 	RatingScale unnamed RatingScale: (key response) rating=Duża
126.5969 	DATA 	RatingScale unnamed RatingScale: rating RT=0.848
126.5970 	DATA 	RatingScale unnamed RatingScale: history=[('Duża', 0.0), ('Duża', 0.848)]
129.4698 	DATA 	Keypress: right
129.5101 	EXP 	window1: mouseVisible = False
129.5474 	EXP 	Created unnamed RatingScale = RatingScale(__class__=type(...), acceptKeys=['return'], acceptPreText=UNKNOWN, acceptSize=UNKNOWN, acceptText='accept?', autoLog=True, choices=['Żadna', 'Mała', 'Duża', 'Całkowita'], colorSpace=UNKNOWN, depth=0, disappear=False, flipVert=False, high=3, kwargs=UNKNOWN, labels=list(...), leftKeys=['left'], lineColor='White', low=0, marker=ShapeStim(...), markerColor='DarkBlue', markerExpansion=UNKNOWN, markerStart=2.0, maxTime=0.0, minTime=0.4, mouseOnly=False, name='unnamed RatingScale', noMouse=True, pos=[0.0, -0.4], precision=1, respKeys=['0', '1', '2', '3'], rightKeys=['right'], scale=str(...), self=UNKNOWN, showAccept=True, showValue=True, singleClick=False, size=0.48, skipKeys=['tab'], stretch=1.4, textColor='LightGray', textFont='Helvetica Bold', textSize=0.096, tickHeight=1.0, tickMarks=3.0, win=Window(...))
129.5696 	EXP 	unnamed RatingScale: flipVert = False
129.5696 	EXP 	unnamed RatingScale: autoLog = True
129.8936 	DATA 	Keypress: return
130.2765 	DATA 	Keypress: return
130.2766 	DATA 	RatingScale unnamed RatingScale: (key response) rating=Duża
130.2767 	DATA 	RatingScale unnamed RatingScale: rating RT=0.729
130.2767 	DATA 	RatingScale unnamed RatingScale: history=[('Duża', 0.0), ('Duża', 0.729)]
133.6364 	DATA 	Keypress: left
133.6768 	EXP 	window1: mouseVisible = False
133.7165 	EXP 	Created unnamed RatingScale = RatingScale(__class__=type(...), acceptKeys=['return'], acceptPreText=UNKNOWN, acceptSize=UNKNOWN, acceptText='accept?', autoLog=True, choices=['Żadna', 'Mała', 'Duża', 'Całkowita'], colorSpace=UNKNOWN, depth=0, disappear=False, flipVert=False, high=3, kwargs=UNKNOWN, labels=list(...), leftKeys=['left'], lineColor='White', low=0, marker=ShapeStim(...), markerColor='DarkBlue', markerExpansion=UNKNOWN, markerStart=2.0, maxTime=0.0, minTime=0.4, mouseOnly=False, name='unnamed RatingScale', noMouse=True, pos=[0.0, -0.4], precision=1, respKeys=['0', '1', '2', '3'], rightKeys=['right'], scale=str(...), self=UNKNOWN, showAccept=True, showValue=True, singleClick=False, size=0.48, skipKeys=['tab'], stretch=1.4, textColor='LightGray', textFont='Helvetica Bold', textSize=0.096, tickHeight=1.0, tickMarks=3.0, win=Window(...))
133.7362 	EXP 	unnamed RatingScale: flipVert = False
133.7362 	EXP 	unnamed RatingScale: autoLog = True
134.0976 	DATA 	Keypress: return
134.4604 	DATA 	Keypress: return
134.4605 	DATA 	RatingScale unnamed RatingScale: (key response) rating=Duża
134.4605 	DATA 	RatingScale unnamed RatingScale: rating RT=0.744
134.4606 	DATA 	RatingScale unnamed RatingScale: history=[('Duża', 0.0), ('Duża', 0.744)]
137.8698 	DATA 	Keypress: right
137.9101 	EXP 	window1: mouseVisible = False
137.9473 	EXP 	Created unnamed RatingScale = RatingScale(__class__=type(...), acceptKeys=['return'], acceptPreText=UNKNOWN, acceptSize=UNKNOWN, acceptText='accept?', autoLog=True, choices=['Żadna', 'Mała', 'Duża', 'Całkowita'], colorSpace=UNKNOWN, depth=0, disappear=False, flipVert=False, high=3, kwargs=UNKNOWN, labels=list(...), leftKeys=['left'], lineColor='White', low=0, marker=ShapeStim(...), markerColor='DarkBlue', markerExpansion=UNKNOWN, markerStart=2.0, maxTime=0.0, minTime=0.4, mouseOnly=False, name='unnamed RatingScale', noMouse=True, pos=[0.0, -0.4], precision=1, respKeys=['0', '1', '2', '3'], rightKeys=['right'], scale=str(...), self=UNKNOWN, showAccept=True, showValue=True, singleClick=False, size=0.48, skipKeys=['tab'], stretch=1.4, textColor='LightGray', textFont='Helvetica Bold', textSize=0.096, tickHeight=1.0, tickMarks=3.0, win=Window(...))
137.9696 	EXP 	unnamed RatingScale: flipVert = False
137.9696 	EXP 	unnamed RatingScale: autoLog = True
138.3308 	DATA 	Keypress: return
138.6974 	DATA 	Keypress: return
138.6975 	DATA 	RatingScale unnamed RatingScale: (key response) rating=Duża
138.6975 	DATA 	RatingScale unnamed RatingScale: rating RT=0.750
138.6976 	DATA 	RatingScale unnamed RatingScale: history=[('Duża', 0.0), ('Duża', 0.75)]
141.7697 	DATA 	Keypress: left
141.8101 	EXP 	window1: mouseVisible = False
141.8488 	EXP 	Created unnamed RatingScale = RatingScale(__class__=type(...), acceptKeys=['return'], acceptPreText=UNKNOWN, acceptSize=UNKNOWN, acceptText='accept?', autoLog=True, choices=['Żadna', 'Mała', 'Duża', 'Całkowita'], colorSpace=UNKNOWN, depth=0, disappear=False, flipVert=False, high=3, kwargs=UNKNOWN, labels=list(...), leftKeys=['left'], lineColor='White', low=0, marker=ShapeStim(...), markerColor='DarkBlue', markerExpansion=UNKNOWN, markerStart=2.0, maxTime=0.0, minTime=0.4, mouseOnly=False, name='unnamed RatingScale', noMouse=True, pos=[0.0, -0.4], precision=1, respKeys=['0', '1', '2', '3'], rightKeys=['right'], scale=str(...), self=UNKNOWN, showAccept=True, showValue=True, singleClick=False, size=0.48, skipKeys=['tab'], stretch=1.4, textColor='LightGray', textFont='Helvetica Bold', textSize=0.096, tickHeight=1.0, tickMarks=3.0, win=Window(...))
141.8696 	EXP 	unnamed RatingScale: flipVert = False
141.8696 	EXP 	unnamed RatingScale: autoLog = True
142.2802 	DATA 	Keypress: return
142.2934 	DATA 	RatingScale unnamed RatingScale: (key response) rating=Duża
142.2934 	DATA 	RatingScale unnamed RatingScale: rating RT=0.445
142.2935 	DATA 	RatingScale unnamed RatingScale: history=[('Duża', 0.0), ('Duża', 0.445)]
144.9365 	DATA 	Keypress: right
144.9768 	EXP 	window1: mouseVisible = False
145.0143 	EXP 	Created unnamed RatingScale = RatingScale(__class__=type(...), acceptKeys=['return'], acceptPreText=UNKNOWN, acceptSize=UNKNOWN, acceptText='accept?', autoLog=True, choices=['Żadna', 'Mała', 'Duża', 'Całkowita'], colorSpace=UNKNOWN, depth=0, disappear=False, flipVert=False, high=3, kwargs=UNKNOWN, labels=list(...), leftKeys=['left'], lineColor='White', low=0, marker=ShapeStim(...), markerColor='DarkBlue', markerExpansion=UNKNOWN, markerStart=2.0, maxTime=0.0, minTime=0.4, mouseOnly=False, name='unnamed RatingScale', noMouse=True, pos=[0.0, -0.4], precision=1, respKeys=['0', '1', '2', '3'], rightKeys=['right'], scale=str(...), self=UNKNOWN, showAccept=True, showValue=True, singleClick=False, size=0.48, skipKeys=['tab'], stretch=1.4, textColor='LightGray', textFont='Helvetica Bold', textSize=0.096, tickHeight=1.0, tickMarks=3.0, win=Window(...))
145.0362 	EXP 	unnamed RatingScale: flipVert = False
145.0362 	EXP 	unnamed RatingScale: autoLog = True
145.4121 	DATA 	Keypress: return
145.8976 	DATA 	Keypress: return
145.8977 	DATA 	RatingScale unnamed RatingScale: (key response) rating=Duża
145.8977 	DATA 	RatingScale unnamed RatingScale: rating RT=0.883
145.8978 	DATA 	RatingScale unnamed RatingScale: history=[('Duża', 0.0), ('Duża', 0.883)]
147.6515 	EXP 	Created unnamed TextStim = TextStim(__class__=<class 'psychopy.visual.text.TextStim'>, alignHoriz=method-wrapper(...), alignText='center', alignVert=method-wrapper(...), anchorHoriz='center', anchorVert='center', antialias=True, autoLog=True, bold=False, color=array([0.00392157, 0.00392157, 0.00392157]), colorSpace='rgb', contrast=1.0, depth=0, flipHoriz=False, flipVert=False, font='', fontFiles=[], height=20, italic=False, languageStyle='LTR', name='unnamed TextStim', opacity=1.0, ori=0.0, pos=array([0., 0.]), rgb=UNKNOWN, text=str(...), units='pix', win=Window(...), wrapWidth=1920)
149.3681 	DATA 	Keypress: space
158.1224 	DATA 	Keypress: right
158.1764 	EXP 	window1: mouseVisible = False
158.2145 	EXP 	Created unnamed RatingScale = RatingScale(__class__=type(...), acceptKeys=['return'], acceptPreText=UNKNOWN, acceptSize=UNKNOWN, acceptText='accept?', autoLog=True, choices=['Żadna', 'Mała', 'Duża', 'Całkowita'], colorSpace=UNKNOWN, depth=0, disappear=False, flipVert=False, high=3, kwargs=UNKNOWN, labels=list(...), leftKeys=['left'], lineColor='White', low=0, marker=ShapeStim(...), markerColor='DarkBlue', markerExpansion=UNKNOWN, markerStart=2.0, maxTime=0.0, minTime=0.4, mouseOnly=False, name='unnamed RatingScale', noMouse=True, pos=[0.0, -0.4], precision=1, respKeys=['0', '1', '2', '3'], rightKeys=['right'], scale=str(...), self=UNKNOWN, showAccept=True, showValue=True, singleClick=False, size=0.48, skipKeys=['tab'], stretch=1.4, textColor='LightGray', textFont='Helvetica Bold', textSize=0.096, tickHeight=1.0, tickMarks=3.0, win=Window(...))
158.2361 	EXP 	unnamed RatingScale: flipVert = False
158.2361 	EXP 	unnamed RatingScale: autoLog = True
158.7475 	DATA 	Keypress: return
158.7476 	DATA 	RatingScale unnamed RatingScale: (key response) rating=Duża
158.7476 	DATA 	RatingScale unnamed RatingScale: rating RT=0.533
158.7477 	DATA 	RatingScale unnamed RatingScale: history=[('Duża', 0.0), ('Duża', 0.533)]
169.1362 	DATA 	Keypress: right
169.1766 	EXP 	window1: mouseVisible = False
169.2216 	EXP 	Created unnamed RatingScale = RatingScale(__class__=type(...), acceptKeys=['return'], acceptPreText=UNKNOWN, acceptSize=UNKNOWN, acceptText='accept?', autoLog=True, choices=['Żadna', 'Mała', 'Duża', 'Całkowita'], colorSpace=UNKNOWN, depth=0, disappear=False, flipVert=False, high=3, kwargs=UNKNOWN, labels=list(...), leftKeys=['left'], lineColor='White', low=0, marker=ShapeStim(...), markerColor='DarkBlue', markerExpansion=UNKNOWN, markerStart=2.0, maxTime=0.0, minTime=0.4, mouseOnly=False, name='unnamed RatingScale', noMouse=True, pos=[0.0, -0.4], precision=1, respKeys=['0', '1', '2', '3'], rightKeys=['right'], scale=str(...), self=UNKNOWN, showAccept=True, showValue=True, singleClick=False, size=0.48, skipKeys=['tab'], stretch=1.4, textColor='LightGray', textFont='Helvetica Bold', textSize=0.096, tickHeight=1.0, tickMarks=3.0, win=Window(...))
169.2361 	EXP 	unnamed RatingScale: flipVert = False
169.2361 	EXP 	unnamed RatingScale: autoLog = True
169.6934 	DATA 	Keypress: return
169.6935 	DATA 	RatingScale unnamed RatingScale: (key response) rating=Duża
169.6935 	DATA 	RatingScale unnamed RatingScale: rating RT=0.472
169.6936 	DATA 	RatingScale unnamed RatingScale: history=[('Duża', 0.0), ('Duża', 0.472)]
170.8826 	EXP 	Created unnamed TextStim = TextStim(__class__=<class 'psychopy.visual.text.TextStim'>, alignHoriz=method-wrapper(...), alignText='center', alignVert=method-wrapper(...), anchorHoriz='center', anchorVert='center', antialias=True, autoLog=True, bold=False, color=array([0.00392157, 0.00392157, 0.00392157]), colorSpace='rgb', contrast=1.0, depth=0, flipHoriz=False, flipVert=False, font='', fontFiles=[], height=20, italic=False, languageStyle='LTR', name='unnamed TextStim', opacity=1.0, ori=0.0, pos=array([0., 0.]), rgb=UNKNOWN, text=str(...), units='pix', win=Window(...), wrapWidth=1920)
180.6481 	DATA 	Keypress: space
180.6599 	EXP 	Created unnamed TextStim = TextStim(__class__=<class 'psychopy.visual.text.TextStim'>, alignHoriz=method-wrapper(...), alignText='center', alignVert=method-wrapper(...), anchorHoriz='center', anchorVert='center', antialias=True, autoLog=True, bold=False, color=array([0.00392157, 0.00392157, 0.00392157]), colorSpace='rgb', contrast=1.0, depth=0, flipHoriz=False, flipVert=False, font='', fontFiles=[], height=60, italic=False, languageStyle='LTR', name='unnamed TextStim', opacity=1.0, ori=0.0, pos=array([0., 0.]), rgb=UNKNOWN, text='+', units='pix', win=Window(...), wrapWidth=500)
190.7947 	EXP 	Created unnamed TextStim = TextStim(__class__=<class 'psychopy.visual.text.TextStim'>, alignHoriz=method-wrapper(...), alignText='center', alignVert=method-wrapper(...), anchorHoriz='center', anchorVert='center', antialias=True, autoLog=True, bold=False, color=array([0.00392157, 0.00392157, 0.00392157]), colorSpace='rgb', contrast=1.0, depth=0, flipHoriz=False, flipVert=False, font='', fontFiles=[], height=20, italic=False, languageStyle='LTR', name='unnamed TextStim', opacity=1.0, ori=0.0, pos=array([0., 0.]), rgb=UNKNOWN, text=str(...), units='pix', win=Window(...), wrapWidth=1920)
192.3279 	DATA 	Keypress: space
192.3481 	EXP 	window1: mouseVisible = True
