4.5486 	INFO 	FRAME RATE: 60
4.5487 	INFO 	SCREEN RES: [1920, 1080]
4.6140 	EXP 	Created unnamed TextStim = TextStim(__class__=<class 'psychopy.visual.text.TextStim'>, alignHoriz=method-wrapper(...), alignText='center', alignVert=method-wrapper(...), anchorHoriz='center', anchorVert='center', antialias=True, autoLog=True, bold=False, color=array([0.00392157, 0.00392157, 0.00392157]), colorSpace='rgb', contrast=1.0, depth=0, flipHoriz=False, flipVert=False, font='', fontFiles=[], height=40, italic=False, languageStyle='LTR', name='unnamed TextStim', opacity=1.0, ori=0.0, pos=array([0., 0.]), rgb=UNKNOWN, text='Poprawna odpowiedź', units='pix', win=Window(...), wrapWidth=500)
4.6182 	EXP 	Created unnamed TextStim = TextStim(__class__=<class 'psychopy.visual.text.TextStim'>, alignHoriz=method-wrapper(...), alignText='center', alignVert=method-wrapper(...), anchorHoriz='center', anchorVert='center', antialias=True, autoLog=True, bold=False, color=array([0.00392157, 0.00392157, 0.00392157]), colorSpace='rgb', contrast=1.0, depth=0, flipHoriz=False, flipVert=False, font='', fontFiles=[], height=40, italic=False, languageStyle='LTR', name='unnamed TextStim', opacity=1.0, ori=0.0, pos=array([0., 0.]), rgb=UNKNOWN, text='Niepoprawna odpowiedź', units='pix', win=Window(...), wrapWidth=500)
4.6246 	EXP 	Created unnamed TextStim = TextStim(__class__=<class 'psychopy.visual.text.TextStim'>, alignHoriz=method-wrapper(...), alignText='center', alignVert=method-wrapper(...), anchorHoriz='center', anchorVert='center', antialias=True, autoLog=True, bold=False, color=array([0.00392157, 0.00392157, 0.00392157]), colorSpace='rgb', contrast=1.0, depth=0, flipHoriz=False, flipVert=False, font='', fontFiles=[], height=40, italic=False, languageStyle='LTR', name='unnamed TextStim', opacity=1.0, ori=0.0, pos=array([0., 0.]), rgb=UNKNOWN, text='Nie udzieliłeś odpowiedzi', units='pix', win=Window(...), wrapWidth=500)
4.6358 	EXP 	Created unnamed TextStim = TextStim(__class__=<class 'psychopy.visual.text.TextStim'>, alignHoriz=method-wrapper(...), alignText='center', alignVert=method-wrapper(...), anchorHoriz='center', anchorVert='center', antialias=True, autoLog=True, bold=False, color=array([0.00392157, 0.00392157, 0.00392157]), colorSpace='rgb', contrast=1.0, depth=0, flipHoriz=False, flipVert=False, font='', fontFiles=[], height=20, italic=False, languageStyle='LTR', name='unnamed TextStim', opacity=1.0, ori=0.0, pos=array([0., 0.]), rgb=UNKNOWN, text='Poczekaj na przyjście badacza. ', units='pix', win=Window(...), wrapWidth=1920)
5.7025 	DATA 	Keypress: space
5.7693 	EXP 	Created unnamed ImageStim = ImageStim(__class__=<class 'psychopy.visual.image.ImageStim'>, autoLog=True, color=array([1., 1., 1.]), colorSpace='rgb', contrast=1.0, depth=0, flipHoriz=False, flipVert=False, image='./stims/SQUARES_LEFT.bmp', interpolate=False, mask=None, maskParams=None, name='unnamed ImageStim', opacity=1, ori=0.0, pos=array([0., 0.]), size=array([960, 720]), texRes=128, units='pix', win=Window(...))
5.8174 	EXP 	Created unnamed ImageStim = ImageStim(__class__=<class 'psychopy.visual.image.ImageStim'>, autoLog=True, color=array([1., 1., 1.]), colorSpace='rgb', contrast=1.0, depth=0, flipHoriz=False, flipVert=False, image='./stims/SQUARES_RIGHT.bmp', interpolate=False, mask=None, maskParams=None, name='unnamed ImageStim', opacity=1, ori=0.0, pos=array([0., 0.]), size=array([960, 720]), texRes=128, units='pix', win=Window(...))
5.8632 	EXP 	Created unnamed ImageStim = ImageStim(__class__=<class 'psychopy.visual.image.ImageStim'>, autoLog=True, color=array([1., 1., 1.]), colorSpace='rgb', contrast=1.0, depth=0, flipHoriz=False, flipVert=False, image='./stims/SQUARES_MASK.bmp', interpolate=False, mask=None, maskParams=None, name='unnamed ImageStim', opacity=1, ori=0.0, pos=array([0., 0.]), size=array([960, 720]), texRes=128, units='pix', win=Window(...))
5.8897 	EXP 	Created unnamed ImageStim = ImageStim(__class__=<class 'psychopy.visual.image.ImageStim'>, autoLog=True, color=array([1., 1., 1.]), colorSpace='rgb', contrast=1.0, depth=0, flipHoriz=False, flipVert=False, image='./stims/PRE_STIMULI.bmp', interpolate=False, mask=None, maskParams=None, name='unnamed ImageStim', opacity=1, ori=0.0, pos=array([0., 0.]), size=array([960, 720]), texRes=128, units='pix', win=Window(...))
5.8966 	EXP 	Created unnamed TextStim = TextStim(__class__=<class 'psychopy.visual.text.TextStim'>, alignHoriz=method-wrapper(...), alignText='center', alignVert=method-wrapper(...), anchorHoriz='center', anchorVert='center', antialias=True, autoLog=True, bold=False, color=array([0.00392157, 0.00392157, 0.00392157]), colorSpace='rgb', contrast=1.0, depth=0, flipHoriz=False, flipVert=False, font='', fontFiles=[], height=30, italic=False, languageStyle='LTR', name='unnamed TextStim', opacity=1.0, ori=0.0, pos=array([   0., -200.]), rgb=UNKNOWN, text='←       →', units='pix', win=Window(...), wrapWidth=500)
5.9107 	EXP 	Created unnamed TextStim = TextStim(__class__=<class 'psychopy.visual.text.TextStim'>, alignHoriz=method-wrapper(...), alignText='center', alignVert=method-wrapper(...), anchorHoriz='center', anchorVert='center', antialias=True, autoLog=True, bold=False, color=array([0.00392157, 0.00392157, 0.00392157]), colorSpace='rgb', contrast=1.0, depth=0, flipHoriz=False, flipVert=False, font='', fontFiles=[], height=20, italic=False, languageStyle='LTR', name='unnamed TextStim', opacity=1.0, ori=0.0, pos=array([   0., -180.]), rgb=UNKNOWN, text='Gdzie pojawił się OBROCONY kwadrat?', units='pix', win=Window(...), wrapWidth=500)
5.9678 	EXP 	Created unnamed TextStim = TextStim(__class__=<class 'psychopy.visual.text.TextStim'>, alignHoriz=method-wrapper(...), alignText='center', alignVert=method-wrapper(...), anchorHoriz='center', anchorVert='center', antialias=True, autoLog=True, bold=False, color=array([0.00392157, 0.00392157, 0.00392157]), colorSpace='rgb', contrast=1.0, depth=0, flipHoriz=False, flipVert=False, font='', fontFiles=[], height=20, italic=False, languageStyle='LTR', name='unnamed TextStim', opacity=1.0, ori=0.0, pos=array([0., 0.]), rgb=UNKNOWN, text=str(...), units='pix', win=Window(...), wrapWidth=1920)
6.8862 	DATA 	Keypress: right
8.2325 	DATA 	Keypress: right
8.2874 	EXP 	window1: mouseVisible = False
8.3382 	EXP 	Created unnamed RatingScale = RatingScale(__class__=type(...), acceptKeys=['return'], acceptPreText=UNKNOWN, acceptSize=UNKNOWN, acceptText='accept?', autoLog=True, choices=['Żadna', 'Mała', 'Duża', 'Całkowita'], colorSpace=UNKNOWN, depth=0, disappear=False, flipVert=False, high=3, kwargs=UNKNOWN, labels=list(...), leftKeys=['left'], lineColor='White', low=0, marker=ShapeStim(...), markerColor='DarkBlue', markerExpansion=UNKNOWN, markerStart=2.0, maxTime=0.0, minTime=0.4, mouseOnly=False, name='unnamed RatingScale', noMouse=True, pos=[0.0, -0.4], precision=1, respKeys=['0', '1', '2', '3'], rightKeys=['right'], scale=str(...), self=UNKNOWN, showAccept=True, showValue=True, singleClick=False, size=0.48, skipKeys=['tab'], stretch=1.4, textColor='LightGray', textFont='Helvetica Bold', textSize=0.096, tickHeight=1.0, tickMarks=3.0, win=Window(...))
8.3627 	EXP 	unnamed RatingScale: flipVert = False
8.3627 	EXP 	unnamed RatingScale: autoLog = True
8.9393 	DATA 	Keypress: return
8.9394 	DATA 	RatingScale unnamed RatingScale: (key response) rating=Duża
8.9394 	DATA 	RatingScale unnamed RatingScale: rating RT=0.601
8.9394 	DATA 	RatingScale unnamed RatingScale: history=[('Duża', 0.0), ('Duża', 0.601)]
11.7795 	DATA 	Keypress: left
11.8199 	EXP 	window1: mouseVisible = False
11.8553 	EXP 	Created unnamed RatingScale = RatingScale(__class__=type(...), acceptKeys=['return'], acceptPreText=UNKNOWN, acceptSize=UNKNOWN, acceptText='accept?', autoLog=True, choices=['Żadna', 'Mała', 'Duża', 'Całkowita'], colorSpace=UNKNOWN, depth=0, disappear=False, flipVert=False, high=3, kwargs=UNKNOWN, labels=list(...), leftKeys=['left'], lineColor='White', low=0, marker=ShapeStim(...), markerColor='DarkBlue', markerExpansion=UNKNOWN, markerStart=2.0, maxTime=0.0, minTime=0.4, mouseOnly=False, name='unnamed RatingScale', noMouse=True, pos=[0.0, -0.4], precision=1, respKeys=['0', '1', '2', '3'], rightKeys=['right'], scale=str(...), self=UNKNOWN, showAccept=True, showValue=True, singleClick=False, size=0.48, skipKeys=['tab'], stretch=1.4, textColor='LightGray', textFont='Helvetica Bold', textSize=0.096, tickHeight=1.0, tickMarks=3.0, win=Window(...))
11.8793 	EXP 	unnamed RatingScale: flipVert = False
11.8793 	EXP 	unnamed RatingScale: autoLog = True
12.5205 	DATA 	Keypress: return
12.5206 	DATA 	RatingScale unnamed RatingScale: (key response) rating=Duża
12.5206 	DATA 	RatingScale unnamed RatingScale: rating RT=0.665
12.5206 	DATA 	RatingScale unnamed RatingScale: history=[('Duża', 0.0), ('Duża', 0.665)]
15.7295 	DATA 	Keypress: left
15.7698 	EXP 	window1: mouseVisible = False
15.8081 	EXP 	Created unnamed RatingScale = RatingScale(__class__=type(...), acceptKeys=['return'], acceptPreText=UNKNOWN, acceptSize=UNKNOWN, acceptText='accept?', autoLog=True, choices=['Żadna', 'Mała', 'Duża', 'Całkowita'], colorSpace=UNKNOWN, depth=0, disappear=False, flipVert=False, high=3, kwargs=UNKNOWN, labels=list(...), leftKeys=['left'], lineColor='White', low=0, marker=ShapeStim(...), markerColor='DarkBlue', markerExpansion=UNKNOWN, markerStart=2.0, maxTime=0.0, minTime=0.4, mouseOnly=False, name='unnamed RatingScale', noMouse=True, pos=[0.0, -0.4], precision=1, respKeys=['0', '1', '2', '3'], rightKeys=['right'], scale=str(...), self=UNKNOWN, showAccept=True, showValue=True, singleClick=False, size=0.48, skipKeys=['tab'], stretch=1.4, textColor='LightGray', textFont='Helvetica Bold', textSize=0.096, tickHeight=1.0, tickMarks=3.0, win=Window(...))
15.8293 	EXP 	unnamed RatingScale: flipVert = False
15.8293 	EXP 	unnamed RatingScale: autoLog = True
16.4211 	DATA 	Keypress: return
16.4212 	DATA 	RatingScale unnamed RatingScale: (key response) rating=Duża
16.4212 	DATA 	RatingScale unnamed RatingScale: rating RT=0.613
16.4213 	DATA 	RatingScale unnamed RatingScale: history=[('Duża', 0.0), ('Duża', 0.613)]
19.7992 	DATA 	Keypress: right
19.8529 	EXP 	window1: mouseVisible = False
19.8953 	EXP 	Created unnamed RatingScale = RatingScale(__class__=type(...), acceptKeys=['return'], acceptPreText=UNKNOWN, acceptSize=UNKNOWN, acceptText='accept?', autoLog=True, choices=['Żadna', 'Mała', 'Duża', 'Całkowita'], colorSpace=UNKNOWN, depth=0, disappear=False, flipVert=False, high=3, kwargs=UNKNOWN, labels=list(...), leftKeys=['left'], lineColor='White', low=0, marker=ShapeStim(...), markerColor='DarkBlue', markerExpansion=UNKNOWN, markerStart=2.0, maxTime=0.0, minTime=0.4, mouseOnly=False, name='unnamed RatingScale', noMouse=True, pos=[0.0, -0.4], precision=1, respKeys=['0', '1', '2', '3'], rightKeys=['right'], scale=str(...), self=UNKNOWN, showAccept=True, showValue=True, singleClick=False, size=0.48, skipKeys=['tab'], stretch=1.4, textColor='LightGray', textFont='Helvetica Bold', textSize=0.096, tickHeight=1.0, tickMarks=3.0, win=Window(...))
19.9126 	EXP 	unnamed RatingScale: flipVert = False
19.9126 	EXP 	unnamed RatingScale: autoLog = True
20.3393 	DATA 	Keypress: return
20.3394 	DATA 	RatingScale unnamed RatingScale: (key response) rating=Duża
20.3394 	DATA 	RatingScale unnamed RatingScale: rating RT=0.444
20.3394 	DATA 	RatingScale unnamed RatingScale: history=[('Duża', 0.0), ('Duża', 0.444)]
23.6128 	DATA 	Keypress: right
23.6531 	EXP 	window1: mouseVisible = False
23.6912 	EXP 	Created unnamed RatingScale = RatingScale(__class__=type(...), acceptKeys=['return'], acceptPreText=UNKNOWN, acceptSize=UNKNOWN, acceptText='accept?', autoLog=True, choices=['Żadna', 'Mała', 'Duża', 'Całkowita'], colorSpace=UNKNOWN, depth=0, disappear=False, flipVert=False, high=3, kwargs=UNKNOWN, labels=list(...), leftKeys=['left'], lineColor='White', low=0, marker=ShapeStim(...), markerColor='DarkBlue', markerExpansion=UNKNOWN, markerStart=2.0, maxTime=0.0, minTime=0.4, mouseOnly=False, name='unnamed RatingScale', noMouse=True, pos=[0.0, -0.4], precision=1, respKeys=['0', '1', '2', '3'], rightKeys=['right'], scale=str(...), self=UNKNOWN, showAccept=True, showValue=True, singleClick=False, size=0.48, skipKeys=['tab'], stretch=1.4, textColor='LightGray', textFont='Helvetica Bold', textSize=0.096, tickHeight=1.0, tickMarks=3.0, win=Window(...))
23.7126 	EXP 	unnamed RatingScale: flipVert = False
23.7126 	EXP 	unnamed RatingScale: autoLog = True
24.0401 	DATA 	Keypress: return
24.6371 	DATA 	Keypress: return
24.6372 	DATA 	RatingScale unnamed RatingScale: (key response) rating=Duża
24.6372 	DATA 	RatingScale unnamed RatingScale: rating RT=0.946
24.6372 	DATA 	RatingScale unnamed RatingScale: history=[('Duża', 0.0), ('Duża', 0.946)]
27.7992 	DATA 	Keypress: right
27.8529 	EXP 	window1: mouseVisible = False
27.8906 	EXP 	Created unnamed RatingScale = RatingScale(__class__=type(...), acceptKeys=['return'], acceptPreText=UNKNOWN, acceptSize=UNKNOWN, acceptText='accept?', autoLog=True, choices=['Żadna', 'Mała', 'Duża', 'Całkowita'], colorSpace=UNKNOWN, depth=0, disappear=False, flipVert=False, high=3, kwargs=UNKNOWN, labels=list(...), leftKeys=['left'], lineColor='White', low=0, marker=ShapeStim(...), markerColor='DarkBlue', markerExpansion=UNKNOWN, markerStart=2.0, maxTime=0.0, minTime=0.4, mouseOnly=False, name='unnamed RatingScale', noMouse=True, pos=[0.0, -0.4], precision=1, respKeys=['0', '1', '2', '3'], rightKeys=['right'], scale=str(...), self=UNKNOWN, showAccept=True, showValue=True, singleClick=False, size=0.48, skipKeys=['tab'], stretch=1.4, textColor='LightGray', textFont='Helvetica Bold', textSize=0.096, tickHeight=1.0, tickMarks=3.0, win=Window(...))
27.9126 	EXP 	unnamed RatingScale: flipVert = False
27.9126 	EXP 	unnamed RatingScale: autoLog = True
28.4560 	DATA 	Keypress: right
29.1879 	DATA 	Keypress: return
29.1880 	DATA 	RatingScale unnamed RatingScale: (key response) rating=Całkowita
29.1880 	DATA 	RatingScale unnamed RatingScale: rating RT=1.297
29.1880 	DATA 	RatingScale unnamed RatingScale: history=[('Duża', 0.0), ('Całkowita', 0.565), ('Całkowita', 1.297)]
32.0294 	DATA 	Keypress: right
32.0697 	EXP 	window1: mouseVisible = False
32.1065 	EXP 	Created unnamed RatingScale = RatingScale(__class__=type(...), acceptKeys=['return'], acceptPreText=UNKNOWN, acceptSize=UNKNOWN, acceptText='accept?', autoLog=True, choices=['Żadna', 'Mała', 'Duża', 'Całkowita'], colorSpace=UNKNOWN, depth=0, disappear=False, flipVert=False, high=3, kwargs=UNKNOWN, labels=list(...), leftKeys=['left'], lineColor='White', low=0, marker=ShapeStim(...), markerColor='DarkBlue', markerExpansion=UNKNOWN, markerStart=2.0, maxTime=0.0, minTime=0.4, mouseOnly=False, name='unnamed RatingScale', noMouse=True, pos=[0.0, -0.4], precision=1, respKeys=['0', '1', '2', '3'], rightKeys=['right'], scale=str(...), self=UNKNOWN, showAccept=True, showValue=True, singleClick=False, size=0.48, skipKeys=['tab'], stretch=1.4, textColor='LightGray', textFont='Helvetica Bold', textSize=0.096, tickHeight=1.0, tickMarks=3.0, win=Window(...))
32.1292 	EXP 	unnamed RatingScale: flipVert = False
32.1292 	EXP 	unnamed RatingScale: autoLog = True
32.5593 	DATA 	Keypress: return
32.5593 	DATA 	RatingScale unnamed RatingScale: (key response) rating=Duża
32.5593 	DATA 	RatingScale unnamed RatingScale: rating RT=0.453
32.5594 	DATA 	RatingScale unnamed RatingScale: history=[('Duża', 0.0), ('Duża', 0.453)]
35.9961 	DATA 	Keypress: right
36.0364 	EXP 	window1: mouseVisible = False
36.0739 	EXP 	Created unnamed RatingScale = RatingScale(__class__=type(...), acceptKeys=['return'], acceptPreText=UNKNOWN, acceptSize=UNKNOWN, acceptText='accept?', autoLog=True, choices=['Żadna', 'Mała', 'Duża', 'Całkowita'], colorSpace=UNKNOWN, depth=0, disappear=False, flipVert=False, high=3, kwargs=UNKNOWN, labels=list(...), leftKeys=['left'], lineColor='White', low=0, marker=ShapeStim(...), markerColor='DarkBlue', markerExpansion=UNKNOWN, markerStart=2.0, maxTime=0.0, minTime=0.4, mouseOnly=False, name='unnamed RatingScale', noMouse=True, pos=[0.0, -0.4], precision=1, respKeys=['0', '1', '2', '3'], rightKeys=['right'], scale=str(...), self=UNKNOWN, showAccept=True, showValue=True, singleClick=False, size=0.48, skipKeys=['tab'], stretch=1.4, textColor='LightGray', textFont='Helvetica Bold', textSize=0.096, tickHeight=1.0, tickMarks=3.0, win=Window(...))
36.0959 	EXP 	unnamed RatingScale: flipVert = False
36.0959 	EXP 	unnamed RatingScale: autoLog = True
36.4393 	DATA 	Keypress: return
36.9365 	DATA 	Keypress: return
36.9366 	DATA 	RatingScale unnamed RatingScale: (key response) rating=Duża
36.9366 	DATA 	RatingScale unnamed RatingScale: rating RT=0.863
36.9366 	DATA 	RatingScale unnamed RatingScale: history=[('Duża', 0.0), ('Duża', 0.863)]
39.7627 	DATA 	Keypress: right
39.8030 	EXP 	window1: mouseVisible = False
39.8413 	EXP 	Created unnamed RatingScale = RatingScale(__class__=type(...), acceptKeys=['return'], acceptPreText=UNKNOWN, acceptSize=UNKNOWN, acceptText='accept?', autoLog=True, choices=['Żadna', 'Mała', 'Duża', 'Całkowita'], colorSpace=UNKNOWN, depth=0, disappear=False, flipVert=False, high=3, kwargs=UNKNOWN, labels=list(...), leftKeys=['left'], lineColor='White', low=0, marker=ShapeStim(...), markerColor='DarkBlue', markerExpansion=UNKNOWN, markerStart=2.0, maxTime=0.0, minTime=0.4, mouseOnly=False, name='unnamed RatingScale', noMouse=True, pos=[0.0, -0.4], precision=1, respKeys=['0', '1', '2', '3'], rightKeys=['right'], scale=str(...), self=UNKNOWN, showAccept=True, showValue=True, singleClick=False, size=0.48, skipKeys=['tab'], stretch=1.4, textColor='LightGray', textFont='Helvetica Bold', textSize=0.096, tickHeight=1.0, tickMarks=3.0, win=Window(...))
39.8625 	EXP 	unnamed RatingScale: flipVert = False
39.8625 	EXP 	unnamed RatingScale: autoLog = True
40.3395 	DATA 	Keypress: return
40.3396 	DATA 	RatingScale unnamed RatingScale: (key response) rating=Duża
40.3396 	DATA 	RatingScale unnamed RatingScale: rating RT=0.498
40.3396 	DATA 	RatingScale unnamed RatingScale: history=[('Duża', 0.0), ('Duża', 0.498)]
43.5127 	DATA 	Keypress: right
43.5530 	EXP 	window1: mouseVisible = False
43.5918 	EXP 	Created unnamed RatingScale = RatingScale(__class__=type(...), acceptKeys=['return'], acceptPreText=UNKNOWN, acceptSize=UNKNOWN, acceptText='accept?', autoLog=True, choices=['Żadna', 'Mała', 'Duża', 'Całkowita'], colorSpace=UNKNOWN, depth=0, disappear=False, flipVert=False, high=3, kwargs=UNKNOWN, labels=list(...), leftKeys=['left'], lineColor='White', low=0, marker=ShapeStim(...), markerColor='DarkBlue', markerExpansion=UNKNOWN, markerStart=2.0, maxTime=0.0, minTime=0.4, mouseOnly=False, name='unnamed RatingScale', noMouse=True, pos=[0.0, -0.4], precision=1, respKeys=['0', '1', '2', '3'], rightKeys=['right'], scale=str(...), self=UNKNOWN, showAccept=True, showValue=True, singleClick=False, size=0.48, skipKeys=['tab'], stretch=1.4, textColor='LightGray', textFont='Helvetica Bold', textSize=0.096, tickHeight=1.0, tickMarks=3.0, win=Window(...))
43.6125 	EXP 	unnamed RatingScale: flipVert = False
43.6125 	EXP 	unnamed RatingScale: autoLog = True
43.9550 	DATA 	Keypress: return
44.6397 	DATA 	Keypress: return
44.6398 	DATA 	RatingScale unnamed RatingScale: (key response) rating=Duża
44.6398 	DATA 	RatingScale unnamed RatingScale: rating RT=1.048
44.6398 	DATA 	RatingScale unnamed RatingScale: history=[('Duża', 0.0), ('Duża', 1.048)]
47.7832 	DATA 	Keypress: right
47.8361 	EXP 	window1: mouseVisible = False
47.8722 	EXP 	Created unnamed RatingScale = RatingScale(__class__=type(...), acceptKeys=['return'], acceptPreText=UNKNOWN, acceptSize=UNKNOWN, acceptText='accept?', autoLog=True, choices=['Żadna', 'Mała', 'Duża', 'Całkowita'], colorSpace=UNKNOWN, depth=0, disappear=False, flipVert=False, high=3, kwargs=UNKNOWN, labels=list(...), leftKeys=['left'], lineColor='White', low=0, marker=ShapeStim(...), markerColor='DarkBlue', markerExpansion=UNKNOWN, markerStart=2.0, maxTime=0.0, minTime=0.4, mouseOnly=False, name='unnamed RatingScale', noMouse=True, pos=[0.0, -0.4], precision=1, respKeys=['0', '1', '2', '3'], rightKeys=['right'], scale=str(...), self=UNKNOWN, showAccept=True, showValue=True, singleClick=False, size=0.48, skipKeys=['tab'], stretch=1.4, textColor='LightGray', textFont='Helvetica Bold', textSize=0.096, tickHeight=1.0, tickMarks=3.0, win=Window(...))
47.8958 	EXP 	unnamed RatingScale: flipVert = False
47.8958 	EXP 	unnamed RatingScale: autoLog = True
48.2216 	DATA 	Keypress: return
48.8403 	DATA 	Keypress: return
48.8403 	DATA 	RatingScale unnamed RatingScale: (key response) rating=Duża
48.8403 	DATA 	RatingScale unnamed RatingScale: rating RT=0.968
48.8404 	DATA 	RatingScale unnamed RatingScale: history=[('Duża', 0.0), ('Duża', 0.968)]
51.6459 	DATA 	Keypress: right
51.6863 	EXP 	window1: mouseVisible = False
51.7231 	EXP 	Created unnamed RatingScale = RatingScale(__class__=type(...), acceptKeys=['return'], acceptPreText=UNKNOWN, acceptSize=UNKNOWN, acceptText='accept?', autoLog=True, choices=['Żadna', 'Mała', 'Duża', 'Całkowita'], colorSpace=UNKNOWN, depth=0, disappear=False, flipVert=False, high=3, kwargs=UNKNOWN, labels=list(...), leftKeys=['left'], lineColor='White', low=0, marker=ShapeStim(...), markerColor='DarkBlue', markerExpansion=UNKNOWN, markerStart=2.0, maxTime=0.0, minTime=0.4, mouseOnly=False, name='unnamed RatingScale', noMouse=True, pos=[0.0, -0.4], precision=1, respKeys=['0', '1', '2', '3'], rightKeys=['right'], scale=str(...), self=UNKNOWN, showAccept=True, showValue=True, singleClick=False, size=0.48, skipKeys=['tab'], stretch=1.4, textColor='LightGray', textFont='Helvetica Bold', textSize=0.096, tickHeight=1.0, tickMarks=3.0, win=Window(...))
51.7458 	EXP 	unnamed RatingScale: flipVert = False
51.7458 	EXP 	unnamed RatingScale: autoLog = True
52.0738 	DATA 	Keypress: return
52.5195 	DATA 	Keypress: return
52.5196 	DATA 	RatingScale unnamed RatingScale: (key response) rating=Duża
52.5196 	DATA 	RatingScale unnamed RatingScale: rating RT=0.797
52.5197 	DATA 	RatingScale unnamed RatingScale: history=[('Duża', 0.0), ('Duża', 0.797)]
55.8959 	DATA 	Keypress: left
55.9362 	EXP 	window1: mouseVisible = False
55.9729 	EXP 	Created unnamed RatingScale = RatingScale(__class__=type(...), acceptKeys=['return'], acceptPreText=UNKNOWN, acceptSize=UNKNOWN, acceptText='accept?', autoLog=True, choices=['Żadna', 'Mała', 'Duża', 'Całkowita'], colorSpace=UNKNOWN, depth=0, disappear=False, flipVert=False, high=3, kwargs=UNKNOWN, labels=list(...), leftKeys=['left'], lineColor='White', low=0, marker=ShapeStim(...), markerColor='DarkBlue', markerExpansion=UNKNOWN, markerStart=2.0, maxTime=0.0, minTime=0.4, mouseOnly=False, name='unnamed RatingScale', noMouse=True, pos=[0.0, -0.4], precision=1, respKeys=['0', '1', '2', '3'], rightKeys=['right'], scale=str(...), self=UNKNOWN, showAccept=True, showValue=True, singleClick=False, size=0.48, skipKeys=['tab'], stretch=1.4, textColor='LightGray', textFont='Helvetica Bold', textSize=0.096, tickHeight=1.0, tickMarks=3.0, win=Window(...))
55.9958 	EXP 	unnamed RatingScale: flipVert = False
55.9958 	EXP 	unnamed RatingScale: autoLog = True
56.5230 	DATA 	Keypress: return
56.5231 	DATA 	RatingScale unnamed RatingScale: (key response) rating=Duża
56.5231 	DATA 	RatingScale unnamed RatingScale: rating RT=0.550
56.5231 	DATA 	RatingScale unnamed RatingScale: history=[('Duża', 0.0), ('Duża', 0.55)]
59.8159 	DATA 	Keypress: left
59.8694 	EXP 	window1: mouseVisible = False
59.9065 	EXP 	Created unnamed RatingScale = RatingScale(__class__=type(...), acceptKeys=['return'], acceptPreText=UNKNOWN, acceptSize=UNKNOWN, acceptText='accept?', autoLog=True, choices=['Żadna', 'Mała', 'Duża', 'Całkowita'], colorSpace=UNKNOWN, depth=0, disappear=False, flipVert=False, high=3, kwargs=UNKNOWN, labels=list(...), leftKeys=['left'], lineColor='White', low=0, marker=ShapeStim(...), markerColor='DarkBlue', markerExpansion=UNKNOWN, markerStart=2.0, maxTime=0.0, minTime=0.4, mouseOnly=False, name='unnamed RatingScale', noMouse=True, pos=[0.0, -0.4], precision=1, respKeys=['0', '1', '2', '3'], rightKeys=['right'], scale=str(...), self=UNKNOWN, showAccept=True, showValue=True, singleClick=False, size=0.48, skipKeys=['tab'], stretch=1.4, textColor='LightGray', textFont='Helvetica Bold', textSize=0.096, tickHeight=1.0, tickMarks=3.0, win=Window(...))
59.9291 	EXP 	unnamed RatingScale: flipVert = False
59.9291 	EXP 	unnamed RatingScale: autoLog = True
60.2564 	DATA 	Keypress: return
60.6560 	DATA 	Keypress: return
60.6561 	DATA 	RatingScale unnamed RatingScale: (key response) rating=Duża
60.6561 	DATA 	RatingScale unnamed RatingScale: rating RT=0.750
60.6561 	DATA 	RatingScale unnamed RatingScale: history=[('Duża', 0.0), ('Duża', 0.75)]
64.2625 	DATA 	Keypress: left
64.3028 	EXP 	window1: mouseVisible = False
64.3390 	EXP 	Created unnamed RatingScale = RatingScale(__class__=type(...), acceptKeys=['return'], acceptPreText=UNKNOWN, acceptSize=UNKNOWN, acceptText='accept?', autoLog=True, choices=['Żadna', 'Mała', 'Duża', 'Całkowita'], colorSpace=UNKNOWN, depth=0, disappear=False, flipVert=False, high=3, kwargs=UNKNOWN, labels=list(...), leftKeys=['left'], lineColor='White', low=0, marker=ShapeStim(...), markerColor='DarkBlue', markerExpansion=UNKNOWN, markerStart=2.0, maxTime=0.0, minTime=0.4, mouseOnly=False, name='unnamed RatingScale', noMouse=True, pos=[0.0, -0.4], precision=1, respKeys=['0', '1', '2', '3'], rightKeys=['right'], scale=str(...), self=UNKNOWN, showAccept=True, showValue=True, singleClick=False, size=0.48, skipKeys=['tab'], stretch=1.4, textColor='LightGray', textFont='Helvetica Bold', textSize=0.096, tickHeight=1.0, tickMarks=3.0, win=Window(...))
64.3624 	EXP 	unnamed RatingScale: flipVert = False
64.3624 	EXP 	unnamed RatingScale: autoLog = True
64.7043 	DATA 	Keypress: return
65.1529 	DATA 	Keypress: return
65.1530 	DATA 	RatingScale unnamed RatingScale: (key response) rating=Duża
65.1530 	DATA 	RatingScale unnamed RatingScale: rating RT=0.814
65.1531 	DATA 	RatingScale unnamed RatingScale: history=[('Duża', 0.0), ('Duża', 0.814)]
68.2625 	DATA 	Keypress: right
68.3028 	EXP 	window1: mouseVisible = False
68.3397 	EXP 	Created unnamed RatingScale = RatingScale(__class__=type(...), acceptKeys=['return'], acceptPreText=UNKNOWN, acceptSize=UNKNOWN, acceptText='accept?', autoLog=True, choices=['Żadna', 'Mała', 'Duża', 'Całkowita'], colorSpace=UNKNOWN, depth=0, disappear=False, flipVert=False, high=3, kwargs=UNKNOWN, labels=list(...), leftKeys=['left'], lineColor='White', low=0, marker=ShapeStim(...), markerColor='DarkBlue', markerExpansion=UNKNOWN, markerStart=2.0, maxTime=0.0, minTime=0.4, mouseOnly=False, name='unnamed RatingScale', noMouse=True, pos=[0.0, -0.4], precision=1, respKeys=['0', '1', '2', '3'], rightKeys=['right'], scale=str(...), self=UNKNOWN, showAccept=True, showValue=True, singleClick=False, size=0.48, skipKeys=['tab'], stretch=1.4, textColor='LightGray', textFont='Helvetica Bold', textSize=0.096, tickHeight=1.0, tickMarks=3.0, win=Window(...))
68.3623 	EXP 	unnamed RatingScale: flipVert = False
68.3623 	EXP 	unnamed RatingScale: autoLog = True
68.7755 	DATA 	Keypress: return
68.7755 	DATA 	RatingScale unnamed RatingScale: (key response) rating=Duża
68.7756 	DATA 	RatingScale unnamed RatingScale: rating RT=0.436
68.7756 	DATA 	RatingScale unnamed RatingScale: history=[('Duża', 0.0), ('Duża', 0.436)]
72.0792 	DATA 	Keypress: left
72.1195 	EXP 	window1: mouseVisible = False
72.1562 	EXP 	Created unnamed RatingScale = RatingScale(__class__=type(...), acceptKeys=['return'], acceptPreText=UNKNOWN, acceptSize=UNKNOWN, acceptText='accept?', autoLog=True, choices=['Żadna', 'Mała', 'Duża', 'Całkowita'], colorSpace=UNKNOWN, depth=0, disappear=False, flipVert=False, high=3, kwargs=UNKNOWN, labels=list(...), leftKeys=['left'], lineColor='White', low=0, marker=ShapeStim(...), markerColor='DarkBlue', markerExpansion=UNKNOWN, markerStart=2.0, maxTime=0.0, minTime=0.4, mouseOnly=False, name='unnamed RatingScale', noMouse=True, pos=[0.0, -0.4], precision=1, respKeys=['0', '1', '2', '3'], rightKeys=['right'], scale=str(...), self=UNKNOWN, showAccept=True, showValue=True, singleClick=False, size=0.48, skipKeys=['tab'], stretch=1.4, textColor='LightGray', textFont='Helvetica Bold', textSize=0.096, tickHeight=1.0, tickMarks=3.0, win=Window(...))
72.1790 	EXP 	unnamed RatingScale: flipVert = False
72.1790 	EXP 	unnamed RatingScale: autoLog = True
72.6195 	DATA 	Keypress: return
72.6196 	DATA 	RatingScale unnamed RatingScale: (key response) rating=Duża
72.6196 	DATA 	RatingScale unnamed RatingScale: rating RT=0.463
72.6196 	DATA 	RatingScale unnamed RatingScale: history=[('Duża', 0.0), ('Duża', 0.463)]
75.8792 	DATA 	Keypress: right
75.9196 	EXP 	window1: mouseVisible = False
75.9632 	EXP 	Created unnamed RatingScale = RatingScale(__class__=type(...), acceptKeys=['return'], acceptPreText=UNKNOWN, acceptSize=UNKNOWN, acceptText='accept?', autoLog=True, choices=['Żadna', 'Mała', 'Duża', 'Całkowita'], colorSpace=UNKNOWN, depth=0, disappear=False, flipVert=False, high=3, kwargs=UNKNOWN, labels=list(...), leftKeys=['left'], lineColor='White', low=0, marker=ShapeStim(...), markerColor='DarkBlue', markerExpansion=UNKNOWN, markerStart=2.0, maxTime=0.0, minTime=0.4, mouseOnly=False, name='unnamed RatingScale', noMouse=True, pos=[0.0, -0.4], precision=1, respKeys=['0', '1', '2', '3'], rightKeys=['right'], scale=str(...), self=UNKNOWN, showAccept=True, showValue=True, singleClick=False, size=0.48, skipKeys=['tab'], stretch=1.4, textColor='LightGray', textFont='Helvetica Bold', textSize=0.096, tickHeight=1.0, tickMarks=3.0, win=Window(...))
75.9790 	EXP 	unnamed RatingScale: flipVert = False
75.9790 	EXP 	unnamed RatingScale: autoLog = True
76.3560 	DATA 	Keypress: return
76.8237 	DATA 	Keypress: return
76.8238 	DATA 	RatingScale unnamed RatingScale: (key response) rating=Duża
76.8238 	DATA 	RatingScale unnamed RatingScale: rating RT=0.861
76.8238 	DATA 	RatingScale unnamed RatingScale: history=[('Duża', 0.0), ('Duża', 0.861)]
79.8322 	DATA 	Keypress: left
79.8860 	EXP 	window1: mouseVisible = False
79.9223 	EXP 	Created unnamed RatingScale = RatingScale(__class__=type(...), acceptKeys=['return'], acceptPreText=UNKNOWN, acceptSize=UNKNOWN, acceptText='accept?', autoLog=True, choices=['Żadna', 'Mała', 'Duża', 'Całkowita'], colorSpace=UNKNOWN, depth=0, disappear=False, flipVert=False, high=3, kwargs=UNKNOWN, labels=list(...), leftKeys=['left'], lineColor='White', low=0, marker=ShapeStim(...), markerColor='DarkBlue', markerExpansion=UNKNOWN, markerStart=2.0, maxTime=0.0, minTime=0.4, mouseOnly=False, name='unnamed RatingScale', noMouse=True, pos=[0.0, -0.4], precision=1, respKeys=['0', '1', '2', '3'], rightKeys=['right'], scale=str(...), self=UNKNOWN, showAccept=True, showValue=True, singleClick=False, size=0.48, skipKeys=['tab'], stretch=1.4, textColor='LightGray', textFont='Helvetica Bold', textSize=0.096, tickHeight=1.0, tickMarks=3.0, win=Window(...))
79.9456 	EXP 	unnamed RatingScale: flipVert = False
79.9456 	EXP 	unnamed RatingScale: autoLog = True
80.4042 	DATA 	Keypress: return
80.4044 	DATA 	RatingScale unnamed RatingScale: (key response) rating=Duża
80.4044 	DATA 	RatingScale unnamed RatingScale: rating RT=0.482
80.4044 	DATA 	RatingScale unnamed RatingScale: history=[('Duża', 0.0), ('Duża', 0.482)]
83.3458 	DATA 	Keypress: left
83.3861 	EXP 	window1: mouseVisible = False
83.4235 	EXP 	Created unnamed RatingScale = RatingScale(__class__=type(...), acceptKeys=['return'], acceptPreText=UNKNOWN, acceptSize=UNKNOWN, acceptText='accept?', autoLog=True, choices=['Żadna', 'Mała', 'Duża', 'Całkowita'], colorSpace=UNKNOWN, depth=0, disappear=False, flipVert=False, high=3, kwargs=UNKNOWN, labels=list(...), leftKeys=['left'], lineColor='White', low=0, marker=ShapeStim(...), markerColor='DarkBlue', markerExpansion=UNKNOWN, markerStart=2.0, maxTime=0.0, minTime=0.4, mouseOnly=False, name='unnamed RatingScale', noMouse=True, pos=[0.0, -0.4], precision=1, respKeys=['0', '1', '2', '3'], rightKeys=['right'], scale=str(...), self=UNKNOWN, showAccept=True, showValue=True, singleClick=False, size=0.48, skipKeys=['tab'], stretch=1.4, textColor='LightGray', textFont='Helvetica Bold', textSize=0.096, tickHeight=1.0, tickMarks=3.0, win=Window(...))
83.4456 	EXP 	unnamed RatingScale: flipVert = False
83.4456 	EXP 	unnamed RatingScale: autoLog = True
83.8697 	DATA 	Keypress: return
83.8698 	DATA 	RatingScale unnamed RatingScale: (key response) rating=Duża
83.8698 	DATA 	RatingScale unnamed RatingScale: rating RT=0.446
83.8699 	DATA 	RatingScale unnamed RatingScale: history=[('Duża', 0.0), ('Duża', 0.446)]
87.2291 	DATA 	Keypress: right
87.2694 	EXP 	window1: mouseVisible = False
87.3085 	EXP 	Created unnamed RatingScale = RatingScale(__class__=type(...), acceptKeys=['return'], acceptPreText=UNKNOWN, acceptSize=UNKNOWN, acceptText='accept?', autoLog=True, choices=['Żadna', 'Mała', 'Duża', 'Całkowita'], colorSpace=UNKNOWN, depth=0, disappear=False, flipVert=False, high=3, kwargs=UNKNOWN, labels=list(...), leftKeys=['left'], lineColor='White', low=0, marker=ShapeStim(...), markerColor='DarkBlue', markerExpansion=UNKNOWN, markerStart=2.0, maxTime=0.0, minTime=0.4, mouseOnly=False, name='unnamed RatingScale', noMouse=True, pos=[0.0, -0.4], precision=1, respKeys=['0', '1', '2', '3'], rightKeys=['right'], scale=str(...), self=UNKNOWN, showAccept=True, showValue=True, singleClick=False, size=0.48, skipKeys=['tab'], stretch=1.4, textColor='LightGray', textFont='Helvetica Bold', textSize=0.096, tickHeight=1.0, tickMarks=3.0, win=Window(...))
87.3289 	EXP 	unnamed RatingScale: flipVert = False
87.3289 	EXP 	unnamed RatingScale: autoLog = True
87.7194 	DATA 	Keypress: return
87.7195 	DATA 	RatingScale unnamed RatingScale: (key response) rating=Duża
87.7196 	DATA 	RatingScale unnamed RatingScale: rating RT=0.411
87.7196 	DATA 	RatingScale unnamed RatingScale: history=[('Duża', 0.0), ('Duża', 0.411)]
91.0495 	DATA 	Keypress: left
91.1026 	EXP 	window1: mouseVisible = False
91.1398 	EXP 	Created unnamed RatingScale = RatingScale(__class__=type(...), acceptKeys=['return'], acceptPreText=UNKNOWN, acceptSize=UNKNOWN, acceptText='accept?', autoLog=True, choices=['Żadna', 'Mała', 'Duża', 'Całkowita'], colorSpace=UNKNOWN, depth=0, disappear=False, flipVert=False, high=3, kwargs=UNKNOWN, labels=list(...), leftKeys=['left'], lineColor='White', low=0, marker=ShapeStim(...), markerColor='DarkBlue', markerExpansion=UNKNOWN, markerStart=2.0, maxTime=0.0, minTime=0.4, mouseOnly=False, name='unnamed RatingScale', noMouse=True, pos=[0.0, -0.4], precision=1, respKeys=['0', '1', '2', '3'], rightKeys=['right'], scale=str(...), self=UNKNOWN, showAccept=True, showValue=True, singleClick=False, size=0.48, skipKeys=['tab'], stretch=1.4, textColor='LightGray', textFont='Helvetica Bold', textSize=0.096, tickHeight=1.0, tickMarks=3.0, win=Window(...))
91.1623 	EXP 	unnamed RatingScale: flipVert = False
91.1623 	EXP 	unnamed RatingScale: autoLog = True
91.5563 	DATA 	Keypress: return
91.5564 	DATA 	RatingScale unnamed RatingScale: (key response) rating=Duża
91.5564 	DATA 	RatingScale unnamed RatingScale: rating RT=0.417
91.5565 	DATA 	RatingScale unnamed RatingScale: history=[('Duża', 0.0), ('Duża', 0.417)]
94.9457 	DATA 	Keypress: left
94.9861 	EXP 	window1: mouseVisible = False
95.0304 	EXP 	Created unnamed RatingScale = RatingScale(__class__=type(...), acceptKeys=['return'], acceptPreText=UNKNOWN, acceptSize=UNKNOWN, acceptText='accept?', autoLog=True, choices=['Żadna', 'Mała', 'Duża', 'Całkowita'], colorSpace=UNKNOWN, depth=0, disappear=False, flipVert=False, high=3, kwargs=UNKNOWN, labels=list(...), leftKeys=['left'], lineColor='White', low=0, marker=ShapeStim(...), markerColor='DarkBlue', markerExpansion=UNKNOWN, markerStart=2.0, maxTime=0.0, minTime=0.4, mouseOnly=False, name='unnamed RatingScale', noMouse=True, pos=[0.0, -0.4], precision=1, respKeys=['0', '1', '2', '3'], rightKeys=['right'], scale=str(...), self=UNKNOWN, showAccept=True, showValue=True, singleClick=False, size=0.48, skipKeys=['tab'], stretch=1.4, textColor='LightGray', textFont='Helvetica Bold', textSize=0.096, tickHeight=1.0, tickMarks=3.0, win=Window(...))
95.0456 	EXP 	unnamed RatingScale: flipVert = False
95.0456 	EXP 	unnamed RatingScale: autoLog = True
95.4391 	DATA 	Keypress: return
96.1731 	DATA 	Keypress: return
96.1732 	DATA 	RatingScale unnamed RatingScale: (key response) rating=Duża
96.1733 	DATA 	RatingScale unnamed RatingScale: rating RT=1.143
96.1733 	DATA 	RatingScale unnamed RatingScale: history=[('Duża', 0.0), ('Duża', 1.143)]
99.6291 	DATA 	Keypress: left
99.6694 	EXP 	window1: mouseVisible = False
99.7065 	EXP 	Created unnamed RatingScale = RatingScale(__class__=type(...), acceptKeys=['return'], acceptPreText=UNKNOWN, acceptSize=UNKNOWN, acceptText='accept?', autoLog=True, choices=['Żadna', 'Mała', 'Duża', 'Całkowita'], colorSpace=UNKNOWN, depth=0, disappear=False, flipVert=False, high=3, kwargs=UNKNOWN, labels=list(...), leftKeys=['left'], lineColor='White', low=0, marker=ShapeStim(...), markerColor='DarkBlue', markerExpansion=UNKNOWN, markerStart=2.0, maxTime=0.0, minTime=0.4, mouseOnly=False, name='unnamed RatingScale', noMouse=True, pos=[0.0, -0.4], precision=1, respKeys=['0', '1', '2', '3'], rightKeys=['right'], scale=str(...), self=UNKNOWN, showAccept=True, showValue=True, singleClick=False, size=0.48, skipKeys=['tab'], stretch=1.4, textColor='LightGray', textFont='Helvetica Bold', textSize=0.096, tickHeight=1.0, tickMarks=3.0, win=Window(...))
99.7289 	EXP 	unnamed RatingScale: flipVert = False
99.7289 	EXP 	unnamed RatingScale: autoLog = True
100.3412 	DATA 	Keypress: return
100.3413 	DATA 	RatingScale unnamed RatingScale: (key response) rating=Duża
100.3413 	DATA 	RatingScale unnamed RatingScale: rating RT=0.635
100.3414 	DATA 	RatingScale unnamed RatingScale: history=[('Duża', 0.0), ('Duża', 0.635)]
103.4624 	DATA 	Keypress: right
103.5027 	EXP 	window1: mouseVisible = False
103.5400 	EXP 	Created unnamed RatingScale = RatingScale(__class__=type(...), acceptKeys=['return'], acceptPreText=UNKNOWN, acceptSize=UNKNOWN, acceptText='accept?', autoLog=True, choices=['Żadna', 'Mała', 'Duża', 'Całkowita'], colorSpace=UNKNOWN, depth=0, disappear=False, flipVert=False, high=3, kwargs=UNKNOWN, labels=list(...), leftKeys=['left'], lineColor='White', low=0, marker=ShapeStim(...), markerColor='DarkBlue', markerExpansion=UNKNOWN, markerStart=2.0, maxTime=0.0, minTime=0.4, mouseOnly=False, name='unnamed RatingScale', noMouse=True, pos=[0.0, -0.4], precision=1, respKeys=['0', '1', '2', '3'], rightKeys=['right'], scale=str(...), self=UNKNOWN, showAccept=True, showValue=True, singleClick=False, size=0.48, skipKeys=['tab'], stretch=1.4, textColor='LightGray', textFont='Helvetica Bold', textSize=0.096, tickHeight=1.0, tickMarks=3.0, win=Window(...))
103.5622 	EXP 	unnamed RatingScale: flipVert = False
103.5622 	EXP 	unnamed RatingScale: autoLog = True
103.9357 	DATA 	Keypress: right
104.4875 	DATA 	Keypress: return
104.4876 	DATA 	RatingScale unnamed RatingScale: (key response) rating=Duża
104.4876 	DATA 	RatingScale unnamed RatingScale: rating RT=0.948
104.4876 	DATA 	RatingScale unnamed RatingScale: history=[('Duża', 0.0), ('Duża', 0.948)]
108.1623 	DATA 	Keypress: left
108.2027 	EXP 	window1: mouseVisible = False
108.2423 	EXP 	Created unnamed RatingScale = RatingScale(__class__=type(...), acceptKeys=['return'], acceptPreText=UNKNOWN, acceptSize=UNKNOWN, acceptText='accept?', autoLog=True, choices=['Żadna', 'Mała', 'Duża', 'Całkowita'], colorSpace=UNKNOWN, depth=0, disappear=False, flipVert=False, high=3, kwargs=UNKNOWN, labels=list(...), leftKeys=['left'], lineColor='White', low=0, marker=ShapeStim(...), markerColor='DarkBlue', markerExpansion=UNKNOWN, markerStart=2.0, maxTime=0.0, minTime=0.4, mouseOnly=False, name='unnamed RatingScale', noMouse=True, pos=[0.0, -0.4], precision=1, respKeys=['0', '1', '2', '3'], rightKeys=['right'], scale=str(...), self=UNKNOWN, showAccept=True, showValue=True, singleClick=False, size=0.48, skipKeys=['tab'], stretch=1.4, textColor='LightGray', textFont='Helvetica Bold', textSize=0.096, tickHeight=1.0, tickMarks=3.0, win=Window(...))
108.2622 	EXP 	unnamed RatingScale: flipVert = False
108.2622 	EXP 	unnamed RatingScale: autoLog = True
108.7039 	DATA 	Keypress: return
108.7039 	DATA 	RatingScale unnamed RatingScale: (key response) rating=Duża
108.7040 	DATA 	RatingScale unnamed RatingScale: rating RT=0.462
108.7040 	DATA 	RatingScale unnamed RatingScale: history=[('Duża', 0.0), ('Duża', 0.462)]
111.4956 	DATA 	Keypress: left
111.5359 	EXP 	window1: mouseVisible = False
111.5729 	EXP 	Created unnamed RatingScale = RatingScale(__class__=type(...), acceptKeys=['return'], acceptPreText=UNKNOWN, acceptSize=UNKNOWN, acceptText='accept?', autoLog=True, choices=['Żadna', 'Mała', 'Duża', 'Całkowita'], colorSpace=UNKNOWN, depth=0, disappear=False, flipVert=False, high=3, kwargs=UNKNOWN, labels=list(...), leftKeys=['left'], lineColor='White', low=0, marker=ShapeStim(...), markerColor='DarkBlue', markerExpansion=UNKNOWN, markerStart=2.0, maxTime=0.0, minTime=0.4, mouseOnly=False, name='unnamed RatingScale', noMouse=True, pos=[0.0, -0.4], precision=1, respKeys=['0', '1', '2', '3'], rightKeys=['right'], scale=str(...), self=UNKNOWN, showAccept=True, showValue=True, singleClick=False, size=0.48, skipKeys=['tab'], stretch=1.4, textColor='LightGray', textFont='Helvetica Bold', textSize=0.096, tickHeight=1.0, tickMarks=3.0, win=Window(...))
111.5955 	EXP 	unnamed RatingScale: flipVert = False
111.5955 	EXP 	unnamed RatingScale: autoLog = True
112.0728 	DATA 	Keypress: return
112.0729 	DATA 	RatingScale unnamed RatingScale: (key response) rating=Duża
112.0729 	DATA 	RatingScale unnamed RatingScale: rating RT=0.500
112.0729 	DATA 	RatingScale unnamed RatingScale: history=[('Duża', 0.0), ('Duża', 0.5)]
115.5456 	DATA 	Keypress: left
115.5859 	EXP 	window1: mouseVisible = False
115.6231 	EXP 	Created unnamed RatingScale = RatingScale(__class__=type(...), acceptKeys=['return'], acceptPreText=UNKNOWN, acceptSize=UNKNOWN, acceptText='accept?', autoLog=True, choices=['Żadna', 'Mała', 'Duża', 'Całkowita'], colorSpace=UNKNOWN, depth=0, disappear=False, flipVert=False, high=3, kwargs=UNKNOWN, labels=list(...), leftKeys=['left'], lineColor='White', low=0, marker=ShapeStim(...), markerColor='DarkBlue', markerExpansion=UNKNOWN, markerStart=2.0, maxTime=0.0, minTime=0.4, mouseOnly=False, name='unnamed RatingScale', noMouse=True, pos=[0.0, -0.4], precision=1, respKeys=['0', '1', '2', '3'], rightKeys=['right'], scale=str(...), self=UNKNOWN, showAccept=True, showValue=True, singleClick=False, size=0.48, skipKeys=['tab'], stretch=1.4, textColor='LightGray', textFont='Helvetica Bold', textSize=0.096, tickHeight=1.0, tickMarks=3.0, win=Window(...))
115.6454 	EXP 	unnamed RatingScale: flipVert = False
115.6454 	EXP 	unnamed RatingScale: autoLog = True
116.0879 	DATA 	Keypress: return
116.0880 	DATA 	RatingScale unnamed RatingScale: (key response) rating=Duża
116.0880 	DATA 	RatingScale unnamed RatingScale: rating RT=0.465
116.0880 	DATA 	RatingScale unnamed RatingScale: history=[('Duża', 0.0), ('Duża', 0.465)]
119.2789 	DATA 	Keypress: left
119.3193 	EXP 	window1: mouseVisible = False
119.3551 	EXP 	Created unnamed RatingScale = RatingScale(__class__=type(...), acceptKeys=['return'], acceptPreText=UNKNOWN, acceptSize=UNKNOWN, acceptText='accept?', autoLog=True, choices=['Żadna', 'Mała', 'Duża', 'Całkowita'], colorSpace=UNKNOWN, depth=0, disappear=False, flipVert=False, high=3, kwargs=UNKNOWN, labels=list(...), leftKeys=['left'], lineColor='White', low=0, marker=ShapeStim(...), markerColor='DarkBlue', markerExpansion=UNKNOWN, markerStart=2.0, maxTime=0.0, minTime=0.4, mouseOnly=False, name='unnamed RatingScale', noMouse=True, pos=[0.0, -0.4], precision=1, respKeys=['0', '1', '2', '3'], rightKeys=['right'], scale=str(...), self=UNKNOWN, showAccept=True, showValue=True, singleClick=False, size=0.48, skipKeys=['tab'], stretch=1.4, textColor='LightGray', textFont='Helvetica Bold', textSize=0.096, tickHeight=1.0, tickMarks=3.0, win=Window(...))
119.3788 	EXP 	unnamed RatingScale: flipVert = False
119.3788 	EXP 	unnamed RatingScale: autoLog = True
119.7695 	DATA 	Keypress: return
119.7696 	DATA 	RatingScale unnamed RatingScale: (key response) rating=Duża
119.7696 	DATA 	RatingScale unnamed RatingScale: rating RT=0.415
119.7696 	DATA 	RatingScale unnamed RatingScale: history=[('Duża', 0.0), ('Duża', 0.415)]
122.1088 	EXP 	Created unnamed TextStim = TextStim(__class__=<class 'psychopy.visual.text.TextStim'>, alignHoriz=method-wrapper(...), alignText='center', alignVert=method-wrapper(...), anchorHoriz='center', anchorVert='center', antialias=True, autoLog=True, bold=False, color=array([0.00392157, 0.00392157, 0.00392157]), colorSpace='rgb', contrast=1.0, depth=0, flipHoriz=False, flipVert=False, font='', fontFiles=[], height=20, italic=False, languageStyle='LTR', name='unnamed TextStim', opacity=1.0, ori=0.0, pos=array([0., 0.]), rgb=UNKNOWN, text=str(...), units='pix', win=Window(...), wrapWidth=1920)
126.7578 	DATA 	Keypress: space
135.4956 	DATA 	Keypress: left
135.5359 	EXP 	window1: mouseVisible = False
135.5723 	EXP 	Created unnamed RatingScale = RatingScale(__class__=type(...), acceptKeys=['return'], acceptPreText=UNKNOWN, acceptSize=UNKNOWN, acceptText='accept?', autoLog=True, choices=['Żadna', 'Mała', 'Duża', 'Całkowita'], colorSpace=UNKNOWN, depth=0, disappear=False, flipVert=False, high=3, kwargs=UNKNOWN, labels=list(...), leftKeys=['left'], lineColor='White', low=0, marker=ShapeStim(...), markerColor='DarkBlue', markerExpansion=UNKNOWN, markerStart=2.0, maxTime=0.0, minTime=0.4, mouseOnly=False, name='unnamed RatingScale', noMouse=True, pos=[0.0, -0.4], precision=1, respKeys=['0', '1', '2', '3'], rightKeys=['right'], scale=str(...), self=UNKNOWN, showAccept=True, showValue=True, singleClick=False, size=0.48, skipKeys=['tab'], stretch=1.4, textColor='LightGray', textFont='Helvetica Bold', textSize=0.096, tickHeight=1.0, tickMarks=3.0, win=Window(...))
135.5954 	EXP 	unnamed RatingScale: flipVert = False
135.5954 	EXP 	unnamed RatingScale: autoLog = True
136.2030 	DATA 	Keypress: return
136.2031 	DATA 	RatingScale unnamed RatingScale: (key response) rating=Duża
136.2031 	DATA 	RatingScale unnamed RatingScale: rating RT=0.631
136.2032 	DATA 	RatingScale unnamed RatingScale: history=[('Duża', 0.0), ('Duża', 0.631)]
146.5621 	DATA 	Keypress: right
146.6025 	EXP 	window1: mouseVisible = False
146.6398 	EXP 	Created unnamed RatingScale = RatingScale(__class__=type(...), acceptKeys=['return'], acceptPreText=UNKNOWN, acceptSize=UNKNOWN, acceptText='accept?', autoLog=True, choices=['Żadna', 'Mała', 'Duża', 'Całkowita'], colorSpace=UNKNOWN, depth=0, disappear=False, flipVert=False, high=3, kwargs=UNKNOWN, labels=list(...), leftKeys=['left'], lineColor='White', low=0, marker=ShapeStim(...), markerColor='DarkBlue', markerExpansion=UNKNOWN, markerStart=2.0, maxTime=0.0, minTime=0.4, mouseOnly=False, name='unnamed RatingScale', noMouse=True, pos=[0.0, -0.4], precision=1, respKeys=['0', '1', '2', '3'], rightKeys=['right'], scale=str(...), self=UNKNOWN, showAccept=True, showValue=True, singleClick=False, size=0.48, skipKeys=['tab'], stretch=1.4, textColor='LightGray', textFont='Helvetica Bold', textSize=0.096, tickHeight=1.0, tickMarks=3.0, win=Window(...))
146.6619 	EXP 	unnamed RatingScale: flipVert = False
146.6619 	EXP 	unnamed RatingScale: autoLog = True
147.0878 	DATA 	Keypress: return
147.0880 	DATA 	RatingScale unnamed RatingScale: (key response) rating=Duża
147.0880 	DATA 	RatingScale unnamed RatingScale: rating RT=0.448
147.0880 	DATA 	RatingScale unnamed RatingScale: history=[('Duża', 0.0), ('Duża', 0.448)]
156.9787 	DATA 	Keypress: right
157.0191 	EXP 	window1: mouseVisible = False
157.0555 	EXP 	Created unnamed RatingScale = RatingScale(__class__=type(...), acceptKeys=['return'], acceptPreText=UNKNOWN, acceptSize=UNKNOWN, acceptText='accept?', autoLog=True, choices=['Żadna', 'Mała', 'Duża', 'Całkowita'], colorSpace=UNKNOWN, depth=0, disappear=False, flipVert=False, high=3, kwargs=UNKNOWN, labels=list(...), leftKeys=['left'], lineColor='White', low=0, marker=ShapeStim(...), markerColor='DarkBlue', markerExpansion=UNKNOWN, markerStart=2.0, maxTime=0.0, minTime=0.4, mouseOnly=False, name='unnamed RatingScale', noMouse=True, pos=[0.0, -0.4], precision=1, respKeys=['0', '1', '2', '3'], rightKeys=['right'], scale=str(...), self=UNKNOWN, showAccept=True, showValue=True, singleClick=False, size=0.48, skipKeys=['tab'], stretch=1.4, textColor='LightGray', textFont='Helvetica Bold', textSize=0.096, tickHeight=1.0, tickMarks=3.0, win=Window(...))
157.0785 	EXP 	unnamed RatingScale: flipVert = False
157.0785 	EXP 	unnamed RatingScale: autoLog = True
157.4213 	DATA 	Keypress: return
157.9861 	DATA 	Keypress: return
157.9863 	DATA 	RatingScale unnamed RatingScale: (key response) rating=Duża
157.9863 	DATA 	RatingScale unnamed RatingScale: rating RT=0.931
157.9863 	DATA 	RatingScale unnamed RatingScale: history=[('Duża', 0.0), ('Duża', 0.931)]
168.2787 	DATA 	Keypress: right
168.3190 	EXP 	window1: mouseVisible = False
168.3614 	EXP 	Created unnamed RatingScale = RatingScale(__class__=type(...), acceptKeys=['return'], acceptPreText=UNKNOWN, acceptSize=UNKNOWN, acceptText='accept?', autoLog=True, choices=['Żadna', 'Mała', 'Duża', 'Całkowita'], colorSpace=UNKNOWN, depth=0, disappear=False, flipVert=False, high=3, kwargs=UNKNOWN, labels=list(...), leftKeys=['left'], lineColor='White', low=0, marker=ShapeStim(...), markerColor='DarkBlue', markerExpansion=UNKNOWN, markerStart=2.0, maxTime=0.0, minTime=0.4, mouseOnly=False, name='unnamed RatingScale', noMouse=True, pos=[0.0, -0.4], precision=1, respKeys=['0', '1', '2', '3'], rightKeys=['right'], scale=str(...), self=UNKNOWN, showAccept=True, showValue=True, singleClick=False, size=0.48, skipKeys=['tab'], stretch=1.4, textColor='LightGray', textFont='Helvetica Bold', textSize=0.096, tickHeight=1.0, tickMarks=3.0, win=Window(...))
168.3785 	EXP 	unnamed RatingScale: flipVert = False
168.3785 	EXP 	unnamed RatingScale: autoLog = True
168.7357 	DATA 	Keypress: return
169.1730 	DATA 	Keypress: return
169.1731 	DATA 	RatingScale unnamed RatingScale: (key response) rating=Duża
169.1731 	DATA 	RatingScale unnamed RatingScale: rating RT=0.812
169.1731 	DATA 	RatingScale unnamed RatingScale: history=[('Duża', 0.0), ('Duża', 0.812)]
179.3286 	DATA 	Keypress: right
179.3690 	EXP 	window1: mouseVisible = False
179.4067 	EXP 	Created unnamed RatingScale = RatingScale(__class__=type(...), acceptKeys=['return'], acceptPreText=UNKNOWN, acceptSize=UNKNOWN, acceptText='accept?', autoLog=True, choices=['Żadna', 'Mała', 'Duża', 'Całkowita'], colorSpace=UNKNOWN, depth=0, disappear=False, flipVert=False, high=3, kwargs=UNKNOWN, labels=list(...), leftKeys=['left'], lineColor='White', low=0, marker=ShapeStim(...), markerColor='DarkBlue', markerExpansion=UNKNOWN, markerStart=2.0, maxTime=0.0, minTime=0.4, mouseOnly=False, name='unnamed RatingScale', noMouse=True, pos=[0.0, -0.4], precision=1, respKeys=['0', '1', '2', '3'], rightKeys=['right'], scale=str(...), self=UNKNOWN, showAccept=True, showValue=True, singleClick=False, size=0.48, skipKeys=['tab'], stretch=1.4, textColor='LightGray', textFont='Helvetica Bold', textSize=0.096, tickHeight=1.0, tickMarks=3.0, win=Window(...))
179.4284 	EXP 	unnamed RatingScale: flipVert = False
179.4284 	EXP 	unnamed RatingScale: autoLog = True
180.0383 	DATA 	Keypress: return
180.0384 	DATA 	RatingScale unnamed RatingScale: (key response) rating=Duża
180.0385 	DATA 	RatingScale unnamed RatingScale: rating RT=0.632
180.0385 	DATA 	RatingScale unnamed RatingScale: history=[('Duża', 0.0), ('Duża', 0.632)]
190.4286 	DATA 	Keypress: right
190.4689 	EXP 	window1: mouseVisible = False
190.5065 	EXP 	Created unnamed RatingScale = RatingScale(__class__=type(...), acceptKeys=['return'], acceptPreText=UNKNOWN, acceptSize=UNKNOWN, acceptText='accept?', autoLog=True, choices=['Żadna', 'Mała', 'Duża', 'Całkowita'], colorSpace=UNKNOWN, depth=0, disappear=False, flipVert=False, high=3, kwargs=UNKNOWN, labels=list(...), leftKeys=['left'], lineColor='White', low=0, marker=ShapeStim(...), markerColor='DarkBlue', markerExpansion=UNKNOWN, markerStart=2.0, maxTime=0.0, minTime=0.4, mouseOnly=False, name='unnamed RatingScale', noMouse=True, pos=[0.0, -0.4], precision=1, respKeys=['0', '1', '2', '3'], rightKeys=['right'], scale=str(...), self=UNKNOWN, showAccept=True, showValue=True, singleClick=False, size=0.48, skipKeys=['tab'], stretch=1.4, textColor='LightGray', textFont='Helvetica Bold', textSize=0.096, tickHeight=1.0, tickMarks=3.0, win=Window(...))
190.5284 	EXP 	unnamed RatingScale: flipVert = False
190.5284 	EXP 	unnamed RatingScale: autoLog = True
191.0724 	DATA 	Keypress: return
191.0725 	DATA 	RatingScale unnamed RatingScale: (key response) rating=Duża
191.0725 	DATA 	RatingScale unnamed RatingScale: rating RT=0.566
191.0725 	DATA 	RatingScale unnamed RatingScale: history=[('Duża', 0.0), ('Duża', 0.566)]
201.6452 	DATA 	Keypress: right
201.6855 	EXP 	window1: mouseVisible = False
201.7235 	EXP 	Created unnamed RatingScale = RatingScale(__class__=type(...), acceptKeys=['return'], acceptPreText=UNKNOWN, acceptSize=UNKNOWN, acceptText='accept?', autoLog=True, choices=['Żadna', 'Mała', 'Duża', 'Całkowita'], colorSpace=UNKNOWN, depth=0, disappear=False, flipVert=False, high=3, kwargs=UNKNOWN, labels=list(...), leftKeys=['left'], lineColor='White', low=0, marker=ShapeStim(...), markerColor='DarkBlue', markerExpansion=UNKNOWN, markerStart=2.0, maxTime=0.0, minTime=0.4, mouseOnly=False, name='unnamed RatingScale', noMouse=True, pos=[0.0, -0.4], precision=1, respKeys=['0', '1', '2', '3'], rightKeys=['right'], scale=str(...), self=UNKNOWN, showAccept=True, showValue=True, singleClick=False, size=0.48, skipKeys=['tab'], stretch=1.4, textColor='LightGray', textFont='Helvetica Bold', textSize=0.096, tickHeight=1.0, tickMarks=3.0, win=Window(...))
201.7450 	EXP 	unnamed RatingScale: flipVert = False
201.7450 	EXP 	unnamed RatingScale: autoLog = True
202.1549 	DATA 	Keypress: return
202.1551 	DATA 	RatingScale unnamed RatingScale: (key response) rating=Duża
202.1551 	DATA 	RatingScale unnamed RatingScale: rating RT=0.432
202.1551 	DATA 	RatingScale unnamed RatingScale: history=[('Duża', 0.0), ('Duża', 0.432)]
212.7618 	DATA 	Keypress: left
212.8022 	EXP 	window1: mouseVisible = False
212.8403 	EXP 	Created unnamed RatingScale = RatingScale(__class__=type(...), acceptKeys=['return'], acceptPreText=UNKNOWN, acceptSize=UNKNOWN, acceptText='accept?', autoLog=True, choices=['Żadna', 'Mała', 'Duża', 'Całkowita'], colorSpace=UNKNOWN, depth=0, disappear=False, flipVert=False, high=3, kwargs=UNKNOWN, labels=list(...), leftKeys=['left'], lineColor='White', low=0, marker=ShapeStim(...), markerColor='DarkBlue', markerExpansion=UNKNOWN, markerStart=2.0, maxTime=0.0, minTime=0.4, mouseOnly=False, name='unnamed RatingScale', noMouse=True, pos=[0.0, -0.4], precision=1, respKeys=['0', '1', '2', '3'], rightKeys=['right'], scale=str(...), self=UNKNOWN, showAccept=True, showValue=True, singleClick=False, size=0.48, skipKeys=['tab'], stretch=1.4, textColor='LightGray', textFont='Helvetica Bold', textSize=0.096, tickHeight=1.0, tickMarks=3.0, win=Window(...))
212.8616 	EXP 	unnamed RatingScale: flipVert = False
212.8616 	EXP 	unnamed RatingScale: autoLog = True
213.2881 	DATA 	Keypress: return
213.2882 	DATA 	RatingScale unnamed RatingScale: (key response) rating=Duża
213.2882 	DATA 	RatingScale unnamed RatingScale: rating RT=0.448
213.2882 	DATA 	RatingScale unnamed RatingScale: history=[('Duża', 0.0), ('Duża', 0.448)]
223.3284 	DATA 	Keypress: left
223.3687 	EXP 	window1: mouseVisible = False
223.4083 	EXP 	Created unnamed RatingScale = RatingScale(__class__=type(...), acceptKeys=['return'], acceptPreText=UNKNOWN, acceptSize=UNKNOWN, acceptText='accept?', autoLog=True, choices=['Żadna', 'Mała', 'Duża', 'Całkowita'], colorSpace=UNKNOWN, depth=0, disappear=False, flipVert=False, high=3, kwargs=UNKNOWN, labels=list(...), leftKeys=['left'], lineColor='White', low=0, marker=ShapeStim(...), markerColor='DarkBlue', markerExpansion=UNKNOWN, markerStart=2.0, maxTime=0.0, minTime=0.4, mouseOnly=False, name='unnamed RatingScale', noMouse=True, pos=[0.0, -0.4], precision=1, respKeys=['0', '1', '2', '3'], rightKeys=['right'], scale=str(...), self=UNKNOWN, showAccept=True, showValue=True, singleClick=False, size=0.48, skipKeys=['tab'], stretch=1.4, textColor='LightGray', textFont='Helvetica Bold', textSize=0.096, tickHeight=1.0, tickMarks=3.0, win=Window(...))
223.4282 	EXP 	unnamed RatingScale: flipVert = False
223.4282 	EXP 	unnamed RatingScale: autoLog = True
223.8040 	DATA 	Keypress: return
224.1856 	DATA 	Keypress: return
224.1857 	DATA 	RatingScale unnamed RatingScale: (key response) rating=Duża
224.1857 	DATA 	RatingScale unnamed RatingScale: rating RT=0.777
224.1857 	DATA 	RatingScale unnamed RatingScale: history=[('Duża', 0.0), ('Duża', 0.777)]
234.3450 	DATA 	Keypress: return
235.2283 	DATA 	Keypress: right
235.2686 	EXP 	window1: mouseVisible = False
235.3050 	EXP 	Created unnamed RatingScale = RatingScale(__class__=type(...), acceptKeys=['return'], acceptPreText=UNKNOWN, acceptSize=UNKNOWN, acceptText='accept?', autoLog=True, choices=['Żadna', 'Mała', 'Duża', 'Całkowita'], colorSpace=UNKNOWN, depth=0, disappear=False, flipVert=False, high=3, kwargs=UNKNOWN, labels=list(...), leftKeys=['left'], lineColor='White', low=0, marker=ShapeStim(...), markerColor='DarkBlue', markerExpansion=UNKNOWN, markerStart=2.0, maxTime=0.0, minTime=0.4, mouseOnly=False, name='unnamed RatingScale', noMouse=True, pos=[0.0, -0.4], precision=1, respKeys=['0', '1', '2', '3'], rightKeys=['right'], scale=str(...), self=UNKNOWN, showAccept=True, showValue=True, singleClick=False, size=0.48, skipKeys=['tab'], stretch=1.4, textColor='LightGray', textFont='Helvetica Bold', textSize=0.096, tickHeight=1.0, tickMarks=3.0, win=Window(...))
235.3281 	EXP 	unnamed RatingScale: flipVert = False
235.3281 	EXP 	unnamed RatingScale: autoLog = True
235.9560 	DATA 	Keypress: return
235.9561 	DATA 	RatingScale unnamed RatingScale: (key response) rating=Duża
235.9561 	DATA 	RatingScale unnamed RatingScale: rating RT=0.651
235.9561 	DATA 	RatingScale unnamed RatingScale: history=[('Duża', 0.0), ('Duża', 0.651)]
237.8437 	EXP 	Created unnamed ImageStim = ImageStim(__class__=<class 'psychopy.visual.image.ImageStim'>, autoLog=True, color=array([1., 1., 1.]), colorSpace='rgb', contrast=1.0, depth=0, flipHoriz=False, flipVert=False, image='./stims/CIRCLES_LEFT.bmp', interpolate=False, mask=None, maskParams=None, name='unnamed ImageStim', opacity=1, ori=0.0, pos=array([0., 0.]), size=array([960, 720]), texRes=128, units='pix', win=Window(...))
237.8891 	EXP 	Created unnamed ImageStim = ImageStim(__class__=<class 'psychopy.visual.image.ImageStim'>, autoLog=True, color=array([1., 1., 1.]), colorSpace='rgb', contrast=1.0, depth=0, flipHoriz=False, flipVert=False, image='./stims/CIRCLES_RIGHT.bmp', interpolate=False, mask=None, maskParams=None, name='unnamed ImageStim', opacity=1, ori=0.0, pos=array([0., 0.]), size=array([960, 720]), texRes=128, units='pix', win=Window(...))
237.9341 	EXP 	Created unnamed ImageStim = ImageStim(__class__=<class 'psychopy.visual.image.ImageStim'>, autoLog=True, color=array([1., 1., 1.]), colorSpace='rgb', contrast=1.0, depth=0, flipHoriz=False, flipVert=False, image='./stims/CIRCLES_MASK.bmp', interpolate=False, mask=None, maskParams=None, name='unnamed ImageStim', opacity=1, ori=0.0, pos=array([0., 0.]), size=array([960, 720]), texRes=128, units='pix', win=Window(...))
237.9605 	EXP 	Created unnamed ImageStim = ImageStim(__class__=<class 'psychopy.visual.image.ImageStim'>, autoLog=True, color=array([1., 1., 1.]), colorSpace='rgb', contrast=1.0, depth=0, flipHoriz=False, flipVert=False, image='./stims/PRE_STIMULI.bmp', interpolate=False, mask=None, maskParams=None, name='unnamed ImageStim', opacity=1, ori=0.0, pos=array([0., 0.]), size=array([960, 720]), texRes=128, units='pix', win=Window(...))
237.9655 	EXP 	Created unnamed TextStim = TextStim(__class__=<class 'psychopy.visual.text.TextStim'>, alignHoriz=method-wrapper(...), alignText='center', alignVert=method-wrapper(...), anchorHoriz='center', anchorVert='center', antialias=True, autoLog=True, bold=False, color=array([0.00392157, 0.00392157, 0.00392157]), colorSpace='rgb', contrast=1.0, depth=0, flipHoriz=False, flipVert=False, font='', fontFiles=[], height=30, italic=False, languageStyle='LTR', name='unnamed TextStim', opacity=1.0, ori=0.0, pos=array([   0., -200.]), rgb=UNKNOWN, text='←       →', units='pix', win=Window(...), wrapWidth=500)
237.9861 	EXP 	Created unnamed TextStim = TextStim(__class__=<class 'psychopy.visual.text.TextStim'>, alignHoriz=method-wrapper(...), alignText='center', alignVert=method-wrapper(...), anchorHoriz='center', anchorVert='center', antialias=True, autoLog=True, bold=False, color=array([0.00392157, 0.00392157, 0.00392157]), colorSpace='rgb', contrast=1.0, depth=0, flipHoriz=False, flipVert=False, font='', fontFiles=[], height=20, italic=False, languageStyle='LTR', name='unnamed TextStim', opacity=1.0, ori=0.0, pos=array([   0., -180.]), rgb=UNKNOWN, text='Gdzie pojawił się WIĘKSZY okręg?', units='pix', win=Window(...), wrapWidth=500)
238.0152 	EXP 	Created unnamed TextStim = TextStim(__class__=<class 'psychopy.visual.text.TextStim'>, alignHoriz=method-wrapper(...), alignText='center', alignVert=method-wrapper(...), anchorHoriz='center', anchorVert='center', antialias=True, autoLog=True, bold=False, color=array([0.00392157, 0.00392157, 0.00392157]), colorSpace='rgb', contrast=1.0, depth=0, flipHoriz=False, flipVert=False, font='', fontFiles=[], height=20, italic=False, languageStyle='LTR', name='unnamed TextStim', opacity=1.0, ori=0.0, pos=array([0., 0.]), rgb=UNKNOWN, text=str(...), units='pix', win=Window(...), wrapWidth=1920)
249.9734 	DATA 	Keypress: space
250.0019 	EXP 	window1: mouseVisible = True
