10.0168 	INFO 	FRAME RATE: 60
10.0168 	INFO 	SCREEN RES: [1920, 1080]
10.0966 	EXP 	Created unnamed TextStim = TextStim(__class__=<class 'psychopy.visual.text.TextStim'>, alignHoriz=method-wrapper(...), alignText='center', alignVert=method-wrapper(...), anchorHoriz='center', anchorVert='center', antialias=True, autoLog=True, bold=False, color='grey', colorSpace='named', contrast=1.0, depth=0, flipHoriz=False, flipVert=False, font='', fontFiles=[], height=40, italic=False, languageStyle='LTR', name='unnamed TextStim', opacity=1.0, ori=0.0, pos=array([0., 0.]), rgb=array([128., 128., 128.]), text='Poprawna odpowiedź', units='pix', win=Window(...), wrapWidth=500)
10.1002 	EXP 	Created unnamed TextStim = TextStim(__class__=<class 'psychopy.visual.text.TextStim'>, alignHoriz=method-wrapper(...), alignText='center', alignVert=method-wrapper(...), anchorHoriz='center', anchorVert='center', antialias=True, autoLog=True, bold=False, color='grey', colorSpace='named', contrast=1.0, depth=0, flipHoriz=False, flipVert=False, font='', fontFiles=[], height=40, italic=False, languageStyle='LTR', name='unnamed TextStim', opacity=1.0, ori=0.0, pos=array([0., 0.]), rgb=array([128., 128., 128.]), text='Niepoprawna odpowiedź', units='pix', win=Window(...), wrapWidth=500)
10.1058 	EXP 	Created unnamed TextStim = TextStim(__class__=<class 'psychopy.visual.text.TextStim'>, alignHoriz=method-wrapper(...), alignText='center', alignVert=method-wrapper(...), anchorHoriz='center', anchorVert='center', antialias=True, autoLog=True, bold=False, color='grey', colorSpace='named', contrast=1.0, depth=0, flipHoriz=False, flipVert=False, font='', fontFiles=[], height=40, italic=False, languageStyle='LTR', name='unnamed TextStim', opacity=1.0, ori=0.0, pos=array([0., 0.]), rgb=array([128., 128., 128.]), text='Nie udzieliłeś odpowiedzi', units='pix', win=Window(...), wrapWidth=500)
10.1188 	EXP 	Created unnamed TextStim = TextStim(__class__=<class 'psychopy.visual.text.TextStim'>, alignHoriz=method-wrapper(...), alignText='center', alignVert=method-wrapper(...), anchorHoriz='center', anchorVert='center', antialias=True, autoLog=True, bold=False, color='grey', colorSpace='named', contrast=1.0, depth=0, flipHoriz=False, flipVert=False, font='', fontFiles=[], height=20, italic=False, languageStyle='LTR', name='unnamed TextStim', opacity=1.0, ori=0.0, pos=array([0., 0.]), rgb=array([128., 128., 128.]), text='Poczekaj na przyjście badacza. ', units='pix', win=Window(...), wrapWidth=1920)
14.0550 	DATA 	Keypress: space
14.0835 	EXP 	Created unnamed ImageStim = ImageStim(__class__=<class 'psychopy.visual.image.ImageStim'>, autoLog=True, color=array([1., 1., 1.]), colorSpace='rgb', contrast=1.0, depth=0, flipHoriz=False, flipVert=False, image='./stims/SQUARES_LEFT.bmp', interpolate=False, mask=None, maskParams=None, name='unnamed ImageStim', opacity=1.0, ori=0.0, pos=array([0., 0.]), size=array([960, 720]), texRes=128, units='pix', win=Window(...))
14.0984 	EXP 	Created unnamed ImageStim = ImageStim(__class__=<class 'psychopy.visual.image.ImageStim'>, autoLog=True, color=array([1., 1., 1.]), colorSpace='rgb', contrast=1.0, depth=0, flipHoriz=False, flipVert=False, image='./stims/SQUARES_RIGHT.bmp', interpolate=False, mask=None, maskParams=None, name='unnamed ImageStim', opacity=1.0, ori=0.0, pos=array([0., 0.]), size=array([960, 720]), texRes=128, units='pix', win=Window(...))
14.1118 	EXP 	Created unnamed ImageStim = ImageStim(__class__=<class 'psychopy.visual.image.ImageStim'>, autoLog=True, color=array([1., 1., 1.]), colorSpace='rgb', contrast=1.0, depth=0, flipHoriz=False, flipVert=False, image='./stims/SQUARES_MASK.bmp', interpolate=False, mask=None, maskParams=None, name='unnamed ImageStim', opacity=1.0, ori=0.0, pos=array([0., 0.]), size=array([960, 720]), texRes=128, units='pix', win=Window(...))
14.1255 	EXP 	Created unnamed ImageStim = ImageStim(__class__=<class 'psychopy.visual.image.ImageStim'>, autoLog=True, color=array([1., 1., 1.]), colorSpace='rgb', contrast=1.0, depth=0, flipHoriz=False, flipVert=False, image='./stims/PRE_STIMULI.bmp', interpolate=False, mask=None, maskParams=None, name='unnamed ImageStim', opacity=1.0, ori=0.0, pos=array([0., 0.]), size=array([960, 720]), texRes=128, units='pix', win=Window(...))
14.1390 	EXP 	Created unnamed TextStim = TextStim(__class__=<class 'psychopy.visual.text.TextStim'>, alignHoriz=method-wrapper(...), alignText='center', alignVert=method-wrapper(...), anchorHoriz='center', anchorVert='center', antialias=True, autoLog=True, bold=False, color='grey', colorSpace='named', contrast=1.0, depth=0, flipHoriz=False, flipVert=False, font='', fontFiles=[], height=30, italic=False, languageStyle='LTR', name='unnamed TextStim', opacity=1.0, ori=0.0, pos=array([   0., -200.]), rgb=array([128., 128., 128.]), text='←       →', units='pix', win=Window(...), wrapWidth=500)
14.1534 	EXP 	Created unnamed TextStim = TextStim(__class__=<class 'psychopy.visual.text.TextStim'>, alignHoriz=method-wrapper(...), alignText='center', alignVert=method-wrapper(...), anchorHoriz='center', anchorVert='center', antialias=True, autoLog=True, bold=False, color='grey', colorSpace='named', contrast=1.0, depth=0, flipHoriz=False, flipVert=False, font='', fontFiles=[], height=20, italic=False, languageStyle='LTR', name='unnamed TextStim', opacity=1.0, ori=0.0, pos=array([   0., -180.]), rgb=array([128., 128., 128.]), text='Gdzie pojawil OBROCONY kwadrat?', units='pix', win=Window(...), wrapWidth=500)
14.2207 	EXP 	Created unnamed TextStim = TextStim(__class__=<class 'psychopy.visual.text.TextStim'>, alignHoriz=method-wrapper(...), alignText='center', alignVert=method-wrapper(...), anchorHoriz='center', anchorVert='center', antialias=True, autoLog=True, bold=False, color='grey', colorSpace='named', contrast=1.0, depth=0, flipHoriz=False, flipVert=False, font='', fontFiles=[], height=20, italic=False, languageStyle='LTR', name='unnamed TextStim', opacity=1.0, ori=0.0, pos=array([0., 0.]), rgb=array([128., 128., 128.]), text=str(...), units='pix', win=Window(...), wrapWidth=1920)
25.2711 	DATA 	Keypress: space
27.9995 	DATA 	Keypress: left
28.0449 	EXP 	Created unnamed RatingScale = RatingScale(__class__=type(...), acceptKeys=['return'], acceptPreText=UNKNOWN, acceptSize=UNKNOWN, acceptText='accept?', autoLog=True, choices=False, depth=0, disappear=False, flipVert=False, high=5, kwargs=UNKNOWN, labels=list(...), leftKeys=['left'], lineColor='White', low=1, marker=ShapeStim(...), markerColor='DarkBlue', markerExpansion=UNKNOWN, markerStart=3.0, maxTime=0.0, minTime=0.4, mouseOnly=False, name='unnamed RatingScale', noMouse=True, pos=[0.0, -0.4], precision=1, respKeys=['1', '2', '3', '4', '5'], rightKeys=['right'], scale='1=zgadywalem, 5=jestem pewny', self=UNKNOWN, showAccept=True, showValue=True, singleClick=False, size=0.48, skipKeys=['tab'], stretch=1.4, textColor='LightGray', textFont='Helvetica Bold', textSize=0.096, tickHeight=1.0, tickMarks=4.0, win=Window(...))
28.0658 	EXP 	unnamed RatingScale: flipVert = False
28.0658 	EXP 	unnamed RatingScale: autoLog = True
29.0349 	DATA 	Keypress: right
30.8033 	DATA 	Keypress: right
31.1541 	DATA 	Keypress: return
31.1542 	DATA 	RatingScale unnamed RatingScale: (key response) rating=5
31.1543 	DATA 	RatingScale unnamed RatingScale: rating RT=3.109
31.1543 	DATA 	RatingScale unnamed RatingScale: history=[(3.0, 0.0), (4, 0.99), (5, 2.759), (5, 3.109)]
36.1679 	DATA 	Keypress: left
36.1924 	EXP 	Created unnamed RatingScale = RatingScale(__class__=type(...), acceptKeys=['return'], acceptPreText=UNKNOWN, acceptSize=UNKNOWN, acceptText='accept?', autoLog=True, choices=False, depth=0, disappear=False, flipVert=False, high=5, kwargs=UNKNOWN, labels=list(...), leftKeys=['left'], lineColor='White', low=1, marker=ShapeStim(...), markerColor='DarkBlue', markerExpansion=UNKNOWN, markerStart=3.0, maxTime=0.0, minTime=0.4, mouseOnly=False, name='unnamed RatingScale', noMouse=True, pos=[0.0, -0.4], precision=1, respKeys=['1', '2', '3', '4', '5'], rightKeys=['right'], scale='1=zgadywalem, 5=jestem pewny', self=UNKNOWN, showAccept=True, showValue=True, singleClick=False, size=0.48, skipKeys=['tab'], stretch=1.4, textColor='LightGray', textFont='Helvetica Bold', textSize=0.096, tickHeight=1.0, tickMarks=4.0, win=Window(...))
36.2005 	EXP 	unnamed RatingScale: flipVert = False
36.2005 	EXP 	unnamed RatingScale: autoLog = True
37.0196 	DATA 	Keypress: right
37.1891 	DATA 	Keypress: right
37.4368 	DATA 	Keypress: return
37.4369 	DATA 	RatingScale unnamed RatingScale: (key response) rating=5
37.4369 	DATA 	RatingScale unnamed RatingScale: rating RT=1.244
37.4369 	DATA 	RatingScale unnamed RatingScale: history=[(3.0, 0.0), (4, 0.827), (5, 0.997), (5, 1.244)]
42.1179 	DATA 	Keypress: right
42.1315 	EXP 	Created unnamed RatingScale = RatingScale(__class__=type(...), acceptKeys=['return'], acceptPreText=UNKNOWN, acceptSize=UNKNOWN, acceptText='accept?', autoLog=True, choices=False, depth=0, disappear=False, flipVert=False, high=5, kwargs=UNKNOWN, labels=list(...), leftKeys=['left'], lineColor='White', low=1, marker=ShapeStim(...), markerColor='DarkBlue', markerExpansion=UNKNOWN, markerStart=3.0, maxTime=0.0, minTime=0.4, mouseOnly=False, name='unnamed RatingScale', noMouse=True, pos=[0.0, -0.4], precision=1, respKeys=['1', '2', '3', '4', '5'], rightKeys=['right'], scale='1=zgadywalem, 5=jestem pewny', self=UNKNOWN, showAccept=True, showValue=True, singleClick=False, size=0.48, skipKeys=['tab'], stretch=1.4, textColor='LightGray', textFont='Helvetica Bold', textSize=0.096, tickHeight=1.0, tickMarks=4.0, win=Window(...))
42.1512 	EXP 	unnamed RatingScale: flipVert = False
42.1512 	EXP 	unnamed RatingScale: autoLog = True
42.7864 	DATA 	Keypress: right
42.9538 	DATA 	Keypress: right
43.3069 	DATA 	Keypress: return
43.3070 	DATA 	RatingScale unnamed RatingScale: (key response) rating=5
43.3071 	DATA 	RatingScale unnamed RatingScale: rating RT=1.175
43.3071 	DATA 	RatingScale unnamed RatingScale: history=[(3.0, 0.0), (4, 0.655), (5, 0.822), (5, 1.175)]
48.9032 	DATA 	Keypress: left
48.9317 	EXP 	Created unnamed RatingScale = RatingScale(__class__=type(...), acceptKeys=['return'], acceptPreText=UNKNOWN, acceptSize=UNKNOWN, acceptText='accept?', autoLog=True, choices=False, depth=0, disappear=False, flipVert=False, high=5, kwargs=UNKNOWN, labels=list(...), leftKeys=['left'], lineColor='White', low=1, marker=ShapeStim(...), markerColor='DarkBlue', markerExpansion=UNKNOWN, markerStart=3.0, maxTime=0.0, minTime=0.4, mouseOnly=False, name='unnamed RatingScale', noMouse=True, pos=[0.0, -0.4], precision=1, respKeys=['1', '2', '3', '4', '5'], rightKeys=['right'], scale='1=zgadywalem, 5=jestem pewny', self=UNKNOWN, showAccept=True, showValue=True, singleClick=False, size=0.48, skipKeys=['tab'], stretch=1.4, textColor='LightGray', textFont='Helvetica Bold', textSize=0.096, tickHeight=1.0, tickMarks=4.0, win=Window(...))
48.9520 	EXP 	unnamed RatingScale: flipVert = False
48.9520 	EXP 	unnamed RatingScale: autoLog = True
49.3232 	DATA 	Keypress: return
50.3055 	DATA 	Keypress: return
50.3056 	DATA 	RatingScale unnamed RatingScale: (key response) rating=3
50.3056 	DATA 	RatingScale unnamed RatingScale: rating RT=1.374
50.3057 	DATA 	RatingScale unnamed RatingScale: history=[(3.0, 0.0), (3, 1.374)]
53.6527 	DATA 	Keypress: return
55.7524 	DATA 	Keypress: right
55.7680 	EXP 	Created unnamed RatingScale = RatingScale(__class__=type(...), acceptKeys=['return'], acceptPreText=UNKNOWN, acceptSize=UNKNOWN, acceptText='accept?', autoLog=True, choices=False, depth=0, disappear=False, flipVert=False, high=5, kwargs=UNKNOWN, labels=list(...), leftKeys=['left'], lineColor='White', low=1, marker=ShapeStim(...), markerColor='DarkBlue', markerExpansion=UNKNOWN, markerStart=3.0, maxTime=0.0, minTime=0.4, mouseOnly=False, name='unnamed RatingScale', noMouse=True, pos=[0.0, -0.4], precision=1, respKeys=['1', '2', '3', '4', '5'], rightKeys=['right'], scale='1=zgadywalem, 5=jestem pewny', self=UNKNOWN, showAccept=True, showValue=True, singleClick=False, size=0.48, skipKeys=['tab'], stretch=1.4, textColor='LightGray', textFont='Helvetica Bold', textSize=0.096, tickHeight=1.0, tickMarks=4.0, win=Window(...))
55.7858 	EXP 	unnamed RatingScale: flipVert = False
55.7858 	EXP 	unnamed RatingScale: autoLog = True
56.4210 	DATA 	Keypress: right
56.5881 	DATA 	Keypress: right
56.8216 	DATA 	Keypress: return
56.8217 	DATA 	RatingScale unnamed RatingScale: (key response) rating=5
56.8217 	DATA 	RatingScale unnamed RatingScale: rating RT=1.054
56.8217 	DATA 	RatingScale unnamed RatingScale: history=[(3.0, 0.0), (4, 0.653), (5, 0.82), (5, 1.054)]
62.4862 	DATA 	Keypress: right
62.5013 	EXP 	Created unnamed RatingScale = RatingScale(__class__=type(...), acceptKeys=['return'], acceptPreText=UNKNOWN, acceptSize=UNKNOWN, acceptText='accept?', autoLog=True, choices=False, depth=0, disappear=False, flipVert=False, high=5, kwargs=UNKNOWN, labels=list(...), leftKeys=['left'], lineColor='White', low=1, marker=ShapeStim(...), markerColor='DarkBlue', markerExpansion=UNKNOWN, markerStart=3.0, maxTime=0.0, minTime=0.4, mouseOnly=False, name='unnamed RatingScale', noMouse=True, pos=[0.0, -0.4], precision=1, respKeys=['1', '2', '3', '4', '5'], rightKeys=['right'], scale='1=zgadywalem, 5=jestem pewny', self=UNKNOWN, showAccept=True, showValue=True, singleClick=False, size=0.48, skipKeys=['tab'], stretch=1.4, textColor='LightGray', textFont='Helvetica Bold', textSize=0.096, tickHeight=1.0, tickMarks=4.0, win=Window(...))
62.5192 	EXP 	unnamed RatingScale: flipVert = False
62.5192 	EXP 	unnamed RatingScale: autoLog = True
63.4547 	DATA 	Keypress: left
64.0554 	DATA 	Keypress: left
64.3885 	DATA 	Keypress: return
64.3886 	DATA 	RatingScale unnamed RatingScale: (key response) rating=1
64.3886 	DATA 	RatingScale unnamed RatingScale: rating RT=1.887
64.3886 	DATA 	RatingScale unnamed RatingScale: history=[(3.0, 0.0), (2, 0.954), (1, 1.554), (1, 1.887)]
66.0696 	DATA 	Keypress: return
68.1029 	DATA 	Keypress: right
68.1175 	EXP 	Created unnamed RatingScale = RatingScale(__class__=type(...), acceptKeys=['return'], acceptPreText=UNKNOWN, acceptSize=UNKNOWN, acceptText='accept?', autoLog=True, choices=False, depth=0, disappear=False, flipVert=False, high=5, kwargs=UNKNOWN, labels=list(...), leftKeys=['left'], lineColor='White', low=1, marker=ShapeStim(...), markerColor='DarkBlue', markerExpansion=UNKNOWN, markerStart=3.0, maxTime=0.0, minTime=0.4, mouseOnly=False, name='unnamed RatingScale', noMouse=True, pos=[0.0, -0.4], precision=1, respKeys=['1', '2', '3', '4', '5'], rightKeys=['right'], scale='1=zgadywalem, 5=jestem pewny', self=UNKNOWN, showAccept=True, showValue=True, singleClick=False, size=0.48, skipKeys=['tab'], stretch=1.4, textColor='LightGray', textFont='Helvetica Bold', textSize=0.096, tickHeight=1.0, tickMarks=4.0, win=Window(...))
68.1362 	EXP 	unnamed RatingScale: flipVert = False
68.1362 	EXP 	unnamed RatingScale: autoLog = True
68.4732 	DATA 	Keypress: return
68.8885 	DATA 	Keypress: right
69.0951 	DATA 	Keypress: right
69.3266 	DATA 	Keypress: return
69.3267 	DATA 	RatingScale unnamed RatingScale: (key response) rating=5
69.3267 	DATA 	RatingScale unnamed RatingScale: rating RT=1.209
69.3268 	DATA 	RatingScale unnamed RatingScale: history=[(3.0, 0.0), (4, 0.771), (5, 0.978), (5, 1.209)]
73.4198 	DATA 	Keypress: left
73.4349 	EXP 	Created unnamed RatingScale = RatingScale(__class__=type(...), acceptKeys=['return'], acceptPreText=UNKNOWN, acceptSize=UNKNOWN, acceptText='accept?', autoLog=True, choices=False, depth=0, disappear=False, flipVert=False, high=5, kwargs=UNKNOWN, labels=list(...), leftKeys=['left'], lineColor='White', low=1, marker=ShapeStim(...), markerColor='DarkBlue', markerExpansion=UNKNOWN, markerStart=3.0, maxTime=0.0, minTime=0.4, mouseOnly=False, name='unnamed RatingScale', noMouse=True, pos=[0.0, -0.4], precision=1, respKeys=['1', '2', '3', '4', '5'], rightKeys=['right'], scale='1=zgadywalem, 5=jestem pewny', self=UNKNOWN, showAccept=True, showValue=True, singleClick=False, size=0.48, skipKeys=['tab'], stretch=1.4, textColor='LightGray', textFont='Helvetica Bold', textSize=0.096, tickHeight=1.0, tickMarks=4.0, win=Window(...))
73.4530 	EXP 	unnamed RatingScale: flipVert = False
73.4530 	EXP 	unnamed RatingScale: autoLog = True
73.7884 	DATA 	Keypress: return
74.1218 	DATA 	Keypress: right
74.3056 	DATA 	Keypress: right
74.5410 	DATA 	Keypress: return
74.5411 	DATA 	RatingScale unnamed RatingScale: (key response) rating=5
74.5411 	DATA 	RatingScale unnamed RatingScale: rating RT=1.106
74.5411 	DATA 	RatingScale unnamed RatingScale: history=[(3.0, 0.0), (4, 0.687), (5, 0.871), (5, 1.106)]
79.0534 	DATA 	Keypress: left
79.0689 	EXP 	Created unnamed RatingScale = RatingScale(__class__=type(...), acceptKeys=['return'], acceptPreText=UNKNOWN, acceptSize=UNKNOWN, acceptText='accept?', autoLog=True, choices=False, depth=0, disappear=False, flipVert=False, high=5, kwargs=UNKNOWN, labels=list(...), leftKeys=['left'], lineColor='White', low=1, marker=ShapeStim(...), markerColor='DarkBlue', markerExpansion=UNKNOWN, markerStart=3.0, maxTime=0.0, minTime=0.4, mouseOnly=False, name='unnamed RatingScale', noMouse=True, pos=[0.0, -0.4], precision=1, respKeys=['1', '2', '3', '4', '5'], rightKeys=['right'], scale='1=zgadywalem, 5=jestem pewny', self=UNKNOWN, showAccept=True, showValue=True, singleClick=False, size=0.48, skipKeys=['tab'], stretch=1.4, textColor='LightGray', textFont='Helvetica Bold', textSize=0.096, tickHeight=1.0, tickMarks=4.0, win=Window(...))
79.0907 	EXP 	unnamed RatingScale: flipVert = False
79.0907 	EXP 	unnamed RatingScale: autoLog = True
79.9886 	DATA 	Keypress: right
80.1559 	DATA 	Keypress: right
80.4393 	DATA 	Keypress: return
80.4394 	DATA 	RatingScale unnamed RatingScale: (key response) rating=5
80.4394 	DATA 	RatingScale unnamed RatingScale: rating RT=1.370
80.4394 	DATA 	RatingScale unnamed RatingScale: history=[(3.0, 0.0), (4, 0.92), (5, 1.087), (5, 1.37)]
82.3486 	EXP 	Created unnamed TextStim = TextStim(__class__=<class 'psychopy.visual.text.TextStim'>, alignHoriz=method-wrapper(...), alignText='center', alignVert=method-wrapper(...), anchorHoriz='center', anchorVert='center', antialias=True, autoLog=True, bold=False, color='grey', colorSpace='named', contrast=1.0, depth=0, flipHoriz=False, flipVert=False, font='', fontFiles=[], height=20, italic=False, languageStyle='LTR', name='unnamed TextStim', opacity=1.0, ori=0.0, pos=array([0., 0.]), rgb=array([128., 128., 128.]), text=str(...), units='pix', win=Window(...), wrapWidth=1920)
82.4232 	DATA 	Keypress: return
86.0203 	DATA 	Keypress: f7
86.0204 	CRITICAL 	Experiment finished by user! f7 pressed.
86.0325 	EXP 	window1: mouseVisible = True
